Sending build context to Docker daemon  30.45MB
Step 1/14 : FROM nciccbr/ccbr_ubuntu_base_20.04:v2.0
 ---> 6e1428b3958a
Step 2/14 : ENV TAG="v1.0"
 ---> Using cache
 ---> fca334e0deed
Step 3/14 : WORKDIR /opt2
 ---> Using cache
 ---> 2eedaac8ca48
Step 4/14 : RUN wget https://storage.googleapis.com/gatk-software/package-archive/gatk/GenomeAnalysisTK-3.8-1-0-gf15c1c3ef.tar.bz2 && 	tar xjvf GenomeAnalysisTK-3.8-1-0-gf15c1c3ef.tar.bz2 && 	rm -f GenomeAnalysisTK-3.8-1-0-gf15c1c3ef.tar.bz2
 ---> Using cache
 ---> 762d009ef123
Step 5/14 : ENV GATK_JAR="/opt2/GenomeAnalysisTK-3.8-1-0-gf15c1c3ef/GenomeAnalysisTK.jar"
 ---> Using cache
 ---> 14f443ad07de
Step 6/14 : RUN git clone https://github.com/nygenome/Conpair.git && 	cd Conpair && 	git checkout v0.2
 ---> Using cache
 ---> 0978bcbadd3c
Step 7/14 : ENV CONPAIR_DIR="/opt2/Conpair"
 ---> Using cache
 ---> 497c1b3ec6ca
Step 8/14 : ENV PATH="$PATH:$CONPAIR_DIR/scripts"
 ---> Using cache
 ---> 7dfbbddc9166
Step 9/14 : ENV PYTHONPATH="$PYTHONPATH:$CONPAIR_DIR/modules/"
 ---> Using cache
 ---> aa85ff714281
Step 10/14 : RUN pip install numpy==1.7
 ---> Running in 03946392d361
Collecting numpy==1.7
  Downloading numpy-1.7.0.zip (3.1 MB)
     â”â”â”â”â”â”â”â”â”â”â”â”â”â”â”â”â”â”â”â”â”â”â”â”â”â”â”â”â”â”â”â”â”â”â”â”â”â”â”â” 3.1/3.1 MB 31.3 MB/s eta 0:00:00
  Preparing metadata (setup.py): started
  Preparing metadata (setup.py): still running...
  Preparing metadata (setup.py): finished with status 'done'
Building wheels for collected packages: numpy
  Building wheel for numpy (setup.py): started
  Building wheel for numpy (setup.py): still running...
  Building wheel for numpy (setup.py): finished with status 'error'
[91m  error: subprocess-exited-with-error
  
  Ã— python setup.py bdist_wheel did not run successfully.
  â”‚ exit code: 1
  â•°â”€> [1291 lines of output]
      Converting to Python3 via 2to3...
      Running from numpy source directory.
      Warning: 'classifiers' should be a list, got type 'filter'
      non-existing path in 'numpy/distutils': 'site.cfg'
      /bin/sh: 1: svnversion: not found
      F2PY Version 2
      blas_opt_info:
      blas_mkl_info:
        libraries mkl,vml,guide not found in ['/usr/local/lib', '/usr/lib64', '/usr/lib', '/usr/lib/x86_64-linux-gnu']
        NOT AVAILABLE
      
      atlas_blas_threads_info:
      Setting PTATLAS=ATLAS
        libraries ptf77blas,ptcblas,atlas not found in ['/usr/local/lib', '/usr/lib64', '/usr/lib', '/usr/lib/x86_64-linux-gnu/atlas', '/usr/lib/x86_64-linux-gnu']
        NOT AVAILABLE
      
      atlas_blas_info:
      customize Gnu95FCompiler
      Found executable /usr/bin/gfortran
      customize Gnu95FCompiler
      customize Gnu95FCompiler using config
      compiling '_configtest.c':
      
      /* This file is generated from numpy/distutils/system_info.py */
      void ATL_buildinfo(void);
      int main(void) {
        ATL_buildinfo();
        return 0;
      }
      
      C compiler: x86_64-linux-gnu-gcc -pthread -Wno-unused-result -Wsign-compare -DNDEBUG -g -fwrapv -O2 -Wall -g -fstack-protector-strong -Wformat -Werror=format-security -g -fwrapv -O2 -g -fstack-protector-strong -Wformat -Werror=format-security -Wdate-time -D_FORTIFY_SOURCE=2 -fPIC
      
      compile options: '-c'
      x86_64-linux-gnu-gcc: _configtest.c
        FOUND:
          language = c
          libraries = ['f77blas', 'cblas', 'atlas']
          library_dirs = ['/usr/lib/x86_64-linux-gnu']
          define_macros = [('NO_ATLAS_INFO', -1)]
      
        FOUND:
          language = c
          libraries = ['f77blas', 'cblas', 'atlas']
          library_dirs = ['/usr/lib/x86_64-linux-gnu']
          define_macros = [('NO_ATLAS_INFO', -1)]
      
      /bin/sh: 1: svnversion: not found
      non-existing path in 'numpy/lib': 'benchmarks'
      lapack_opt_info:
      lapack_mkl_info:
      mkl_info:
        libraries mkl,vml,guide not found in ['/usr/local/lib', '/usr/lib64', '/usr/lib', '/usr/lib/x86_64-linux-gnu']
        NOT AVAILABLE
      
        NOT AVAILABLE
      
      atlas_threads_info:
      Setting PTATLAS=ATLAS
        libraries ptf77blas,ptcblas,atlas not found in /usr/local/lib
        libraries lapack_atlas not found in /usr/local/lib
        libraries ptf77blas,ptcblas,atlas not found in /usr/lib64
        libraries lapack_atlas not found in /usr/lib64
        libraries ptf77blas,ptcblas,atlas not found in /usr/lib
        libraries lapack_atlas not found in /usr/lib
        libraries ptf77blas,ptcblas,atlas not found in /usr/lib/x86_64-linux-gnu/atlas
        libraries lapack_atlas not found in /usr/lib/x86_64-linux-gnu/atlas
        libraries ptf77blas,ptcblas,atlas not found in /usr/lib/x86_64-linux-gnu
      <class 'numpy.distutils.system_info.atlas_threads_info'>
        NOT AVAILABLE
      
      atlas_info:
        libraries f77blas,cblas,atlas not found in /usr/local/lib
        libraries lapack_atlas not found in /usr/local/lib
        libraries f77blas,cblas,atlas not found in /usr/lib64
        libraries lapack_atlas not found in /usr/lib64
        libraries f77blas,cblas,atlas not found in /usr/lib
        libraries lapack_atlas not found in /usr/lib
        libraries f77blas,cblas,atlas not found in /usr/lib/x86_64-linux-gnu/atlas
        libraries lapack_atlas not found in /usr/lib/x86_64-linux-gnu/atlas
      <class 'numpy.distutils.system_info.atlas_info'>
      customize Gnu95FCompiler
      customize Gnu95FCompiler
      customize Gnu95FCompiler using config
      compiling '_configtest.c':
      
      /* This file is generated from numpy/distutils/system_info.py */
      void ATL_buildinfo(void);
      int main(void) {
        ATL_buildinfo();
        return 0;
      }
      
      C compiler: x86_64-linux-gnu-gcc -pthread -Wno-unused-result -Wsign-compare -DNDEBUG -g -fwrapv -O2 -Wall -g -fstack-protector-strong -Wformat -Werror=format-security -g -fwrapv -O2 -g -fstack-protector-strong -Wformat -Werror=format-security -Wdate-time -D_FORTIFY_SOURCE=2 -fPIC
      
      compile options: '-c'
      x86_64-linux-gnu-gcc: _configtest.c
        FOUND:
          language = f77
          libraries = ['lapack', 'f77blas', 'cblas', 'atlas']
          library_dirs = ['/usr/lib/x86_64-linux-gnu']
          define_macros = [('NO_ATLAS_INFO', -1)]
      
        FOUND:
          language = f77
          libraries = ['lapack', 'f77blas', 'cblas', 'atlas']
          library_dirs = ['/usr/lib/x86_64-linux-gnu']
          define_macros = [('NO_ATLAS_INFO', -1)]
      
      Warning: 'classifiers' should be a list, got type 'filter'
      running bdist_wheel
      running build
      running config_cc
      unifing config_cc, config, build_clib, build_ext, build commands --compiler options
      running config_fc
      unifing config_fc, config, build_clib, build_ext, build commands --fcompiler options
      running build_src
      build_src
      building py_modules sources
      building library "npymath" sources
      customize Gnu95FCompiler
      customize Gnu95FCompiler
      customize Gnu95FCompiler using config
      C compiler: x86_64-linux-gnu-gcc -pthread -Wno-unused-result -Wsign-compare -DNDEBUG -g -fwrapv -O2 -Wall -g -fstack-protector-strong -Wformat -Werror=format-security -g -fwrapv -O2 -g -fstack-protector-strong -Wformat -Werror=format-security -Wdate-time -D_FORTIFY_SOURCE=2 -fPIC
      
      compile options: '-Inumpy/core/src/private -Inumpy/core/src -Inumpy/core -Inumpy/core/src/npymath -Inumpy/core/src/multiarray -Inumpy/core/src/umath -Inumpy/core/src/npysort -Inumpy/core/include -I/usr/include/python3.8 -c'
      x86_64-linux-gnu-gcc: _configtest.c
      x86_64-linux-gnu-gcc -pthread _configtest.o -o _configtest
      success!
      removing: _configtest.c _configtest.o _configtest
      C compiler: x86_64-linux-gnu-gcc -pthread -Wno-unused-result -Wsign-compare -DNDEBUG -g -fwrapv -O2 -Wall -g -fstack-protector-strong -Wformat -Werror=format-security -g -fwrapv -O2 -g -fstack-protector-strong -Wformat -Werror=format-security -Wdate-time -D_FORTIFY_SOURCE=2 -fPIC
      
      compile options: '-Inumpy/core/src/private -Inumpy/core/src -Inumpy/core -Inumpy/core/src/npymath -Inumpy/core/src/multiarray -Inumpy/core/src/umath -Inumpy/core/src/npysort -Inumpy/core/include -I/usr/include/python3.8 -c'
      x86_64-linux-gnu-gcc: _configtest.c
      _configtest.c:1:5: warning: conflicting types for built-in function â€˜expâ€™; expected â€˜double(double)â€™ [-Wbuiltin-declaration-mismatch]
          1 | int exp (void);
            |     ^~~
      _configtest.c:1:1: note: â€˜expâ€™ is declared in header â€˜<math.h>â€™
        +++ |+#include <math.h>
          1 | int exp (void);
      x86_64-linux-gnu-gcc -pthread _configtest.o -o _configtest
      /usr/bin/ld: _configtest.o: in function `main':
      /tmp/pip-install-r2xdbmc7/numpy_109c2869feca4ca29a790bb73efda365/build/py3k/_configtest.c:6: undefined reference to `exp'
      collect2: error: ld returned 1 exit status
      /usr/bin/ld: _configtest.o: in function `main':
      /tmp/pip-install-r2xdbmc7/numpy_109c2869feca4ca29a790bb73efda365/build/py3k/_configtest.c:6: undefined reference to `exp'
      collect2: error: ld returned 1 exit status
      failure.
      removing: _configtest.c _configtest.o
      C compiler: x86_64-linux-gnu-gcc -pthread -Wno-unused-result -Wsign-compare -DNDEBUG -g -fwrapv -O2 -Wall -g -fstack-protector-strong -Wformat -Werror=format-security -g -fwrapv -O2 -g -fstack-protector-strong -Wformat -Werror=format-security -Wdate-time -D_FORTIFY_SOURCE=2 -fPIC
      
      compile options: '-Inumpy/core/src/private -Inumpy/core/src -Inumpy/core -Inumpy/core/src/npymath -Inumpy/core/src/multiarray -Inumpy/core/src/umath -Inumpy/core/src/npysort -Inumpy/core/include -I/usr/include/python3.8 -c'
      x86_64-linux-gnu-gcc: _configtest.c
      _configtest.c:1:5: warning: conflicting types for built-in function â€˜expâ€™; expected â€˜double(double)â€™ [-Wbuiltin-declaration-mismatch]
          1 | int exp (void);
            |     ^~~
      _configtest.c:1:1: note: â€˜expâ€™ is declared in header â€˜<math.h>â€™
        +++ |+#include <math.h>
          1 | int exp (void);
      x86_64-linux-gnu-gcc -pthread _configtest.o -lm -o _configtest
      success!
      removing: _configtest.c _configtest.o _configtest
      building library "npysort" sources
      building extension "numpy.core._dummy" sources
        adding 'build/src.linux-x86_64-3.8/numpy/core/include/numpy/config.h' to sources.
        adding 'build/src.linux-x86_64-3.8/numpy/core/include/numpy/_numpyconfig.h' to sources.
      executing numpy/core/code_generators/generate_numpy_api.py
        adding 'build/src.linux-x86_64-3.8/numpy/core/include/numpy/__multiarray_api.h' to sources.
      numpy.core - nothing done with h_files = ['build/src.linux-x86_64-3.8/numpy/core/include/numpy/config.h', 'build/src.linux-x86_64-3.8/numpy/core/include/numpy/_numpyconfig.h', 'build/src.linux-x86_64-3.8/numpy/core/include/numpy/__multiarray_api.h']
      building extension "numpy.core.multiarray" sources
        adding 'build/src.linux-x86_64-3.8/numpy/core/include/numpy/config.h' to sources.
        adding 'build/src.linux-x86_64-3.8/numpy/core/include/numpy/_numpyconfig.h' to sources.
      executing numpy/core/code_generators/generate_numpy_api.py
        adding 'build/src.linux-x86_64-3.8/numpy/core/include/numpy/__multiarray_api.h' to sources.
      numpy.core - nothing done with h_files = ['build/src.linux-x86_64-3.8/numpy/core/include/numpy/config.h', 'build/src.linux-x86_64-3.8/numpy/core/include/numpy/_numpyconfig.h', 'build/src.linux-x86_64-3.8/numpy/core/include/numpy/__multiarray_api.h']
      building extension "numpy.core.umath" sources
        adding 'build/src.linux-x86_64-3.8/numpy/core/include/numpy/config.h' to sources.
        adding 'build/src.linux-x86_64-3.8/numpy/core/include/numpy/_numpyconfig.h' to sources.
      executing numpy/core/code_generators/generate_ufunc_api.py
        adding 'build/src.linux-x86_64-3.8/numpy/core/include/numpy/__ufunc_api.h' to sources.
        adding 'build/src.linux-x86_64-3.8/numpy/core/src/umath' to include_dirs.
      numpy.core - nothing done with h_files = ['build/src.linux-x86_64-3.8/numpy/core/src/umath/funcs.inc', 'build/src.linux-x86_64-3.8/numpy/core/include/numpy/config.h', 'build/src.linux-x86_64-3.8/numpy/core/include/numpy/_numpyconfig.h', 'build/src.linux-x86_64-3.8/numpy/core/include/numpy/__ufunc_api.h']
      building extension "numpy.core.scalarmath" sources
        adding 'build/src.linux-x86_64-3.8/numpy/core/include/numpy/config.h' to sources.
        adding 'build/src.linux-x86_64-3.8/numpy/core/include/numpy/_numpyconfig.h' to sources.
      executing numpy/core/code_generators/generate_numpy_api.py
        adding 'build/src.linux-x86_64-3.8/numpy/core/include/numpy/__multiarray_api.h' to sources.
      executing numpy/core/code_generators/generate_ufunc_api.py
        adding 'build/src.linux-x86_64-3.8/numpy/core/include/numpy/__ufunc_api.h' to sources.
      numpy.core - nothing done with h_files = ['build/src.linux-x86_64-3.8/numpy/core/include/numpy/config.h', 'build/src.linux-x86_64-3.8/numpy/core/include/numpy/_numpyconfig.h', 'build/src.linux-x86_64-3.8/numpy/core/include/numpy/__multiarray_api.h', 'build/src.linux-x86_64-3.8/numpy/core/include/numpy/__ufunc_api.h']
      building extension "numpy.core._dotblas" sources
        adding 'numpy/core/blasdot/_dotblas.c' to sources.
      building extension "numpy.core.umath_tests" sources
      building extension "numpy.core.multiarray_tests" sources
      building extension "numpy.lib._compiled_base" sources
      building extension "numpy.numarray._capi" sources
      building extension "numpy.fft.fftpack_lite" sources
      building extension "numpy.linalg.lapack_lite" sources
        adding 'numpy/linalg/lapack_litemodule.c' to sources.
        adding 'numpy/linalg/python_xerbla.c' to sources.
      building extension "numpy.random.mtrand" sources
      C compiler: x86_64-linux-gnu-gcc -pthread -Wno-unused-result -Wsign-compare -DNDEBUG -g -fwrapv -O2 -Wall -g -fstack-protector-strong -Wformat -Werror=format-security -g -fwrapv -O2 -g -fstack-protector-strong -Wformat -Werror=format-security -Wdate-time -D_FORTIFY_SOURCE=2 -fPIC
      
      compile options: '-Inumpy/core/src/private -Inumpy/core/src -Inumpy/core -Inumpy/core/src/npymath -Inumpy/core/src/multiarray -Inumpy/core/src/umath -Inumpy/core/src/npysort -Inumpy/core/include -I/usr/include/python3.8 -c'
      x86_64-linux-gnu-gcc: _configtest.c
      x86_64-linux-gnu-gcc -pthread _configtest.o -o _configtest
      _configtest
      failure.
      removing: _configtest.c _configtest.o _configtest
      building data_files sources
      build_src: building npy-pkg config files
      running build_py
      creating build/lib.linux-x86_64-3.8
      creating build/lib.linux-x86_64-3.8/numpy
      copying numpy/version.py -> build/lib.linux-x86_64-3.8/numpy
      copying numpy/_import_tools.py -> build/lib.linux-x86_64-3.8/numpy
      copying numpy/ctypeslib.py -> build/lib.linux-x86_64-3.8/numpy
      copying numpy/__init__.py -> build/lib.linux-x86_64-3.8/numpy
      copying numpy/setup.py -> build/lib.linux-x86_64-3.8/numpy
      copying numpy/matlib.py -> build/lib.linux-x86_64-3.8/numpy
      copying numpy/dual.py -> build/lib.linux-x86_64-3.8/numpy
      copying numpy/add_newdocs.py -> build/lib.linux-x86_64-3.8/numpy
      copying numpy/setupscons.py -> build/lib.linux-x86_64-3.8/numpy
      copying build/src.linux-x86_64-3.8/numpy/__config__.py -> build/lib.linux-x86_64-3.8/numpy
      creating build/lib.linux-x86_64-3.8/numpy/distutils
      copying numpy/distutils/__version__.py -> build/lib.linux-x86_64-3.8/numpy/distutils
      copying numpy/distutils/conv_template.py -> build/lib.linux-x86_64-3.8/numpy/distutils
      copying numpy/distutils/npy_pkg_config.py -> build/lib.linux-x86_64-3.8/numpy/distutils
      copying numpy/distutils/unixccompiler.py -> build/lib.linux-x86_64-3.8/numpy/distutils
      copying numpy/distutils/core.py -> build/lib.linux-x86_64-3.8/numpy/distutils
      copying numpy/distutils/cpuinfo.py -> build/lib.linux-x86_64-3.8/numpy/distutils
      copying numpy/distutils/log.py -> build/lib.linux-x86_64-3.8/numpy/distutils
      copying numpy/distutils/misc_util.py -> build/lib.linux-x86_64-3.8/numpy/distutils
      copying numpy/distutils/numpy_distribution.py -> build/lib.linux-x86_64-3.8/numpy/distutils
      copying numpy/distutils/mingw32ccompiler.py -> build/lib.linux-x86_64-3.8/numpy/distutils
      copying numpy/distutils/info.py -> build/lib.linux-x86_64-3.8/numpy/distutils
      copying numpy/distutils/__init__.py -> build/lib.linux-x86_64-3.8/numpy/distutils
      copying numpy/distutils/compat.py -> build/lib.linux-x86_64-3.8/numpy/distutils
      copying numpy/distutils/interactive.py -> build/lib.linux-x86_64-3.8/numpy/distutils
      copying numpy/distutils/exec_command.py -> build/lib.linux-x86_64-3.8/numpy/distutils
      copying numpy/distutils/pathccompiler.py -> build/lib.linux-x86_64-3.8/numpy/distutils
      copying numpy/distutils/extension.py -> build/lib.linux-x86_64-3.8/numpy/distutils
      copying numpy/distutils/from_template.py -> build/lib.linux-x86_64-3.8/numpy/distutils
      copying numpy/distutils/setup.py -> build/lib.linux-x86_64-3.8/numpy/distutils
      copying numpy/distutils/intelccompiler.py -> build/lib.linux-x86_64-3.8/numpy/distutils
      copying numpy/distutils/ccompiler.py -> build/lib.linux-x86_64-3.8/numpy/distutils
      copying numpy/distutils/system_info.py -> build/lib.linux-x86_64-3.8/numpy/distutils
      copying numpy/distutils/line_endings.py -> build/lib.linux-x86_64-3.8/numpy/distutils
      copying numpy/distutils/lib2def.py -> build/lib.linux-x86_64-3.8/numpy/distutils
      copying numpy/distutils/environment.py -> build/lib.linux-x86_64-3.8/numpy/distutils
      copying numpy/distutils/setupscons.py -> build/lib.linux-x86_64-3.8/numpy/distutils
      copying build/src.linux-x86_64-3.8/numpy/distutils/__config__.py -> build/lib.linux-x86_64-3.8/numpy/distutils
      creating build/lib.linux-x86_64-3.8/numpy/distutils/command
      copying numpy/distutils/command/build_ext.py -> build/lib.linux-x86_64-3.8/numpy/distutils/command
      copying numpy/distutils/command/build_clib.py -> build/lib.linux-x86_64-3.8/numpy/distutils/command
      copying numpy/distutils/command/install.py -> build/lib.linux-x86_64-3.8/numpy/distutils/command
      copying numpy/distutils/command/config_compiler.py -> build/lib.linux-x86_64-3.8/numpy/distutils/command
      copying numpy/distutils/command/autodist.py -> build/lib.linux-x86_64-3.8/numpy/distutils/command
      copying numpy/distutils/command/__init__.py -> build/lib.linux-x86_64-3.8/numpy/distutils/command
      copying numpy/distutils/command/build_scripts.py -> build/lib.linux-x86_64-3.8/numpy/distutils/command
      copying numpy/distutils/command/install_data.py -> build/lib.linux-x86_64-3.8/numpy/distutils/command
      copying numpy/distutils/command/egg_info.py -> build/lib.linux-x86_64-3.8/numpy/distutils/command
      copying numpy/distutils/command/sdist.py -> build/lib.linux-x86_64-3.8/numpy/distutils/command
      copying numpy/distutils/command/build_src.py -> build/lib.linux-x86_64-3.8/numpy/distutils/command
      copying numpy/distutils/command/install_headers.py -> build/lib.linux-x86_64-3.8/numpy/distutils/command
      copying numpy/distutils/command/config.py -> build/lib.linux-x86_64-3.8/numpy/distutils/command
      copying numpy/distutils/command/install_clib.py -> build/lib.linux-x86_64-3.8/numpy/distutils/command
      copying numpy/distutils/command/bdist_rpm.py -> build/lib.linux-x86_64-3.8/numpy/distutils/command
      copying numpy/distutils/command/develop.py -> build/lib.linux-x86_64-3.8/numpy/distutils/command
      copying numpy/distutils/command/build.py -> build/lib.linux-x86_64-3.8/numpy/distutils/command
      copying numpy/distutils/command/scons.py -> build/lib.linux-x86_64-3.8/numpy/distutils/command
      copying numpy/distutils/command/build_py.py -> build/lib.linux-x86_64-3.8/numpy/distutils/command
      creating build/lib.linux-x86_64-3.8/numpy/distutils/fcompiler
      copying numpy/distutils/fcompiler/vast.py -> build/lib.linux-x86_64-3.8/numpy/distutils/fcompiler
      copying numpy/distutils/fcompiler/lahey.py -> build/lib.linux-x86_64-3.8/numpy/distutils/fcompiler
      copying numpy/distutils/fcompiler/intel.py -> build/lib.linux-x86_64-3.8/numpy/distutils/fcompiler
      copying numpy/distutils/fcompiler/pathf95.py -> build/lib.linux-x86_64-3.8/numpy/distutils/fcompiler
      copying numpy/distutils/fcompiler/absoft.py -> build/lib.linux-x86_64-3.8/numpy/distutils/fcompiler
      copying numpy/distutils/fcompiler/hpux.py -> build/lib.linux-x86_64-3.8/numpy/distutils/fcompiler
      copying numpy/distutils/fcompiler/compaq.py -> build/lib.linux-x86_64-3.8/numpy/distutils/fcompiler
      copying numpy/distutils/fcompiler/__init__.py -> build/lib.linux-x86_64-3.8/numpy/distutils/fcompiler
      copying numpy/distutils/fcompiler/none.py -> build/lib.linux-x86_64-3.8/numpy/distutils/fcompiler
      copying numpy/distutils/fcompiler/nag.py -> build/lib.linux-x86_64-3.8/numpy/distutils/fcompiler
      copying numpy/distutils/fcompiler/gnu.py -> build/lib.linux-x86_64-3.8/numpy/distutils/fcompiler
      copying numpy/distutils/fcompiler/g95.py -> build/lib.linux-x86_64-3.8/numpy/distutils/fcompiler
      copying numpy/distutils/fcompiler/sun.py -> build/lib.linux-x86_64-3.8/numpy/distutils/fcompiler
      copying numpy/distutils/fcompiler/pg.py -> build/lib.linux-x86_64-3.8/numpy/distutils/fcompiler
      copying numpy/distutils/fcompiler/mips.py -> build/lib.linux-x86_64-3.8/numpy/distutils/fcompiler
      copying numpy/distutils/fcompiler/ibm.py -> build/lib.linux-x86_64-3.8/numpy/distutils/fcompiler
      creating build/lib.linux-x86_64-3.8/numpy/testing
      copying numpy/testing/utils.py -> build/lib.linux-x86_64-3.8/numpy/testing
      copying numpy/testing/nosetester.py -> build/lib.linux-x86_64-3.8/numpy/testing
      copying numpy/testing/noseclasses.py -> build/lib.linux-x86_64-3.8/numpy/testing
      copying numpy/testing/print_coercion_tables.py -> build/lib.linux-x86_64-3.8/numpy/testing
      copying numpy/testing/__init__.py -> build/lib.linux-x86_64-3.8/numpy/testing
      copying numpy/testing/setup.py -> build/lib.linux-x86_64-3.8/numpy/testing
      copying numpy/testing/numpytest.py -> build/lib.linux-x86_64-3.8/numpy/testing
      copying numpy/testing/decorators.py -> build/lib.linux-x86_64-3.8/numpy/testing
      copying numpy/testing/setupscons.py -> build/lib.linux-x86_64-3.8/numpy/testing
      copying numpy/testing/nulltester.py -> build/lib.linux-x86_64-3.8/numpy/testing
      creating build/lib.linux-x86_64-3.8/numpy/f2py
      copying numpy/f2py/__version__.py -> build/lib.linux-x86_64-3.8/numpy/f2py
      copying numpy/f2py/func2subr.py -> build/lib.linux-x86_64-3.8/numpy/f2py
      copying numpy/f2py/info.py -> build/lib.linux-x86_64-3.8/numpy/f2py
      copying numpy/f2py/__init__.py -> build/lib.linux-x86_64-3.8/numpy/f2py
      copying numpy/f2py/crackfortran.py -> build/lib.linux-x86_64-3.8/numpy/f2py
      copying numpy/f2py/capi_maps.py -> build/lib.linux-x86_64-3.8/numpy/f2py
      copying numpy/f2py/rules.py -> build/lib.linux-x86_64-3.8/numpy/f2py
      copying numpy/f2py/setup.py -> build/lib.linux-x86_64-3.8/numpy/f2py
      copying numpy/f2py/f2py2e.py -> build/lib.linux-x86_64-3.8/numpy/f2py
      copying numpy/f2py/f90mod_rules.py -> build/lib.linux-x86_64-3.8/numpy/f2py
      copying numpy/f2py/f2py_testing.py -> build/lib.linux-x86_64-3.8/numpy/f2py
      copying numpy/f2py/cb_rules.py -> build/lib.linux-x86_64-3.8/numpy/f2py
      copying numpy/f2py/cfuncs.py -> build/lib.linux-x86_64-3.8/numpy/f2py
      copying numpy/f2py/diagnose.py -> build/lib.linux-x86_64-3.8/numpy/f2py
      copying numpy/f2py/setupscons.py -> build/lib.linux-x86_64-3.8/numpy/f2py
      copying numpy/f2py/auxfuncs.py -> build/lib.linux-x86_64-3.8/numpy/f2py
      copying numpy/f2py/common_rules.py -> build/lib.linux-x86_64-3.8/numpy/f2py
      copying numpy/f2py/use_rules.py -> build/lib.linux-x86_64-3.8/numpy/f2py
      creating build/lib.linux-x86_64-3.8/numpy/core
      copying numpy/core/records.py -> build/lib.linux-x86_64-3.8/numpy/core
      copying numpy/core/defchararray.py -> build/lib.linux-x86_64-3.8/numpy/core
      copying numpy/core/setup_common.py -> build/lib.linux-x86_64-3.8/numpy/core
      copying numpy/core/scons_support.py -> build/lib.linux-x86_64-3.8/numpy/core
      copying numpy/core/machar.py -> build/lib.linux-x86_64-3.8/numpy/core
      copying numpy/core/shape_base.py -> build/lib.linux-x86_64-3.8/numpy/core
      copying numpy/core/numerictypes.py -> build/lib.linux-x86_64-3.8/numpy/core
      copying numpy/core/fromnumeric.py -> build/lib.linux-x86_64-3.8/numpy/core
      copying numpy/core/info.py -> build/lib.linux-x86_64-3.8/numpy/core
      copying numpy/core/function_base.py -> build/lib.linux-x86_64-3.8/numpy/core
      copying numpy/core/__init__.py -> build/lib.linux-x86_64-3.8/numpy/core
      copying numpy/core/memmap.py -> build/lib.linux-x86_64-3.8/numpy/core
      copying numpy/core/setup.py -> build/lib.linux-x86_64-3.8/numpy/core
      copying numpy/core/arrayprint.py -> build/lib.linux-x86_64-3.8/numpy/core
      copying numpy/core/_internal.py -> build/lib.linux-x86_64-3.8/numpy/core
      copying numpy/core/_methods.py -> build/lib.linux-x86_64-3.8/numpy/core
      copying numpy/core/numeric.py -> build/lib.linux-x86_64-3.8/numpy/core
      copying numpy/core/getlimits.py -> build/lib.linux-x86_64-3.8/numpy/core
      copying numpy/core/setupscons.py -> build/lib.linux-x86_64-3.8/numpy/core
      copying numpy/core/code_generators/generate_numpy_api.py -> build/lib.linux-x86_64-3.8/numpy/core
      creating build/lib.linux-x86_64-3.8/numpy/lib
      copying numpy/lib/utils.py -> build/lib.linux-x86_64-3.8/numpy/lib
      copying numpy/lib/npyio.py -> build/lib.linux-x86_64-3.8/numpy/lib
      copying numpy/lib/polynomial.py -> build/lib.linux-x86_64-3.8/numpy/lib
      copying numpy/lib/twodim_base.py -> build/lib.linux-x86_64-3.8/numpy/lib
      copying numpy/lib/ufunclike.py -> build/lib.linux-x86_64-3.8/numpy/lib
      copying numpy/lib/type_check.py -> build/lib.linux-x86_64-3.8/numpy/lib
      copying numpy/lib/shape_base.py -> build/lib.linux-x86_64-3.8/numpy/lib
      copying numpy/lib/format.py -> build/lib.linux-x86_64-3.8/numpy/lib
      copying numpy/lib/info.py -> build/lib.linux-x86_64-3.8/numpy/lib
      copying numpy/lib/function_base.py -> build/lib.linux-x86_64-3.8/numpy/lib
      copying numpy/lib/__init__.py -> build/lib.linux-x86_64-3.8/numpy/lib
      copying numpy/lib/scimath.py -> build/lib.linux-x86_64-3.8/numpy/lib
      copying numpy/lib/_datasource.py -> build/lib.linux-x86_64-3.8/numpy/lib
      copying numpy/lib/recfunctions.py -> build/lib.linux-x86_64-3.8/numpy/lib
      copying numpy/lib/setup.py -> build/lib.linux-x86_64-3.8/numpy/lib
      copying numpy/lib/arrayterator.py -> build/lib.linux-x86_64-3.8/numpy/lib
      copying numpy/lib/_iotools.py -> build/lib.linux-x86_64-3.8/numpy/lib
      copying numpy/lib/index_tricks.py -> build/lib.linux-x86_64-3.8/numpy/lib
      copying numpy/lib/user_array.py -> build/lib.linux-x86_64-3.8/numpy/lib
      copying numpy/lib/arraysetops.py -> build/lib.linux-x86_64-3.8/numpy/lib
      copying numpy/lib/arraypad.py -> build/lib.linux-x86_64-3.8/numpy/lib
      copying numpy/lib/setupscons.py -> build/lib.linux-x86_64-3.8/numpy/lib
      copying numpy/lib/stride_tricks.py -> build/lib.linux-x86_64-3.8/numpy/lib
      copying numpy/lib/financial.py -> build/lib.linux-x86_64-3.8/numpy/lib
      creating build/lib.linux-x86_64-3.8/numpy/oldnumeric
      copying numpy/oldnumeric/matrix.py -> build/lib.linux-x86_64-3.8/numpy/oldnumeric
      copying numpy/oldnumeric/alter_code2.py -> build/lib.linux-x86_64-3.8/numpy/oldnumeric
      copying numpy/oldnumeric/ufuncs.py -> build/lib.linux-x86_64-3.8/numpy/oldnumeric
      copying numpy/oldnumeric/ma.py -> build/lib.linux-x86_64-3.8/numpy/oldnumeric
      copying numpy/oldnumeric/rng_stats.py -> build/lib.linux-x86_64-3.8/numpy/oldnumeric
      copying numpy/oldnumeric/rng.py -> build/lib.linux-x86_64-3.8/numpy/oldnumeric
      copying numpy/oldnumeric/mlab.py -> build/lib.linux-x86_64-3.8/numpy/oldnumeric
      copying numpy/oldnumeric/array_printer.py -> build/lib.linux-x86_64-3.8/numpy/oldnumeric
      copying numpy/oldnumeric/__init__.py -> build/lib.linux-x86_64-3.8/numpy/oldnumeric
      copying numpy/oldnumeric/compat.py -> build/lib.linux-x86_64-3.8/numpy/oldnumeric
      copying numpy/oldnumeric/precision.py -> build/lib.linux-x86_64-3.8/numpy/oldnumeric
      copying numpy/oldnumeric/setup.py -> build/lib.linux-x86_64-3.8/numpy/oldnumeric
      copying numpy/oldnumeric/random_array.py -> build/lib.linux-x86_64-3.8/numpy/oldnumeric
      copying numpy/oldnumeric/alter_code1.py -> build/lib.linux-x86_64-3.8/numpy/oldnumeric
      copying numpy/oldnumeric/linear_algebra.py -> build/lib.linux-x86_64-3.8/numpy/oldnumeric
      copying numpy/oldnumeric/functions.py -> build/lib.linux-x86_64-3.8/numpy/oldnumeric
      copying numpy/oldnumeric/typeconv.py -> build/lib.linux-x86_64-3.8/numpy/oldnumeric
      copying numpy/oldnumeric/misc.py -> build/lib.linux-x86_64-3.8/numpy/oldnumeric
      copying numpy/oldnumeric/user_array.py -> build/lib.linux-x86_64-3.8/numpy/oldnumeric
      copying numpy/oldnumeric/arrayfns.py -> build/lib.linux-x86_64-3.8/numpy/oldnumeric
      copying numpy/oldnumeric/fix_default_axis.py -> build/lib.linux-x86_64-3.8/numpy/oldnumeric
      copying numpy/oldnumeric/setupscons.py -> build/lib.linux-x86_64-3.8/numpy/oldnumeric
      copying numpy/oldnumeric/fft.py -> build/lib.linux-x86_64-3.8/numpy/oldnumeric
      creating build/lib.linux-x86_64-3.8/numpy/numarray
      copying numpy/numarray/matrix.py -> build/lib.linux-x86_64-3.8/numpy/numarray
      copying numpy/numarray/alter_code2.py -> build/lib.linux-x86_64-3.8/numpy/numarray
      copying numpy/numarray/convolve.py -> build/lib.linux-x86_64-3.8/numpy/numarray
      copying numpy/numarray/ufuncs.py -> build/lib.linux-x86_64-3.8/numpy/numarray
      copying numpy/numarray/ma.py -> build/lib.linux-x86_64-3.8/numpy/numarray
      copying numpy/numarray/mlab.py -> build/lib.linux-x86_64-3.8/numpy/numarray
      copying numpy/numarray/numerictypes.py -> build/lib.linux-x86_64-3.8/numpy/numarray
      copying numpy/numarray/__init__.py -> build/lib.linux-x86_64-3.8/numpy/numarray
      copying numpy/numarray/compat.py -> build/lib.linux-x86_64-3.8/numpy/numarray
      copying numpy/numarray/setup.py -> build/lib.linux-x86_64-3.8/numpy/numarray
      copying numpy/numarray/nd_image.py -> build/lib.linux-x86_64-3.8/numpy/numarray
      copying numpy/numarray/random_array.py -> build/lib.linux-x86_64-3.8/numpy/numarray
      copying numpy/numarray/alter_code1.py -> build/lib.linux-x86_64-3.8/numpy/numarray
      copying numpy/numarray/linear_algebra.py -> build/lib.linux-x86_64-3.8/numpy/numarray
      copying numpy/numarray/util.py -> build/lib.linux-x86_64-3.8/numpy/numarray
      copying numpy/numarray/functions.py -> build/lib.linux-x86_64-3.8/numpy/numarray
      copying numpy/numarray/session.py -> build/lib.linux-x86_64-3.8/numpy/numarray
      copying numpy/numarray/setupscons.py -> build/lib.linux-x86_64-3.8/numpy/numarray
      copying numpy/numarray/image.py -> build/lib.linux-x86_64-3.8/numpy/numarray
      copying numpy/numarray/fft.py -> build/lib.linux-x86_64-3.8/numpy/numarray
      creating build/lib.linux-x86_64-3.8/numpy/fft
      copying numpy/fft/info.py -> build/lib.linux-x86_64-3.8/numpy/fft
      copying numpy/fft/__init__.py -> build/lib.linux-x86_64-3.8/numpy/fft
      copying numpy/fft/setup.py -> build/lib.linux-x86_64-3.8/numpy/fft
      copying numpy/fft/fftpack.py -> build/lib.linux-x86_64-3.8/numpy/fft
      copying numpy/fft/helper.py -> build/lib.linux-x86_64-3.8/numpy/fft
      copying numpy/fft/setupscons.py -> build/lib.linux-x86_64-3.8/numpy/fft
      creating build/lib.linux-x86_64-3.8/numpy/linalg
      copying numpy/linalg/linalg.py -> build/lib.linux-x86_64-3.8/numpy/linalg
      copying numpy/linalg/info.py -> build/lib.linux-x86_64-3.8/numpy/linalg
      copying numpy/linalg/__init__.py -> build/lib.linux-x86_64-3.8/numpy/linalg
      copying numpy/linalg/setup.py -> build/lib.linux-x86_64-3.8/numpy/linalg
      copying numpy/linalg/setupscons.py -> build/lib.linux-x86_64-3.8/numpy/linalg
      creating build/lib.linux-x86_64-3.8/numpy/random
      copying numpy/random/info.py -> build/lib.linux-x86_64-3.8/numpy/random
      copying numpy/random/__init__.py -> build/lib.linux-x86_64-3.8/numpy/random
      copying numpy/random/setup.py -> build/lib.linux-x86_64-3.8/numpy/random
      copying numpy/random/setupscons.py -> build/lib.linux-x86_64-3.8/numpy/random
      creating build/lib.linux-x86_64-3.8/numpy/ma
      copying numpy/ma/mrecords.py -> build/lib.linux-x86_64-3.8/numpy/ma
      copying numpy/ma/version.py -> build/lib.linux-x86_64-3.8/numpy/ma
      copying numpy/ma/core.py -> build/lib.linux-x86_64-3.8/numpy/ma
      copying numpy/ma/__init__.py -> build/lib.linux-x86_64-3.8/numpy/ma
      copying numpy/ma/setup.py -> build/lib.linux-x86_64-3.8/numpy/ma
      copying numpy/ma/extras.py -> build/lib.linux-x86_64-3.8/numpy/ma
      copying numpy/ma/bench.py -> build/lib.linux-x86_64-3.8/numpy/ma
      copying numpy/ma/setupscons.py -> build/lib.linux-x86_64-3.8/numpy/ma
      copying numpy/ma/timer_comparison.py -> build/lib.linux-x86_64-3.8/numpy/ma
      copying numpy/ma/testutils.py -> build/lib.linux-x86_64-3.8/numpy/ma
      creating build/lib.linux-x86_64-3.8/numpy/matrixlib
      copying numpy/matrixlib/__init__.py -> build/lib.linux-x86_64-3.8/numpy/matrixlib
      copying numpy/matrixlib/setup.py -> build/lib.linux-x86_64-3.8/numpy/matrixlib
      copying numpy/matrixlib/defmatrix.py -> build/lib.linux-x86_64-3.8/numpy/matrixlib
      copying numpy/matrixlib/setupscons.py -> build/lib.linux-x86_64-3.8/numpy/matrixlib
      creating build/lib.linux-x86_64-3.8/numpy/compat
      copying numpy/compat/_inspect.py -> build/lib.linux-x86_64-3.8/numpy/com[0m[91mpat
      copying numpy/compat/__init__.py -> build/lib.linux-x86_64-3.8/numpy/compat
      copying numpy/compat/setup.py -> build/lib.linux-x86_64-3.8/numpy/compat
      copying numpy/compat/py3k.py -> build/lib.linux-x86_64-3.8/numpy/compat
      copying numpy/compat/setupscons.py -> build/lib.linux-x86_64-3.8/numpy/compat
      creating build/lib.linux-x86_64-3.8/numpy/polynomial
      copying numpy/polynomial/polynomial.py -> build/lib.linux-x86_64-3.8/numpy/polynomial
      copying numpy/polynomial/__init__.py -> build/lib.linux-x86_64-3.8/numpy/polynomial
      copying numpy/polynomial/setup.py -> build/lib.linux-x86_64-3.8/numpy/polynomial
      copying numpy/polynomial/polytemplate.py -> build/lib.linux-x86_64-3.8/numpy/polynomial
      copying numpy/polynomial/polyutils.py -> build/lib.linux-x86_64-3.8/numpy/polynomial
      copying numpy/polynomial/laguerre.py -> build/lib.linux-x86_64-3.8/numpy/polynomial
      copying numpy/polynomial/hermite_e.py -> build/lib.linux-x86_64-3.8/numpy/polynomial
      copying numpy/polynomial/chebyshev.py -> build/lib.linux-x86_64-3.8/numpy/polynomial
      copying numpy/polynomial/hermite.py -> build/lib.linux-x86_64-3.8/numpy/polynomial
      copying numpy/polynomial/legendre.py -> build/lib.linux-x86_64-3.8/numpy/polynomial
      creating build/lib.linux-x86_64-3.8/numpy/doc
      copying numpy/doc/ufuncs.py -> build/lib.linux-x86_64-3.8/numpy/doc
      copying numpy/doc/indexing.py -> build/lib.linux-x86_64-3.8/numpy/doc
      copying numpy/doc/creation.py -> build/lib.linux-x86_64-3.8/numpy/doc
      copying numpy/doc/jargon.py -> build/lib.linux-x86_64-3.8/numpy/doc
      copying numpy/doc/__init__.py -> build/lib.linux-x86_64-3.8/numpy/doc
      copying numpy/doc/subclassing.py -> build/lib.linux-x86_64-3.8/numpy/doc
      copying numpy/doc/byteswapping.py -> build/lib.linux-x86_64-3.8/numpy/doc
      copying numpy/doc/glossary.py -> build/lib.linux-x86_64-3.8/numpy/doc
      copying numpy/doc/io.py -> build/lib.linux-x86_64-3.8/numpy/doc
      copying numpy/doc/methods_vs_functions.py -> build/lib.linux-x86_64-3.8/numpy/doc
      copying numpy/doc/structured_arrays.py -> build/lib.linux-x86_64-3.8/numpy/doc
      copying numpy/doc/howtofind.py -> build/lib.linux-x86_64-3.8/numpy/doc
      copying numpy/doc/performance.py -> build/lib.linux-x86_64-3.8/numpy/doc
      copying numpy/doc/misc.py -> build/lib.linux-x86_64-3.8/numpy/doc
      copying numpy/doc/internals.py -> build/lib.linux-x86_64-3.8/numpy/doc
      copying numpy/doc/broadcasting.py -> build/lib.linux-x86_64-3.8/numpy/doc
      copying numpy/doc/basics.py -> build/lib.linux-x86_64-3.8/numpy/doc
      copying numpy/doc/constants.py -> build/lib.linux-x86_64-3.8/numpy/doc
      running build_clib
      customize UnixCCompiler
      customize UnixCCompiler using build_clib
      building 'npymath' library
      compiling C sources
      C compiler: x86_64-linux-gnu-gcc -pthread -Wno-unused-result -Wsign-compare -DNDEBUG -g -fwrapv -O2 -Wall -g -fstack-protector-strong -Wformat -Werror=format-security -g -fwrapv -O2 -g -fstack-protector-strong -Wformat -Werror=format-security -Wdate-time -D_FORTIFY_SOURCE=2 -fPIC
      
      creating build/temp.linux-x86_64-3.8
      creating build/temp.linux-x86_64-3.8/build
      creating build/temp.linux-x86_64-3.8/build/src.linux-x86_64-3.8
      creating build/temp.linux-x86_64-3.8/build/src.linux-x86_64-3.8/numpy
      creating build/temp.linux-x86_64-3.8/build/src.linux-x86_64-3.8/numpy/core
      creating build/temp.linux-x86_64-3.8/build/src.linux-x86_64-3.8/numpy/core/src
      creating build/temp.linux-x86_64-3.8/build/src.linux-x86_64-3.8/numpy/core/src/npymath
      creating build/temp.linux-x86_64-3.8/numpy
      creating build/temp.linux-x86_64-3.8/numpy/core
      creating build/temp.linux-x86_64-3.8/numpy/core/src
      creating build/temp.linux-x86_64-3.8/numpy/core/src/npymath
      compile options: '-Inumpy/core/include -Ibuild/src.linux-x86_64-3.8/numpy/core/include/numpy -Inumpy/core/src/private -Inumpy/core/src -Inumpy/core -Inumpy/core/src/npymath -Inumpy/core/src/multiarray -Inumpy/core/src/umath -Inumpy/core/src/npysort -Inumpy/core/include -I/usr/include/python3.8 -Ibuild/src.linux-x86_64-3.8/numpy/core/src/multiarray -Ibuild/src.linux-x86_64-3.8/numpy/core/src/umath -c'
      x86_64-linux-gnu-gcc: build/src.linux-x86_64-3.8/numpy/core/src/npymath/npy_math.c
      x86_64-linux-gnu-gcc: build/src.linux-x86_64-3.8/numpy/core/src/npymath/ieee754.c
      x86_64-linux-gnu-gcc: build/src.linux-x86_64-3.8/numpy/core/src/npymath/npy_math_complex.c
      x86_64-linux-gnu-gcc: numpy/core/src/npymath/halffloat.c
      x86_64-linux-gnu-gcc-ar: adding 4 object files to build/temp.linux-x86_64-3.8/libnpymath.a
      building 'npysort' library
      compiling C sources
      C compiler: x86_64-linux-gnu-gcc -pthread -Wno-unused-result -Wsign-compare -DNDEBUG -g -fwrapv -O2 -Wall -g -fstack-protector-strong -Wformat -Werror=format-security -g -fwrapv -O2 -g -fstack-protector-strong -Wformat -Werror=format-security -Wdate-time -D_FORTIFY_SOURCE=2 -fPIC
      
      creating build/temp.linux-x86_64-3.8/build/src.linux-x86_64-3.8/numpy/core/src/npysort
      compile options: '-Inumpy/core/include -Ibuild/src.linux-x86_64-3.8/numpy/core/include/numpy -Inumpy/core/src/private -Inumpy/core/src -Inumpy/core -Inumpy/core/src/npymath -Inumpy/core/src/multiarray -Inumpy/core/src/umath -Inumpy/core/src/npysort -Inumpy/core/include -I/usr/include/python3.8 -Ibuild/src.linux-x86_64-3.8/numpy/core/src/multiarray -Ibuild/src.linux-x86_64-3.8/numpy/core/src/umath -c'
      x86_64-linux-gnu-gcc: build/src.linux-x86_64-3.8/numpy/core/src/npysort/quicksort.c
      x86_64-linux-gnu-gcc: build/src.linux-x86_64-3.8/numpy/core/src/npysort/mergesort.c
      x86_64-linux-gnu-gcc: build/src.linux-x86_64-3.8/numpy/core/src/npysort/heapsort.c
      x86_64-linux-gnu-gcc-ar: adding 3 object files to build/temp.linux-x86_64-3.8/libnpysort.a
      running build_ext
      customize UnixCCompiler
      customize UnixCCompiler using build_ext
      customize Gnu95FCompiler
      customize Gnu95FCompiler
      customize Gnu95FCompiler using build_ext
      building 'numpy.core._dummy' extension
      compiling C sources
      C compiler: x86_64-linux-gnu-gcc -pthread -Wno-unused-result -Wsign-compare -DNDEBUG -g -fwrapv -O2 -Wall -g -fstack-protector-strong -Wformat -Werror=format-security -g -fwrapv -O2 -g -fstack-protector-strong -Wformat -Werror=format-security -Wdate-time -D_FORTIFY_SOURCE=2 -fPIC
      
      compile options: '-Inumpy/core/include -Ibuild/src.linux-x86_64-3.8/numpy/core/include/numpy -Inumpy/core/src/private -Inumpy/core/src -Inumpy/core -Inumpy/core/src/npymath -Inumpy/core/src/multiarray -Inumpy/core/src/umath -Inumpy/core/src/npysort -Inumpy/core/include -I/usr/include/python3.8 -Ibuild/src.linux-x86_64-3.8/numpy/core/src/multiarray -Ibuild/src.linux-x86_64-3.8/numpy/core/src/umath -c'
      x86_64-linux-gnu-gcc: numpy/core/src/dummymodule.c
      In file included from numpy/core/include/numpy/ndarrayobject.h:26,
                       from numpy/core/include/numpy/npy_3kcompat.h:23,
                       from numpy/core/src/private/npy_pycompat.h:4,
                       from numpy/core/src/dummymodule.c:12:
      build/src.linux-x86_64-3.8/numpy/core/include/numpy/__multiarray_api.h:1594:1: warning: â€˜_import_arrayâ€™ defined but not used [-Wunused-function]
       1594 | _import_array(void)
            | ^~~~~~~~~~~~~
      x86_64-linux-gnu-gcc -pthread -shared -Wl,-O1 -Wl,-Bsymbolic-functions -Wl,-Bsymbolic-functions -Wl,-z,relro -g -fwrapv -O2 -Wl,-Bsymbolic-functions -Wl,-z,relro -g -fwrapv -O2 -g -fstack-protector-strong -Wformat -Werror=format-security -Wdate-time -D_FORTIFY_SOURCE=2 build/temp.linux-x86_64-3.8/numpy/core/src/dummymodule.o -Lbuild/temp.linux-x86_64-3.8 -lm -o build/lib.linux-x86_64-3.8/numpy/core/_dummy.cpython-38-x86_64-linux-gnu.so
      building 'numpy.core.multiarray' extension
      compiling C sources
      C compiler: x86_64-linux-gnu-gcc -pthread -Wno-unused-result -Wsign-compare -DNDEBUG -g -fwrapv -O2 -Wall -g -fstack-protector-strong -Wformat -Werror=format-security -g -fwrapv -O2 -g -fstack-protector-strong -Wformat -Werror=format-security -Wdate-time -D_FORTIFY_SOURCE=2 -fPIC
      
      creating build/temp.linux-x86_64-3.8/numpy/core/src/multiarray
      compile options: '-Inumpy/core/include -Ibuild/src.linux-x86_64-3.8/numpy/core/include/numpy -Inumpy/core/src/private -Inumpy/core/src -Inumpy/core -Inumpy/core/src/npymath -Inumpy/core/src/multiarray -Inumpy/core/src/umath -Inumpy/core/src/npysort -Inumpy/core/include -I/usr/include/python3.8 -Ibuild/src.linux-x86_64-3.8/numpy/core/src/multiarray -Ibuild/src.linux-x86_64-3.8/numpy/core/src/umath -c'
      x86_64-linux-gnu-gcc: numpy/core/src/multiarray/multiarraymodule_onefile.c
      In file included from numpy/core/src/multiarray/multiarraymodule_onefile.c:8:
      numpy/core/src/multiarray/common.c: In function â€˜_IsWriteableâ€™:
      numpy/core/src/multiarray/common.c:676:5: warning: â€˜PyObject_AsWriteBufferâ€™ is deprecated [-Wdeprecated-declarations]
        676 |     if (PyObject_AsWriteBuffer(base, &dummy, &n) < 0) {
            |     ^~
      In file included from /usr/include/python3.8/Python.h:147,
                       from numpy/core/src/multiarray/common.c:2,
                       from numpy/core/src/multiarray/multiarraymodule_onefile.c:8:
      /usr/include/python3.8/abstract.h:348:17: note: declared here
        348 | PyAPI_FUNC(int) PyObject_AsWriteBuffer(PyObject *obj,
            |                 ^~~~~~~~~~~~~~~~~~~~~~
      In file included from numpy/core/src/multiarray/multiarraymodule_onefile.c:10:
      numpy/core/src/multiarray/scalartypes.c.src: In function â€˜gentype_reduceâ€™:
      numpy/core/src/multiarray/scalartypes.c.src:1703:5: warning: â€˜PyObject_AsReadBufferâ€™ is deprecated [-Wdeprecated-declarations]
       1703 |     if (PyObject_AsReadBuffer(self, (const void **)&buffer, &buflen)<0) {
            |     ^~
      In file included from /usr/include/python3.8/Python.h:147,
                       from numpy/core/src/multiarray/common.c:2,
                       from numpy/core/src/multiarray/multiarraymodule_onefile.c:8:
      /usr/include/python3.8/abstract.h:337:17: note: declared here
        337 | PyAPI_FUNC(int) PyObject_AsReadBuffer(PyObject *obj,
            |                 ^~~~~~~~~~~~~~~~~~~~~
      In file included from numpy/core/src/multiarray/multiarraymodule_onefile.c:10:
      numpy/core/src/multiarray/scalartypes.c.src: In function â€˜datetime_arrtype_newâ€™:
      numpy/core/src/multiarray/scalartypes.c.src:2657:30: warning: comparison of integer expressions of different signedness: â€˜NPY_DATETIMEUNITâ€™ {aka â€˜enum <anonymous>â€™} and â€˜intâ€™ [-Wsign-compare]
       2657 |         if (ret->obmeta.base == -1) {
            |                              ^~
      In file included from numpy/core/src/multiarray/multiarraymodule_onefile.c:10:
      numpy/core/src/multiarray/scalartypes.c.src: In function â€˜timedelta_arrtype_newâ€™:
      numpy/core/src/multiarray/scalartypes.c.src:2657:30: warning: comparison of integer expressions of different signedness: â€˜NPY_DATETIMEUNITâ€™ {aka â€˜enum <anonymous>â€™} and â€˜intâ€™ [-Wsign-compare]
       2657 |         if (ret->obmeta.base == -1) {
            |                              ^~
      In file included from numpy/core/src/multiarray/multiarraymodule_onefile.c:10:
      numpy/core/src/multiarray/scalartypes.c.src: In function â€˜initialize_numeric_typesâ€™:
      numpy/core/src/multiarray/scalartypes.c.src:4155:5: warning: â€˜tp_printâ€™ is deprecated [-Wdeprecated-declarations]
       4155 |     PyHalfArrType_Type.tp_print = halftype_print;
            |     ^~~~~~~~~~~~~~~~~~
      In file included from /usr/include/python3.8/object.h:746,
                       from /usr/include/python3.8/pytime.h:6,
                       from /usr/include/python3.8/Python.h:85,
                       from numpy/core/src/multiarray/common.c:2,
                       from numpy/core/src/multiarray/multiarraymodule_onefile.c:8:
      /usr/include/python3.8/cpython/object.h:260:30: note: declared here
        260 |     Py_DEPRECATED(3.8) int (*tp_print)(PyObject *, FILE *, int);
            |                              ^~~~~~~~
      In file included from numpy/core/src/multiarray/multiarraymodule_onefile.c:10:
      numpy/core/src/multiarray/scalartypes.c.src:4156:5: warning: â€˜tp_printâ€™ is deprecated [-Wdeprecated-declarations]
       4156 |     PyFloatArrType_Type.tp_print = floattype_print;
            |     ^~~~~~~~~~~~~~~~~~~
      In file included from /usr/include/python3.8/object.h:746,
                       from /usr/include/python3.8/pytime.h:6,
                       from /usr/include/python3.8/Python.h:85,
                       from numpy/core/src/multiarray/common.c:2,
                       from numpy/core/src/multiarray/multiarraymodule_onefile.c:8:
      /usr/include/python3.8/cpython/object.h:260:30: note: declared here
        260 |     Py_DEPRECATED(3.8) int (*tp_print)(PyObject *, FILE *, int);
            |                              ^~~~~~~~
      In file included from numpy/core/src/multiarray/multiarraymodule_onefile.c:10:
      numpy/core/src/multiarray/scalartypes.c.src:4157:5: warning: â€˜tp_printâ€™ is deprecated [-Wdeprecated-declarations]
       4157 |     PyDoubleArrType_Type.tp_print = doubletype_print;
            |     ^~~~~~~~~~~~~~~~~~~~
      In file included from /usr/include/python3.8/object.h:746,
                       from /usr/include/python3.8/pytime.h:6,
                       from /usr/include/python3.8/Python.h:85,
                       from numpy/core/src/multiarray/common.c:2,
                       from numpy/core/src/multiarray/multiarraymodule_onefile.c:8:
      /usr/include/python3.8/cpython/object.h:260:30: note: declared here
        260 |     Py_DEPRECATED(3.8) int (*tp_print)(PyObject *, FILE *, int);
            |                              ^~~~~~~~
      In file included from numpy/core/src/multiarray/multiarraymodule_onefile.c:10:
      numpy/core/src/multiarray/scalartypes.c.src:4158:5: warning: â€˜tp_printâ€™ is deprecated [-Wdeprecated-declarations]
       4158 |     PyLongDoubleArrType_Type.tp_print = longdoubletype_print;
            |     ^~~~~~~~~~~~~~~~~~~~~~~~
      In file included from /usr/include/python3.8/object.h:746,
                       from /usr/include/python3.8/pytime.h:6,
                       from /usr/include/python3.8/Python.h:85,
                       from numpy/core/src/multiarray/common.c:2,
                       from numpy/core/src/multiarray/multiarraymodule_onefile.c:8:
      /usr/include/python3.8/cpython/object.h:260:30: note: declared here
        260 |     Py_DEPRECATED(3.8) int (*tp_print)(PyObject *, FILE *, int);
            |                              ^~~~~~~~
      In file included from numpy/core/src/multiarray/multiarraymodule_onefile.c:10:
      numpy/core/src/multiarray/scalartypes.c.src:4160:5: warning: â€˜tp_printâ€™ is deprecated [-Wdeprecated-declarations]
       4160 |     PyCFloatArrType_Type.tp_print = cfloattype_print;
            |     ^~~~~~~~~~~~~~~~~~~~
      In file included from /usr/include/python3.8/object.h:746,
                       from /usr/include/python3.8/pytime.h:6,
                       from /usr/include/python3.8/Python.h:85,
                       from numpy/core/src/multiarray/common.c:2,
                       from numpy/core/src/multiarray/multiarraymodule_onefile.c:8:
      /usr/include/python3.8/cpython/object.h:260:30: note: declared here
        260 |     Py_DEPRECATED(3.8) int (*tp_print)(PyObject *, FILE *, int);
            |                              ^~~~~~~~
      In file included from numpy/core/src/multiarray/multiarraymodule_onefile.c:10:
      numpy/core/src/multiarray/scalartypes.c.src:4161:5: warning: â€˜tp_printâ€™ is deprecated [-Wdeprecated-declarations]
       4161 |     PyCDoubleArrType_Type.tp_print = cdoubletype_print;
            |     ^~~~~~~~~~~~~~~~~~~~~
      In file included from /usr/include/python3.8/object.h:746,
                       from /usr/include/python3.8/pytime.h:6,
                       from /usr/include/python3.8/Python.h:85,
                       from numpy/core/src/multiarray/common.c:2,
                       from numpy/core/src/multiarray/multiarraymodule_onefile.c:8:
      /usr/include/python3.8/cpython/object.h:260:30: note: declared here
        260 |     Py_DEPRECATED(3.8) int (*tp_print)(PyObject *, FILE *, int);
            |                              ^~~~~~~~
      In file included from numpy/core/src/multiarray/multiarraymodule_onefile.c:10:
      numpy/core/src/multiarray/scalartypes.c.src:4162:5: warning: â€˜tp_printâ€™ is deprecated [-Wdeprecated-declarations]
       4162 |     PyCLongDoubleArrType_Type.tp_print = clongdoubletype_print;
            |     ^~~~~~~~~~~~~~~~~~~~~~~~~
      In file included from /usr/include/python3.8/object.h:746,
                       from /usr/include/python3.8/pytime.h:6,
                       from /usr/include/python3.8/Python.h:85,
                       from numpy/core/src/multiarray/common.c:2,
                       from numpy/core/src/multiarray/multiarraymodule_onefile.c:8:
      /usr/include/python3.8/cpython/object.h:260:30: note: declared here
        260 |     Py_DEPRECATED(3.8) int (*tp_print)(PyObject *, FILE *, int);
            |                              ^~~~~~~~
      In file included from numpy/core/src/multiarray/multiarraymodule_onefile.c:13:
      numpy/core/src/multiarray/datetime.c: In function â€˜parse_datetime_extended_unit_from_stringâ€™:
      numpy/core/src/multiarray/datetime.c:781:24: warning: comparison of integer expressions of different signedness: â€˜NPY_DATETIMEUNITâ€™ {aka â€˜enum <anonymous>â€™} and â€˜intâ€™ [-Wsign-compare]
        781 |     if (out_meta->base == -1) {
            |                        ^~
      numpy/core/src/multiarray/datetime.c: In function â€˜get_datetime_units_factorâ€™:
      numpy/core/src/multiarray/datetime.c:1076:23: warning: comparison of integer expressions of different signedness: â€˜NPY_DATETIMEUNITâ€™ {aka â€˜enum <anonymous>â€™} and â€˜intâ€™ [-Wsign-compare]
       1076 |     while (littlebase > unit) {
            |                       ^
      numpy/core/src/multiarray/datetime.c: In function â€˜convert_datetime_metadata_tuple_to_datetime_metadataâ€™:
      numpy/core/src/multiarray/datetime.c:1849:24: warning: comparison of integer expressions of different signedness: â€˜NPY_DATETIMEUNITâ€™ {aka â€˜enum <anonymous>â€™} and â€˜intâ€™ [-Wsign-compare]
       1849 |     if (out_meta->base == -1) {
            |                        ^~
      numpy/core/src/multiarray/datetime.c: In function â€˜convert_pyobject_to_datetimeâ€™:
      numpy/core/src/multiarray/datetime.c:2386:24: warning: comparison of integer expressions of different signedness: â€˜NPY_DATETIMEUNITâ€™ {aka â€˜enum <anonymous>â€™} and â€˜intâ€™ [-Wsign-compare]
       2386 |         if (meta->base == -1) {
            |                        ^~
      numpy/core/src/multiarray/datetime.c:2400:24: warning: comparison of integer expressions of different signedness: â€˜NPY_DATETIMEUNITâ€™ {aka â€˜enum <anonymous>â€™} and â€˜intâ€™ [-Wsign-compare]
       2400 |         if (meta->base == -1 || meta->base == NPY_FR_GENERIC) {
            |                        ^~
      numpy/core/src/multiarray/datetime.c:2413:24: warning: comparison of integer expressions of different signedness: â€˜NPY_DATETIMEUNITâ€™ {aka â€˜enum <anonymous>â€™} and â€˜intâ€™ [-Wsign-compare]
       2413 |         if (meta->base == -1) {
            |                        ^~
      numpy/core/src/multiarray/datetime.c:2452:24: warning: comparison of integer expressions of different signedness: â€˜NPY_DATETIMEUNITâ€™ {aka â€˜enum <anonymous>â€™} and â€˜intâ€™ [-Wsign-compare]
       2452 |         if (meta->base == -1) {
            |                        ^~
      numpy/core/src/multiarray/datetime.c:2484:28: warning: comparison of integer expressions of different signedness: â€˜NPY_DATETIMEUNITâ€™ {aka â€˜enum <anonymous>â€™} and â€˜intâ€™ [-Wsign-compare]
       2484 |             if (meta->base == -1) {
            |                            ^~
      numpy/core/src/multiarray/datetime.c:2511:24: warning: comparison of integer expressions of different signedness: â€˜NPY_DATETIMEUNITâ€™ {aka â€˜enum <anonymous>â€™} and â€˜intâ€™ [-Wsign-compare]
       2511 |         if (meta->base == -1) {
            |                        ^~
      numpy/core/src/multiarray/datetime.c: In function â€˜convert_pyobject_to_timedeltaâ€™:
      numpy/core/src/multiarray/datetime.c:2586:28: warning: comparison of integer expressions of different signedness: â€˜NPY_DATETIMEUNITâ€™ {aka â€˜enum <anonymous>â€™} and â€˜intâ€™ [-Wsign-compare]
       2586 |             if (meta->base == -1) {
            |                            ^~
      numpy/core/src/multiarray/datetime.c:2597:24: warning: comparison of integer expressions of different signedness: â€˜NPY_DATETIMEUNITâ€™ {aka â€˜enum <anonymous>â€™} and â€˜intâ€™ [-Wsign-compare]
       2597 |         if (meta->base == -1) {
            |                        ^~
      numpy/core/src/multiarray/datetime.c:2610:24: warning: comparison of integer expressions of different signedness: â€˜NPY_DATETIMEUNITâ€™ {aka â€˜enum <anonymous>â€™} and â€˜intâ€™ [-Wsign-compare]
       2610 |         if (meta->base == -1) {
            |                        ^~
      numpy/core/src/multiarray/datetime.c:2649:24: warning: comparison of integer expressions of different signedness: â€˜NPY_DATETIMEUNITâ€™ {aka â€˜enum <anonymous>â€™} and â€˜intâ€™ [-Wsign-compare]
       2649 |         if (meta->base == -1) {
            |                        ^~
      numpy/core/src/multiarray/datetime.c:2718:24: warning: comparison of integer expressions of different signedness: â€˜NPY_DATETIMEUNITâ€™ {aka â€˜enum <anonymous>â€™} and â€˜intâ€™ [-Wsign-compare]
       2718 |         if (meta->base == -1) {
            |                        ^~
      numpy/core/src/multiarray/datetime.c:2772:24: warning: comparison of integer expressions of different signedness: â€˜NPY_DATETIMEUNITâ€™ {aka â€˜enum <anonymous>â€™} and â€˜intâ€™ [-Wsign-compare]
       2772 |         if (meta->base == -1) {
            |                        ^~
      numpy/core/src/multiarray/datetime.c: In function â€˜convert_pyobjects_to_datetimesâ€™:
      numpy/core/src/multiarray/datetime.c:3108:26: warning: comparison of integer expressions of different signedness: â€˜NPY_DATETIMEUNITâ€™ {aka â€˜enum <anonymous>â€™} and â€˜intâ€™ [-Wsign-compare]
       3108 |     if (inout_meta->base == -1) {
            |                          ^~
      In file included from numpy/core/src/multiarray/multiarraymodule_onefile.c:14:
      numpy/core/src/multiarray/datetime_strings.c: In function â€˜parse_iso_8601_datetimeâ€™:
      numpy/core/src/multiarray/datetime_strings.c:476:18: warning: comparison of integer expressions of different signedness: â€˜NPY_DATETIMEUNITâ€™ {aka â€˜enum <anonymous>â€™} and â€˜intâ€™ [-Wsign-compare]
        476 |         if (unit != -1 && !can_cast_datetime64_units(bestunit, unit,
            |                  ^~
      numpy/core/src/multiarray/datetime_strings.c:519:18: warning: comparison of integer expressions of different signedness: â€˜NPY_DATETIMEUNITâ€™ {aka â€˜enum <anonymous>â€™} and â€˜intâ€™ [-Wsign-compare]
        519 |         if (unit != -1 && !can_cast_datetime64_units(bestunit, unit,
            |                  ^~
      numpy/core/src/multiarray/datetime_strings.c:924:14: warning: comparison of integer expressions of different signedness: â€˜NPY_DATETIMEUNITâ€™ {aka â€˜enum <anonymous>â€™} and â€˜intâ€™ [-Wsign-compare]
        924 |     if (unit != -1 && !can_cast_datetime64_units(bestunit, unit,
            |              ^~
      numpy/core/src/multiarray/datetime_strings.c: In function â€˜get_datetime_iso_8601_strlenâ€™:
      numpy/core/src/multiarray/datetime_strings.c:955:14: warning: comparison of integer expressions of different signedness: â€˜NPY_DATETIMEUNITâ€™ {aka â€˜enum <anonymous>â€™} and â€˜intâ€™ [-Wsign-compare]
        955 |     if (base == -1) {
            |              ^~
      numpy/core/src/multiarray/datetime_strings.c: In function â€˜make_iso_8601_datetimeâ€™:
      numpy/core/src/multiarray/datetime_strings.c:1119:14: warning: comparison of integer expressions of different signedness: â€˜NPY_DATETIMEUNITâ€™ {aka â€˜enum <anonymous>â€™} and â€˜intâ€™ [-Wsign-compare]
       1119 |     if (base == -1) {
            |              ^~
      numpy/core/src/multiarray/datetime_strings.c: In function â€˜array_datetime_as_stringâ€™:
      numpy/core/src/multiarray/datetime_strings.c:1600:22: warning: comparison of integer expressions of different signedness: â€˜NPY_DATETIMEUNITâ€™ {aka â€˜enum <anonymous>â€™} and â€˜intâ€™ [-Wsign-compare]
       1600 |             if (unit == -1) {
            |                      ^~
      numpy/core/src/multiarray/datetime_strings.c:1607:18: warning: comparison of integer expressions of different signedness: â€˜NPY_DATETIMEUNITâ€™ {aka â€˜enum <anonymous>â€™} and â€˜intâ€™ [-Wsign-compare]
       1607 |         if (unit != -1 && !can_cast_datetime64_units(meta->base, unit, casting)) {
            |                  ^~
      In file included from numpy/core/src/multiarray/multiarraymodule_onefile.c:17:
      numpy/core/src/multiarray/arraytypes.c.src: In function â€˜VOID_setitemâ€™:
      numpy/core/src/multiarray/arraytypes.c.src:741:9: warning: â€˜PyObject_AsReadBufferâ€™ is deprecated [-Wdeprecated-declarations]
        741 |         res = PyObject_AsReadBuffer(op, &buffer, &buflen);
            |         ^~~
      In file included from /usr/include/python3.8/Python.h:147,
                       from numpy/core/src/multiarray/common.c:2,
                       from numpy/core/src/multiarray/multiarraymodule_onefile.c:8:
      /usr/include/python3.8/abstract.h:337:17: note: declared here
        337 | PyAPI_FUNC(int) PyObject_AsReadBuffer(PyObject *obj,
            |                 ^~~~~~~~~~~~~~~~~~~~~
      In file included from numpy/core/src/multiarray/multiarraymodule_onefile.c:24:
      numpy/core/src/multiarray/ctors.c: In function â€˜PyArray_FromInterfaceâ€™:
      numpy/core/src/multiarray/ctors.c:2126:9: warning: â€˜PyObject_AsWriteBufferâ€™ is deprecated [-Wdeprecated-declarations]
       2126 |         res = PyObject_AsWriteBuffer(base, (void **)&data, &buffer_len);
            |         ^~~
      In file included from /usr/include/python3.8/Python.h:147,
                       from numpy/core/src/multiarray/common.c:2,
                       from numpy/core/src/multiarray/multiarraymodule_onefile.c:8:
      /usr/include/python3.8/abstract.h:348:17: note: declared here
        348 | PyAPI_FUNC(int) PyObject_AsWriteBuffer(PyObject *obj,
            |                 ^~~~~~~~~~~~~~~~~~~~~~
      In file included from numpy/core/src/multiarray/multiarraymodule_onefile.c:24:
      numpy/core/src/multiarray/ctors.c:2129:13: warning: â€˜PyObject_AsReadBufferâ€™ is deprecated [-Wdeprecated-declarations]
       2129 |             res = PyObject_AsReadBuffer(
            |             ^~~
      In file included from /usr/include/python3.8/Python.h:147,
                       from numpy/core/src/multiarray/common.c:2,
                       from numpy/core/src/multiarray/multiarraymodule_onefile.c:8:
      /usr/include/python3.8/abstract.h:337:17: note: declared here
        337 | PyAPI_FUNC(int) PyObject_AsReadBuffer(PyObject *obj,
            |                 ^~~~~~~~~~~~~~~~~~~~~
      In file included from numpy/core/src/multiarray/multiarraymodule_onefile.c:24:
      numpy/core/src/multiarray/ctors.c: In function â€˜PyArray_FromBufferâ€™:
      numpy/core/src/multiarray/ctors.c:3269:5: warning: â€˜PyObject_AsWriteBufferâ€™ is deprecated [-Wdeprecated-declarations]
       3269 |     if (PyObject_AsWriteBuffer(buf, (void *)&data, &ts) == -1) {
            |     ^~
      In file included from /usr/include/python3.8/Python.h:147,
                       from numpy/core/src/multiarray/common.c:2,
                       from numpy/core/src/multiarray/multiarraymodule_onefile.c:8:
      /usr/include/python3.8/abstract.h:348:17: note: declared here
        348 | PyAPI_FUNC(int) PyObject_AsWriteBuffer(PyObject *obj,
            |                 ^~~~~~~~~~~~~~~~~~~~~~
      In file included from numpy/core/src/multiarray/multiarraymodule_onefile.c:24:
      numpy/core/src/multiarray/ctors.c:3272:9: warning: â€˜PyObject_AsReadBufferâ€™ is deprecated [-Wdeprecated-declarations]
       3272 |         if (PyObject_AsReadBuffer(buf, (void *)&data, &ts) == -1) {
            |         ^~
      In file included from /usr/include/python3.8/Python.h:147,
                       from numpy/core/src/multiarray/common.c:2,
                       from numpy/core/src/multiarray/multiarraymodule_onefile.c:8:
      /usr/include/python3.8/abstract.h:337:17: note: declared here
        337 | PyAPI_FUNC(int) PyObject_AsReadBuffer(PyObject *obj,
            |                 ^~~~~~~~~~~~~~~~~~~~~
      In file included from numpy/core/src/multiarray/multiarraymodule_onefile.c:26:
      numpy/core/src/multiarray/mapping.c: In function â€˜array_ass_subâ€™:
      numpy/core/src/multiarray/mapping.c:1294:20: warning: assignment to â€˜PyArrayObject *â€™ {aka â€˜struct tagPyArrayObject *â€™} from incompatible pointer type â€˜PyObject *â€™ {aka â€˜struct _object *â€™} [-Wincompatible-pointer-types]
       1294 |             op_arr = op;
            |                    ^
      In file included from numpy/core/src/multiarray/multiarraymodule_onefile.c:28:
      numpy/core/src/multiarray/getset.c: In function â€˜array_strides_setâ€™:
      numpy/core/src/multiarray/getset.c:131:5: warning: â€˜PyObject_AsReadBufferâ€™ is deprecated [-Wdeprecated-declarations]
        131 |     if (PyArray_BASE(new) && PyObject_AsReadBuffer(PyArray_BASE(new),
            |     ^~
      In file included from /usr/include/python3.8/Python.h:147,
                       from numpy/core/src/multiarray/common.c:2,
                       from numpy/core/src/multiarray/multiarraymodule_onefile.c:8:
      /usr/include/python3.8/abstract.h:337:17: note: declared here
        337 | PyAPI_FUNC(int) PyObject_AsReadBuffer(PyObject *obj,
            |                 ^~~~~~~~~~~~~~~~~~~~~
      In file included from numpy/core/src/multiarray/multiarraymodule_onefile.c:28:
      numpy/core/src/multiarray/getset.c: In function â€˜array_data_setâ€™:
      numpy/core/src/multiarray/getset.c:332:5: warning: â€˜PyObject_AsWriteBufferâ€™ is deprecated [-Wdeprecated-declarations]
        332 |     if (PyObject_AsWriteBuffer(op, &buf, &buf_len) < 0) {
            |     ^~
      In file included from /usr/include/python3.8/Python.h:147,
                       from numpy/core/src/multiarray/common.c:2,
                       from numpy/core/src/multiarray/multiarraymodule_onefile.c:8:
      /usr/include/python3.8/abstract.h:348:17: note: declared here
        348 | PyAPI_FUNC(int) PyObject_AsWriteBuffer(PyObject *obj,
            |                 ^~~~~~~~~~~~~~~~~~~~~~
      In file included from numpy/core/src/multiarray/multiarraymodule_onefile.c:28:
      numpy/core/src/multiarray/getset.c:334:9: warning: â€˜PyObject_AsReadBufferâ€™ is deprecated [-Wdeprecated-declarations]
        334 |         if (PyObject_AsReadBuffer(op, (const void **)&buf, &buf_len) < 0) {
            |         ^~
      In file included from /usr/include/python3.8/Python.h:147,
                       from numpy/core/src/multiarray/common.c:2,
                       from numpy/core/src/multiarray/multiarraymodule_onefile.c:8:
      /usr/include/python3.8/abstract.h:337:17: note: declared here
        337 | PyAPI_FUNC(int) PyObject_AsReadBuffer(PyObject *obj,
            |                 ^~~~~~~~~~~~~~~~~~~~~
      In file included from numpy/core/src/multiarray/multiarraymodule_onefile.c:38:
      numpy/core/src/multiarray/conversion_utils.c: In function â€˜PyArray_BufferConverterâ€™:
      numpy/core/src/multiarray/conversion_utils.c:152:5: warning: â€˜PyObject_AsWriteBufferâ€™ is deprecated [-Wdeprecated-declarations]
        152 |     if (PyObject_AsWriteBuffer(obj, &(buf->ptr), &buflen) < 0) {
            |     ^~
      In file included from /usr/include/python3.8/Python.h:147,
                       from numpy/core/src/multiarray/common.c:2,
         [0m[91m              from numpy/core/src/multiarray/multiarraymodule_onefile.c:8:
      /usr/include/python3.8/abstract.h:348:17: note: declared here
        348 | PyAPI_FUNC(int) PyObject_AsWriteBuffer(PyObject *obj,
            |                 ^~~~~~~~~~~~~~~~~~~~~~
      In file included from numpy/core/src/multiarray/multiarraymodule_onefile.c:38:
      numpy/core/src/multiarray/conversion_utils.c:155:9: warning: â€˜PyObject_AsReadBufferâ€™ is deprecated [-Wdeprecated-declarations]
        155 |         if (PyObject_AsReadBuffer(obj, (const void **)&(buf->ptr),
            |         ^~
      In file included from /usr/include/python3.8/Python.h:147,
                       from numpy/core/src/multiarray/common.c:2,
                       from numpy/core/src/multiarray/multiarraymodule_onefile.c:8:
      /usr/include/python3.8/abstract.h:337:17: note: declared here
        337 | PyAPI_FUNC(int) PyObject_AsReadBuffer(PyObject *obj,
            |                 ^~~~~~~~~~~~~~~~~~~~~
      In file included from numpy/core/src/multiarray/multiarraymodule_onefile.c:41:
      numpy/core/src/multiarray/nditer_constr.c: In function â€˜npyiter_prepare_one_operandâ€™:
      numpy/core/src/multiarray/nditer_constr.c:1017:20: warning: unused variable â€˜tmpâ€™ [-Wunused-variable]
       1017 |         npy_uint32 tmp;
            |                    ^~~
      In file included from numpy/core/src/multiarray/multiarraymodule_onefile.c:42:
      numpy/core/src/multiarray/nditer_api.c: In function â€˜npyiter_copy_from_buffersâ€™:
      numpy/core/src/multiarray/nditer_api.c:1837:12: warning: unused variable â€˜ptrsâ€™ [-Wunused-variable]
       1837 |     char **ptrs = NBF_PTRS(bufferdata), **ad_ptrs = NAD_PTRS(axisdata);
            |            ^~~~
      numpy/core/src/multiarray/nditer_api.c:1833:17: warning: unused variable â€˜buffersizeâ€™ [-Wunused-variable]
       1833 |                 buffersize = NBF_BUFFERSIZE(bufferdata);
            |                 ^~~~~~~~~~
      In file included from numpy/core/src/multiarray/multiarraymodule_onefile.c:44:
      numpy/core/src/multiarray/nditer_pywrap.c: In function â€˜npyiter_subscriptâ€™:
      numpy/core/src/multiarray/nditer_pywrap.c:2254:32: warning: passing argument 1 of â€˜PySlice_GetIndicesâ€™ from incompatible pointer type [-Wincompatible-pointer-types]
       2254 |         if (PySlice_GetIndices((PySliceObject *)op,
            |                                ^~~~~~~~~~~~~~~~~~~
            |                                |
            |                                PySliceObject * {aka struct <anonymous> *}
      In file included from /usr/include/python3.8/Python.h:118,
                       from numpy/core/src/multiarray/common.c:2,
                       from numpy/core/src/multiarray/multiarraymodule_onefile.c:8:
      /usr/include/python3.8/sliceobject.h:41:46: note: expected â€˜PyObject *â€™ {aka â€˜struct _object *â€™} but argument is of type â€˜PySliceObject *â€™ {aka â€˜struct <anonymous> *â€™}
         41 | PyAPI_FUNC(int) PySlice_GetIndices(PyObject *r, Py_ssize_t length,
            |                                    ~~~~~~~~~~^
      In file included from numpy/core/src/multiarray/multiarraymodule_onefile.c:44:
      numpy/core/src/multiarray/nditer_pywrap.c: In function â€˜npyiter_ass_subscriptâ€™:
      numpy/core/src/multiarray/nditer_pywrap.c:2304:32: warning: passing argument 1 of â€˜PySlice_GetIndicesâ€™ from incompatible pointer type [-Wincompatible-pointer-types]
       2304 |         if (PySlice_GetIndices((PySliceObject *)op,
            |                                ^~~~~~~~~~~~~~~~~~~
            |                                |
            |                                PySliceObject * {aka struct <anonymous> *}
      In file included from /usr/include/python3.8/Python.h:118,
                       from numpy/core/src/multiarray/common.c:2,
                       from numpy/core/src/multiarray/multiarraymodule_onefile.c:8:
      /usr/include/python3.8/sliceobject.h:41:46: note: expected â€˜PyObject *â€™ {aka â€˜struct _object *â€™} but argument is of type â€˜PySliceObject *â€™ {aka â€˜struct <anonymous> *â€™}
         41 | PyAPI_FUNC(int) PySlice_GetIndices(PyObject *r, Py_ssize_t length,
            |                                    ~~~~~~~~~~^
      In file included from numpy/core/src/multiarray/multiarraymodule_onefile.c:49:
      numpy/core/src/multiarray/array_assign_scalar.c: In function â€˜PyArray_AssignRawScalarâ€™:
      numpy/core/src/multiarray/array_assign_scalar.c:232:34: warning: comparison of integer expressions of different signedness: â€˜long unsigned intâ€™ and â€˜intâ€™ [-Wsign-compare]
        232 |         if (sizeof(scalarbuffer) >= PyArray_DESCR(dst)->elsize) {
            |                                  ^~
      In file included from numpy/core/src/multiarray/multiarraymodule_onefile.c:50:
      numpy/core/src/multiarray/array_assign_array.c: In function â€˜PyArray_AssignArrayâ€™:
      numpy/core/src/multiarray/array_assign_array.c:384:1: warning: label â€˜finishâ€™ defined but not used [-Wunused-label]
        384 | finish:
            | ^~~~~~
      In file included from numpy/core/src/multiarray/multiarraymodule_onefile.c:51:
      numpy/core/src/multiarray/ucsnarrow.c: In function â€˜PyUnicode_FromUCS4â€™:
      numpy/core/src/multiarray/ucsnarrow.c:138:56: warning: pointer targets in passing argument 1 of â€˜PyUnicode_FromUnicodeâ€™ differ in signedness [-Wpointer-sign]
        138 |         ret = (PyUnicodeObject *)PyUnicode_FromUnicode(buf, (Py_ssize_t) ucs4len);
            |                                                        ^~~
            |                                                        |
            |                                                        npy_ucs4 * {aka unsigned int *}
      In file included from /usr/include/python3.8/unicodeobject.h:1037,
                       from /usr/include/python3.8/Python.h:97,
                       from numpy/core/src/multiarray/common.c:2,
                       from numpy/core/src/multiarray/multiarraymodule_onefile.c:8:
      /usr/include/python3.8/cpython/unicodeobject.h:550:48: note: expected â€˜const Py_UNICODE *â€™ {aka â€˜const int *â€™} but argument is of type â€˜npy_ucs4 *â€™ {aka â€˜unsigned int *â€™}
        550 | /* Py_DEPRECATED(3.3) */ PyAPI_FUNC(PyObject*) PyUnicode_FromUnicode(
            |                                                ^~~~~~~~~~~~~~~~~~~~~
      In file included from numpy/core/src/multiarray/multiarraymodule_onefile.c:57:
      numpy/core/src/multiarray/multiarraymodule.c: In function â€˜PyArray_ConcatenateArraysâ€™:
      numpy/core/src/multiarray/multiarraymodule.c:341:14: warning: suggest parentheses around comparison in operand of â€˜&â€™ [-Wparentheses]
        341 |     if (ndim == 1 & axis != 0) {
            |         ~~~~~^~~~
      In file included from numpy/core/src/multiarray/multiarraymodule_onefile.c:51:
      At top level:
      numpy/core/src/multiarray/ucsnarrow.c:65:1: warning: â€˜PyUCS2Buffer_AsUCS4â€™ defined but not used [-Wunused-function]
         65 | PyUCS2Buffer_AsUCS4(Py_UNICODE *ucs2, npy_ucs4 *ucs4, int ucs2len, int ucs4len)
            | ^~~~~~~~~~~~~~~~~~~
      numpy/core/src/multiarray/ucsnarrow.c:33:1: warning: â€˜PyUCS2Buffer_FromUCS4â€™ defined but not used [-Wunused-function]
         33 | PyUCS2Buffer_FromUCS4(Py_UNICODE *ucs2, npy_ucs4 *ucs4, int ucs4length)
            | ^~~~~~~~~~~~~~~~~~~~~
      In file included from numpy/core/src/multiarray/multiarraymodule_onefile.c:32:
      numpy/core/src/multiarray/convert.c:474:1: warning: â€˜PyArray_AssignOneâ€™ defined but not used [-Wunused-function]
        474 | PyArray_AssignOne(PyArrayObject *dst,
            | ^~~~~~~~~~~~~~~~~
      In file included from numpy/core/src/multiarray/multiarraymodule_onefile.c:26:
      numpy/core/src/multiarray/mapping.c:90:1: warning: â€˜_array_ass_itemâ€™ defined but not used [-Wunused-function]
         90 | _array_ass_item(PyArrayObject *self, Py_ssize_t i, PyObject *v)
            | ^~~~~~~~~~~~~~~
      In file included from numpy/core/src/multiarray/multiarraymodule_onefile.c:34:
      numpy/core/src/multiarray/item_selection.c: In function â€˜PyArray_Sortâ€™:
      numpy/core/src/multiarray/item_selection.c:957:26: warning: â€˜orignâ€™ may be used uninitialized in this function [-Wmaybe-uninitialized]
        957 |     int i, n, m, elsize, orign;
            |                          ^~~~~
      x86_64-linux-gnu-gcc -pthread -shared -Wl,-O1 -Wl,-Bsymbolic-functions -Wl,-Bsymbolic-functions -Wl,-z,relro -g -fwrapv -O2 -Wl,-Bsymbolic-functions -Wl,-z,relro -g -fwrapv -O2 -g -fstack-protector-strong -Wformat -Werror=format-security -Wdate-time -D_FORTIFY_SOURCE=2 build/temp.linux-x86_64-3.8/numpy/core/src/multiarray/multiarraymodule_onefile.o -Lbuild/temp.linux-x86_64-3.8 -lnpymath -lnpysort -lm -o build/lib.linux-x86_64-3.8/numpy/core/multiarray.cpython-38-x86_64-linux-gnu.so
      building 'numpy.core.umath' extension
      compiling C sources
      C compiler: x86_64-linux-gnu-gcc -pthread -Wno-unused-result -Wsign-compare -DNDEBUG -g -fwrapv -O2 -Wall -g -fstack-protector-strong -Wformat -Werror=format-security -g -fwrapv -O2 -g -fstack-protector-strong -Wformat -Werror=format-security -Wdate-time -D_FORTIFY_SOURCE=2 -fPIC
      
      creating build/temp.linux-x86_64-3.8/numpy/core/src/umath
      compile options: '-Ibuild/src.linux-x86_64-3.8/numpy/core/src/umath -Inumpy/core/include -Ibuild/src.linux-x86_64-3.8/numpy/core/include/numpy -Inumpy/core/src/private -Inumpy/core/src -Inumpy/core -Inumpy/core/src/npymath -Inumpy/core/src/multiarray -Inumpy/core/src/umath -Inumpy/core/src/npysort -Inumpy/core/include -I/usr/include/python3.8 -Ibuild/src.linux-x86_64-3.8/numpy/core/src/multiarray -Ibuild/src.linux-x86_64-3.8/numpy/core/src/umath -c'
      x86_64-linux-gnu-gcc: numpy/core/src/umath/umathmodule_onefile.c
      In file included from numpy/core/src/umath/umathmodule_onefile.c:3:
      numpy/core/src/umath/ufunc_object.c: In function â€˜get_ufunc_argumentsâ€™:
      numpy/core/src/umath/ufunc_object.c:717:37: warning: unused variable â€˜noutâ€™ [-Wunused-variable]
        717 |     int i, nargs, nin = ufunc->nin, nout = ufunc->nout;
            |                                     ^~~~
      In file included from numpy/core/src/umath/umathmodule_onefile.c:4:
      numpy/core/src/umath/ufunc_type_resolution.c: In function â€˜type_tuple_type_resolverâ€™:
      numpy/core/src/umath/ufunc_type_resolution.c:1979:63: warning: comparison of constant â€˜0â€™ with boolean expression is always false [-Wbool-compare]
       1979 |         if (!PyBytes_AsStringAndSize(type_tup, &str, &length) < 0) {
            |                                                               ^
      numpy/core/src/umath/ufunc_type_resolution.c:1979:63: warning: logical not is only applied to the left hand side of comparison [-Wlogical-not-parentheses]
      numpy/core/src/umath/ufunc_type_resolution.c:1979:13: note: add parentheses around left hand side expression to silence this warning
       1979 |         if (!PyBytes_AsStringAndSize(type_tup, &str, &length) < 0) {
            |             ^~~~~~~~~~~~~~~~~~~~~~~~~~~~~~~~~~~~~~~~~~~~~~~~~
            |             (                                                )
      In file included from numpy/core/src/umath/ufunc_object.c:42,
                       from numpy/core/src/umath/umathmodule_onefile.c:3:
      numpy/core/src/umath/umathmodule_onefile.c: At top level:
      numpy/core/src/private/lowlevel_strided_loops.h:82:1: warning: â€˜PyArray_GetStridedCopyFnâ€™ declared â€˜staticâ€™ but never defined [-Wunused-function]
         82 | PyArray_GetStridedCopyFn(int aligned,
            | ^~~~~~~~~~~~~~~~~~~~~~~~
      numpy/core/src/private/lowlevel_strided_loops.h:97:1: warning: â€˜PyArray_GetStridedCopySwapFnâ€™ declared â€˜staticâ€™ but never defined [-Wunused-function]
         97 | PyArray_GetStridedCopySwapFn(int aligned,
            | ^~~~~~~~~~~~~~~~~~~~~~~~~~~~
      numpy/core/src/private/lowlevel_strided_loops.h:112:1: warning: â€˜PyArray_GetStridedCopySwapPairFnâ€™ declared â€˜staticâ€™ but never defined [-Wunused-function]
        112 | PyArray_GetStridedCopySwapPairFn(int aligned,
            | ^~~~~~~~~~~~~~~~~~~~~~~~~~~~~~~~
      numpy/core/src/private/lowlevel_strided_loops.h:127:1: warning: â€˜PyArray_GetStridedZeroPadCopyFnâ€™ declared â€˜staticâ€™ but never defined [-Wunused-function]
        127 | PyArray_GetStridedZeroPadCopyFn(int aligned,
            | ^~~~~~~~~~~~~~~~~~~~~~~~~~~~~~~
      numpy/core/src/private/lowlevel_strided_loops.h:140:1: warning: â€˜PyArray_GetStridedNumericCastFnâ€™ declared â€˜staticâ€™ but never defined [-Wunused-function]
        140 | PyArray_GetStridedNumericCastFn(int aligned,
            | ^~~~~~~~~~~~~~~~~~~~~~~~~~~~~~~
      numpy/core/src/private/lowlevel_strided_loops.h:151:1: warning: â€˜PyArray_GetDTypeCopySwapFnâ€™ declared â€˜staticâ€™ but never defined [-Wunused-function]
        151 | PyArray_GetDTypeCopySwapFn(int aligned,
            | ^~~~~~~~~~~~~~~~~~~~~~~~~~
      numpy/core/src/private/lowlevel_strided_loops.h:203:1: warning: â€˜PyArray_GetDTypeTransferFunctionâ€™ declared â€˜staticâ€™ but never defined [-Wunused-function]
        203 | PyArray_GetDTypeTransferFunction(int aligned,
            | ^~~~~~~~~~~~~~~~~~~~~~~~~~~~~~~~
      numpy/core/src/private/lowlevel_strided_loops.h:227:1: warning: â€˜PyArray_GetMaskedDTypeTransferFunctionâ€™ declared â€˜staticâ€™ but never defined [-Wunused-function]
        227 | PyArray_GetMaskedDTypeTransferFunction(int aligned,
            | ^~~~~~~~~~~~~~~~~~~~~~~~~~~~~~~~~~~~~~
      numpy/core/src/private/lowlevel_strided_loops.h:247:1: warning: â€˜PyArray_CastRawArraysâ€™ declared â€˜staticâ€™ but never defined [-Wunused-function]
        247 | PyArray_CastRawArrays(npy_intp count,
            | ^~~~~~~~~~~~~~~~~~~~~
      numpy/core/src/private/lowlevel_strided_loops.h:296:1: warning: â€˜PyArray_TransferNDimToStridedâ€™ declared â€˜staticâ€™ but never defined [-Wunused-function]
        296 | PyArray_TransferNDimToStrided(npy_intp ndim,
            | ^~~~~~~~~~~~~~~~~~~~~~~~~~~~~
      numpy/core/src/private/lowlevel_strided_loops.h:306:1: warning: â€˜PyArray_TransferStridedToNDimâ€™ declared â€˜staticâ€™ but never defined [-Wunused-function]
        306 | PyArray_TransferStridedToNDim(npy_intp ndim,
            | ^~~~~~~~~~~~~~~~~~~~~~~~~~~~~
      numpy/core/src/private/lowlevel_strided_loops.h:316:1: warning: â€˜PyArray_TransferMaskedStridedToNDimâ€™ declared â€˜staticâ€™ but never defined [-Wunused-function]
        316 | PyArray_TransferMaskedStridedToNDim(npy_intp ndim,
            | ^~~~~~~~~~~~~~~~~~~~~~~~~~~~~~~~~~~
      numpy/core/src/private/lowlevel_strided_loops.h:343:1: warning: â€˜PyArray_PrepareOneRawArrayIterâ€™ declared â€˜staticâ€™ but never defined [-Wunused-function]
        343 | PyArray_PrepareOneRawArrayIter(int ndim, npy_intp *shape,
            | ^~~~~~~~~~~~~~~~~~~~~~~~~~~~~~
      numpy/core/src/private/lowlevel_strided_loops.h:365:1: warning: â€˜PyArray_PrepareTwoRawArrayIterâ€™ declared â€˜staticâ€™ but never defined [-Wunused-function]
        365 | PyArray_PrepareTwoRawArrayIter(int ndim, npy_intp *shape,
            | ^~~~~~~~~~~~~~~~~~~~~~~~~~~~~~
      numpy/core/src/private/lowlevel_strided_loops.h:389:1: warning: â€˜PyArray_PrepareThreeRawArrayIterâ€™ declared â€˜staticâ€™ but never defined [-Wunused-function]
        389 | PyArray_PrepareThreeRawArrayIter(int ndim, npy_intp *shape,
            | ^~~~~~~~~~~~~~~~~~~~~~~~~~~~~~~~
      In file included from numpy/core/src/umath/umathmodule_onefile.c:1:
      numpy/core/src/umath/loops.c.src: In function â€˜OBJECT_signâ€™:
      numpy/core/src/umath/loops.c.src:2257:13: warning: â€˜vâ€™ may be used uninitialized in this function [-Wmaybe-uninitialized]
       2257 |         int v;
            |             ^
      x86_64-linux-gnu-gcc -pthread -shared -Wl,-O1 -Wl,-Bsymbolic-functions -Wl,-Bsymbolic-functions -Wl,-z,relro -g -fwrapv -O2 -Wl,-Bsymbolic-functions -Wl,-z,relro -g -fwrapv -O2 -g -fstack-protector-strong -Wformat -Werror=format-security -Wdate-time -D_FORTIFY_SOURCE=2 build/temp.linux-x86_64-3.8/numpy/core/src/umath/umathmodule_onefile.o -Lbuild/temp.linux-x86_64-3.8 -lnpymath -lm -o build/lib.linux-x86_64-3.8/numpy/core/umath.cpython-38-x86_64-linux-gnu.so
      building 'numpy.core.scalarmath' extension
      compiling C sources
      C compiler: x86_64-linux-gnu-gcc -pthread -Wno-unused-result -Wsign-compare -DNDEBUG -g -fwrapv -O2 -Wall -g -fstack-protector-strong -Wformat -Werror=format-security -g -fwrapv -O2 -g -fstack-protector-strong -Wformat -Werror=format-security -Wdate-time -D_FORTIFY_SOURCE=2 -fPIC
      
      compile options: '-Inumpy/core/include -Ibuild/src.linux-x86_64-3.8/numpy/core/include/numpy -Inumpy/core/src/private -Inumpy/core/src -Inumpy/core -Inumpy/core/src/npymath -Inumpy/core/src/multiarray -Inumpy/core/src/umath -Inumpy/core/src/npysort -Inumpy/core/include -I/usr/include/python3.8 -Ibuild/src.linux-x86_64-3.8/numpy/core/src/multiarray -Ibuild/src.linux-x86_64-3.8/numpy/core/src/umath -c'
      x86_64-linux-gnu-gcc: build/src.linux-x86_64-3.8/numpy/core/src/scalarmathmodule.c
      numpy/core/src/scalarmathmodule.c.src:1469:1: warning: â€˜clongdouble_longâ€™ defined but not used [-Wunused-function]
       1469 | @name@_@which@(PyObject *obj)
            | ^~~~~~~~~~~~~~~~
      numpy/core/src/scalarmathmodule.c.src:1469:1: warning: â€˜cdouble_longâ€™ defined but not used [-Wunused-function]
       1469 | @name@_@which@(PyObject *obj)
            | ^~~~~~~~~~~~
      numpy/core/src/scalarmathmodule.c.src:1469:1: warning: â€˜cfloat_longâ€™ defined but not used [-Wunused-function]
       1469 | @name@_@which@(PyObject *obj)
            | ^~~~~~~~~~~
      numpy/core/src/scalarmathmodule.c.src:1469:1: warning: â€˜longdouble_longâ€™ defined but not used [-Wunused-function]
       1469 | @name@_@which@(PyObject *obj)
            | ^~~~~~~~~~~~~~~
      numpy/core/src/scalarmathmodule.c.src:1469:1: warning: â€˜double_longâ€™ defined but not used [-Wunused-function]
       1469 | @name@_@which@(PyObject *obj)
            | ^~~~~~~~~~~
      numpy/core/src/scalarmathmodule.c.src:1469:1: warning: â€˜float_longâ€™ defined but not used [-Wunused-function]
       1469 | @name@_@which@(PyObject *obj)
            | ^~~~~~~~~~
      numpy/core/src/scalarmathmodule.c.src:1469:1: warning: â€˜half_longâ€™ defined but not used [-Wunused-function]
       1469 | @name@_@which@(PyObject *obj)
            | ^~~~~~~~~
      numpy/core/src/scalarmathmodule.c.src:1469:1: warning: â€˜ulonglong_longâ€™ defined but not used [-Wunused-function]
       1469 | @name@_@which@(PyObject *obj)
            | ^~~~~~~~~~~~~~
      numpy/core/src/scalarmathmodule.c.src:1469:1: warning: â€˜longlong_longâ€™ defined but not used [-Wunused-function]
       1469 | @name@_@which@(PyObject *obj)
            | ^~~~~~~~~~~~~
      numpy/core/src/scalarmathmodule.c.src:1469:1: warning: â€˜ulong_longâ€™ defined but not used [-Wunused-function]
       1469 | @name@_@which@(PyObject *obj)
            | ^~~~~~~~~~
      numpy/core/src/scalarmathmodule.c.src:1469:1: warning: â€˜long_longâ€™ defined but not used [-Wunused-function]
       1469 | @name@_@which@(PyObject *obj)
            | ^~~~~~~~~
      numpy/core/src/scalarmathmodule.c.src:1469:1: warning: â€˜uint_longâ€™ defined but not used [-Wunused-function]
       1469 | @name@_@which@(PyObject *obj)
            | ^~~~~~~~~
      numpy/core/src/scalarmathmodule.c.src:1469:1: warning: â€˜int_longâ€™ defined but not used [-Wunused-function]
       1469 | @name@_@which@(PyObject *obj)
            | ^~~~~~~~
      numpy/core/src/scalarmathmodule.c.src:1469:1: warning: â€˜ushort_longâ€™ defined but not used [-Wunused-function]
       1469 | @name@_@which@(PyObject *obj)
            | ^~~~~~~~~~~
      numpy/core/src/scalarmathmodule.c.src:1469:1: warning: â€˜short_longâ€™ defined but not used [-Wunused-function]
       1469 | @name@_@which@(PyObject *obj)
            | ^~~~~~~~~~
      numpy/core/src/scalarmathmodule.c.src:1469:1: warning: â€˜ubyte_longâ€™ defined but not used [-Wunused-function]
       1469 | @name@_@which@(PyObject *obj)
            | ^~~~~~~~~~
      numpy/core/src/scalarmathmodule.c.src:1469:1: warning: â€˜byte_longâ€™ defined but not used [-Wunused-function]
       1469 | @name@_@which@(PyObject *obj)
            | ^~~~~~~~~
      x86_64-linux-gnu-gcc -pthread -shared -Wl,-O1 -Wl,-Bsymbolic-functions -Wl,-Bsymbolic-functions -Wl,-z,relro -g -fwrapv -O2 -Wl,-Bsymbolic-functions -Wl,-z,relro -g -fwrapv -O2 -g -fstack-protector-strong -Wformat -Werror=format-security -Wdate-time -D_FORTIFY_SOURCE=2 build/temp.linux-x86_64-3.8/build/src.linux-x86_64-3.8/numpy/core/src/scalarmathmodule.o -Lbuild/temp.linux-x86_64-3.8 -lnpymath -lm -o build/lib.linux-x86_64-3.8/numpy/core/scalarmath.cpython-38-x86_64-linux-gnu.so
      building 'numpy.core._dotblas' extension
      compiling C sources
      C compiler: x86_64-linux-gnu-gcc -pthread -Wno-unused-result -Wsign-compare -DNDEBUG -g -fwrapv -O2 -Wall -g -fstack-protector-strong -Wformat -Werror=format-security -g -fwrapv -O2 -g -fstack-protector-strong -Wformat -Werror=format-security -Wdate-time -D_FORTIFY_SOURCE=2 -fPIC
      
      creating build/temp.linux-x86_64-3.8/numpy/core/blasdot
      compile options: '-DNO_ATLAS_INFO=-1 -Inumpy/core/blasdot -Inumpy/core/include -Ibuild/src.linux-x86_64-3.8/numpy/core/include/numpy -Inumpy/core/src/private -Inumpy/core/src -Inumpy/core -Inumpy/core/src/npymath -Inumpy/core/src/multiarray -Inumpy/core/src/umath -Inumpy/core/src/npysort -Inumpy/core/include -I/usr/include/python3.8 -Ibuild/src.linux-x86_64-3.8/numpy/core/src/multiarray -Ibuild/src.linux-x86_64-3.8/numpy/core/src/umath -c'
      x86_64-linux-gnu-gcc: numpy/core/blasdot/_dotblas.c
      numpy/core/blasdot/_dotblas.c:23:13: warning: â€˜module_docâ€™ defined but not used [-Wunused-variable]
         23 | static char module_doc[] =
            |             ^~~~~~~~~~
      x86_64-linux-gnu-gcc -pthread -shared -Wl,-O1 -Wl,-Bsymbolic-functions -Wl,-Bsymbolic-functions -Wl,-z,relro -g -fwrapv -O2 -Wl,-Bsymbolic-functions -Wl,-z,relro -g -fwrapv -O2 -g -fstack-protector-strong -Wformat -Werror=format-security -Wdate-time -D_FORTIFY_SOURCE=2 build/temp.linux-x86_64-3.8/numpy/core/blasdot/_dotblas.o -Lbuild/temp.linux-x86_64-3.8 -lf77blas -lcblas -latlas -o build/lib.linux-x86_64-3.8/numpy/core/_dotblas.cpython-38-x86_64-linux-gnu.so
      building 'numpy.core.umath_tests' extension
      compiling C sources
      C compiler: x86_64-linux-gnu-gcc -pthread -Wno-unused-result -Wsign-compare -DNDEBUG -g -fwrapv -O2 -Wall -g -fstack-protector-strong -Wformat -Werror=format-security -g -fwrapv -O2 -g -fstack-protector-strong -Wformat -Werror=format-security -Wdate-time -D_FORTIFY_SOURCE=2 -fPIC
      
      creating build/temp.linux-x86_64-3.8/build/src.linux-x86_64-3.8/numpy/core/src/umath
      compile options: '-Inumpy/core/include -Ibuild/src.linux-x86_64-3.8/numpy/core/include/numpy -Inumpy/core/src/private -Inumpy/core/src -Inumpy/core -Inumpy/core/src/npymath -Inumpy/core/src/multiarray -Inumpy/core/src/umath -Inumpy/core/src/npysort -Inumpy/core/include -I/usr/include/python3.8 -Ibuild/src.linux-x86_64-3.8/numpy/core/src/multiarray -Ibuild/src.linux-x86_64-3.8/numpy/core/src/umath -c'
      x86_64-linux-gnu-gcc: build/src.linux-x86_64-3.8/numpy/core/src/umath/umath_tests.c
      x86_64-linux-gnu-gcc -pthread -shared -Wl,-O1 -Wl,-Bsymbolic-functions -Wl,-Bsymbolic-functions -Wl,-z,relro -g -fwrapv -O2 -Wl,-Bsymbolic-functions -Wl,-z,relro -g -fwrapv -O2 -g -fstack-protector-strong -Wformat -Werror=format-security -Wdate-time -D_FORTIFY_SOURCE=2 build/temp.linux-x86_64-3.8/build/src.linux-x86_64-3.8/numpy/core/src/umath/umath_tests.o -Lbuild/temp.linux-x86_64-3.8 -o build/lib.linux-x86_64-3.8/numpy/core/umath_tests.cpython-38-x86_64-linux-gnu.so
      building 'numpy.core.multiarray_tests' extension
      compiling C sources
      C compiler: x86_64-linux-gnu-gcc -pthread -Wno-unused-result -Wsign-compare -DNDEBUG -g -fwrapv -O2 -Wall -g -fstack-protector-strong -Wformat -Werror=format-security -g -fwrapv -O2 -g -fstack-protector-strong -Wformat -Werror=format-security -Wdate-time -D_FORTIFY_SOURCE=2 -fPIC
      
      creating build/temp.linux-x86_64-3.8/build/src.linux-x86_64-3.8/numpy/core/src/multiarray
      compile options: '-Inumpy/core/include -Ibuild/src.linux-x86_64-3.8/numpy/core/include/numpy -Inumpy/core/src/private -Inumpy/core/src -Inumpy/core -Inumpy/core/src/npymath -Inumpy/core/src/multiarray -Inumpy/core/src/umath -Inumpy/core/src/npysort -Inumpy/core/include -I/usr/include/python3.8 -Ibuild/src.linux-x86_64-3.8/numpy/core/src/multiarray -Ibuild/src.linux-x86_64-3.8/numpy/core/src/umath -c'
      x86_64-linux-gnu-gcc: build/src.linux-x86_64-3.8/numpy/core/src/multiarray/multiarray_tests.c
      x86_64-linux-gnu-gcc -pthread -shared -Wl,-O1 -Wl,-Bsymbolic-functions -Wl,-Bsymbolic-functions -Wl,-z,relro -g -fwrapv -O2 -Wl,-Bsymbolic-functions -Wl,-z,relro -g -fwrapv -O2 -g -fstack-protector-strong -Wformat -Werror=format-security -Wdate-time -D_FORTIFY_SOURCE=2 build/temp.linux-x86_64-3.8/build/src.linux-x86_64-3.8/numpy/core/src/multiarray/multiarray_tests.o -Lbuild/temp.linux-x86_64-3.8 -o build/lib.linux-x86_64-3.8/numpy/core/multiarray_tests.cpython-38-x86_64-linux-gnu.so
      building 'numpy.lib._compiled_base' extension
      compiling C sources
      C compiler: x86_64-linux-gnu-gcc -pthread -Wno-unused-result -Wsign-compare -DNDEBUG -g -fwrapv -O2 -Wall -g -fstack-protector-strong -Wformat -Werror=format-security -g -fwrapv -O2 -g -fstack-protector-strong -Wformat -Werror=format-security -Wdate-time -D_FORTIFY_SOURCE=2 -fPIC
      
      creating build/temp.linux-x86_64-3.8/numpy/lib
      creating build/temp.linux-x86_64-3.8/numpy/lib/src
      compile options: '-Inumpy/core/include -Ibuild/src.linux-x86_64-3.8/numpy/core/include/numpy -Inumpy/core/src/private -Inumpy/core/src -Inumpy/core -Inumpy/core/src/npymath -Inumpy/core/src/multiarray -Inumpy/core/src/umath -Inumpy/core/src/npysort -Inumpy/core/include -I/usr/include/python3.8 -Ibuild/src.linux-x86_64-3.8/numpy/core/src/multiarray -Ibuild/src.linux-x86_64-3.8/numpy/core/src/umath -c'
      x86_64-linux-gnu-gcc: numpy/lib/src/_compiled_base.c
      x86_64-linux-gnu-gcc -pthread -shared -Wl,-O1 -Wl,-Bsymbolic-functions -Wl,-Bsymbolic-functions -Wl,-z,relro -g -fwrapv -O2 -Wl,-Bsymbolic-functions -Wl,-z,relro -g -fwrapv -O2 -g -fstack-protector-strong -Wformat -Werror=format-security -Wdate-time -D_FORTIFY_SOURCE=2 build/temp.linux-x86_64-3.8/numpy/lib/src/_compiled_base.o -Lbuild/temp.linux-x86_64-3.8 -o build/lib.linux-x86_64-3.8/numpy/lib/_compiled_base.cpython-38-x86_64-linux-gnu.so
      building 'numpy.numarray._capi' extension
      compiling C sources
      C compiler: x86_64-linux-gnu-gcc -pthread -Wno-unused-result -Wsign-compare -DNDEBUG -g -fwrapv -O2 -Wall -g -fstack-protector-strong -Wformat -Werror=format-security -g -fwrapv -O2 -g -fstack-protector-strong -Wformat -Werror=format-security -Wdate-time -D_FORTIFY_SOURCE=2 -fPIC
      
      creating build/temp.linux-x86_64-3.8/numpy/numarray
      compile options: '-Inumpy/core/include -Ibuild/src.linux-x86_64-3.8/numpy/core/include/numpy -Inumpy/core/src/private -Inumpy/core/src -Inumpy/core -Inumpy/core/src/npymath -Inumpy/core/src/multiarray -Inumpy/core/src/umath -Inumpy/core/src/npysort -Inumpy/core/include -I/usr/include/python3.8 -Ibuild/src.linux-x86_64-3.8/numpy/core/src/multiarray -Ibuild/src.linux-x86_64-3.8/numpy/core/src/umath -c'
      x86_64-linux-gnu-gcc: numpy/numarray/_capi.c
      numpy/numarray/_capi.c: In function â€˜NA_OutputArrayâ€™:
      numpy/numarray/_capi.c:1104:42: warning: passing argument 2 of â€˜(int (*)(PyArrayObject *, PyArrayObject *))*(PyArray_API + 2296)â€™ from incompatible pointer type [-Wincompatible-pointer-types]
       1104 |     if (PyArray_SetUpdateIfCopyBase(ret, a) < 0) {
            |                                          ^
            |                                          |
            |                                          PyObject * {aka struct _object *}
      numpy/numarray/_capi.c:1104:42: note: expected â€˜PyArrayObject *â€™ {aka â€˜struct tagPyArrayObject *â€™} but argument is of type â€˜PyObject *â€™ {aka â€˜struct _object *â€™}
      numpy/numarray/_capi.c: In function â€˜NA_IeeeMask32â€™:
      numpy/numarray/_capi.c:3073:17: warning: dereferencing type-punned pointer will break strict-aliasing rules [-Wstrict-aliasing]
       3073 |     UInt32 v = *(UInt32 *) &f;
            |                 ^~~~~~~~~~~~~
      numpy/numarray/_capi.c: In function â€˜NA_IeeeMask64â€™:
      numpy/numarray/_capi.c:3117:17: warning: dereferencing type-punned pointer will break strict-aliasing rules [-Wstrict-aliasing]
       3117 |     UInt64 v = *(UInt64 *) &f;
            |                 ^~~~~~~~~~~~~
      x86_64-linux-gnu-gcc -pthread -shared -Wl,-O1 -Wl,-Bsymbolic-functions -Wl,-Bsymbolic-functions -Wl,-z,relro -g -fwrapv -O2 -Wl,-Bsymbolic-functions -Wl,-z,relro -g -fwrapv -O2 -g -fstack-protector-strong -Wformat -Werror=format-security -Wdate-time -D_FORTIFY_SOURCE=2 build/temp.linux-x86_64-3.8/numpy/numarray/_capi.o -Lbuild/temp.linux-x86_64-3.8 -o build/lib.linux-x86_64-3.8/numpy/numarray/_capi.cpython-38-x86_64-linux-gnu.so
      building 'numpy.fft.fftpack_lite' extension
      compiling C sources
      C compiler: x86_64-linux-gnu-gcc -pthread -Wno-unused-result -Wsign-compare -DNDEBUG -g -fwrapv -O2 -Wall -g -fstack-protector-strong -Wformat -Werror=format-security -g -fwrapv -O2 -g -fstack-protector-strong -Wformat -Werror=format-security -Wdate-time -D_FORTIFY_SOURCE=2 -fPIC
      
      creating build/temp.linux-x86_64-3.8/numpy/fft
      compile options: '-Inumpy/core/include -Ibuild/src.linux-x86_64-3.8/numpy/core/include/numpy -Inumpy/core/src/private -Inumpy/core/src -Inumpy/core -Inumpy/core/src/npymath -Inumpy/core/src/multiarray -Inumpy/core/src/umath -Inumpy/core/src/npysort -Inumpy/core/include -I/usr/include/python3.8 -Ibuild/src.linux-x86_64-3.8/numpy/core/src/multiarray -Ibuild/src.linux-x86_64-3.8/numpy/core/src/umath -c'
      x86_64-linux-gnu-gcc: numpy/fft/fftpack_litemodule.c
      numpy/fft/fftpack_litemodule.c:310:13: warning: â€˜fftpack_module_documentationâ€™ defined but not used [-Wunused-variable]
        310 | static char fftpack_module_documentation[] = "" ;
            |             ^~~~~~~~~~~~~~~~~~~~~~~~~~~~
      x86_64-linux-gnu-gcc: numpy/fft/fftpack.c
      x86_64-linux-gnu-gcc -pthread -shared -Wl,-O1 -Wl,-Bsymbolic-functions -Wl,-Bsymbolic-functions -Wl,-z,relro -g -fwrapv -O2 -Wl,-Bsymbolic-functions -Wl,-z,relro -g -fwrapv -O2 -g -fstack-protector-strong -Wformat -Werror=format-security -Wdate-time -D_FORTIFY_SOURCE=2 build/temp.linux-x86_64-3.8/numpy/fft/fftpack_litemodule.o build/temp.linux-x86_64-3.8/numpy/fft/fftpack.o -Lbuild/temp.linux-x86_64-3.8 -o build/lib.linux-x86_64-3.8/numpy/fft/fftpack_lite.cpython-38-x86_64-linux-gnu.so
      building 'numpy.linalg.lapack_lite' extension
      compiling C sources
      C compiler: x86_64-linux-gnu-gcc -pthread -Wno-unused-result -Wsign-compare -DNDEBUG -g -fwrapv -O2 -Wall -g -fstack-protector-strong -Wformat -Werror=format-security -g -fwrapv -O2 -g -fstack-protector-strong -Wformat -Werror=format-security -Wdate-time -D_FORTIFY_SOURCE=2 -fPIC
      
      creating build/temp.linux-x86_64-3.8/numpy/linalg
      compile options: '-DNO_ATLAS_INFO=-1 -Inumpy/core/include -Ibuild/src.linux-x86_64-3.8/numpy/core/include/numpy -Inumpy/core/src/private -Inumpy/core/src -Inumpy/core -Inumpy/core/src/npymath -Inumpy/core/src/multiarray -Inumpy/core/src/umath -Inumpy/core/src/npysort -Inumpy/core/include -I/usr/include/python3.8 -Ibuild/src.linux-x86_64-3.8/numpy/core/src/multiarray -Ibuild/src.linux-x86_64-3.8/numpy/core/src/umath -c'
      x86_64-linux-gnu-gcc: numpy/linalg/lapack_litemodule.c
      numpy/linalg/lapack_litemodule.c:831:13: warning: â€˜lapack_lite_module_documentationâ€™ defined but not used [-Wunused-variable]
        831 | static char lapack_lite_module_documentation[] = "";
            |             ^~~~~~~~~~~~~~~~~~~~~~~~~~~~~~~~
      x86_64-linux-gnu-gcc: numpy/linalg/python_xerbla.c
      /usr/bin/gfortran -Wall -Wall -shared build/temp.linux-x86_64-3.8/numpy/linalg/lapack_litemodule.o build/temp.linux-x86_64-3.8/numpy/linalg/python_xerbla.o -L/usr/lib/x86_64-linux-gnu -Lbuild/temp.linux-x86_64-3.8 -llapack -lf77blas -lcblas -latla[0m[91ms -lgfortran -o build/lib.linux-x86_64-3.8/numpy/linalg/lapack_lite.cpython-38-x86_64-linux-gnu.so
      building 'numpy.random.mtrand' extension
      compiling C sources
      C compiler: x86_64-linux-gnu-gcc -pthread -Wno-unused-result -Wsign-compare -DNDEBUG -g -fwrapv -O2 -Wall -g -fstack-protector-strong -Wformat -Werror=format-security -g -fwrapv -O2 -g -fstack-protector-strong -Wformat -Werror=format-security -Wdate-time -D_FORTIFY_SOURCE=2 -fPIC
      
      creating build/temp.linux-x86_64-3.8/numpy/random
      creating build/temp.linux-x86_64-3.8/numpy/random/mtrand
      compile options: '-Inumpy/core/include -Ibuild/src.linux-x86_64-3.8/numpy/core/include/numpy -Inumpy/core/src/private -Inumpy/core/src -Inumpy/core -Inumpy/core/src/npymath -Inumpy/core/src/multiarray -Inumpy/core/src/umath -Inumpy/core/src/npysort -Inumpy/core/include -I/usr/include/python3.8 -Ibuild/src.linux-x86_64-3.8/numpy/core/src/multiarray -Ibuild/src.linux-x86_64-3.8/numpy/core/src/umath -c'
      x86_64-linux-gnu-gcc: numpy/random/mtrand/mtrand.c
      numpy/random/mtrand/mtrand.c: In function â€˜__Pyx_GetExceptionâ€™:
      numpy/random/mtrand/mtrand.c:24524:24: error: â€˜PyThreadStateâ€™ {aka â€˜struct _tsâ€™} has no member named â€˜exc_typeâ€™; did you mean â€˜curexc_typeâ€™?
      24524 |     tmp_type = tstate->exc_type;
            |                        ^~~~~~~~
            |                        curexc_type
      numpy/random/mtrand/mtrand.c:24525:25: error: â€˜PyThreadStateâ€™ {aka â€˜struct _tsâ€™} has no member named â€˜exc_valueâ€™; did you mean â€˜curexc_valueâ€™?
      24525 |     tmp_value = tstate->exc_value;
            |                         ^~~~~~~~~
            |                         curexc_value
      numpy/random/mtrand/mtrand.c:24526:22: error: â€˜PyThreadStateâ€™ {aka â€˜struct _tsâ€™} has no member named â€˜exc_tracebackâ€™; did you mean â€˜curexc_tracebackâ€™?
      24526 |     tmp_tb = tstate->exc_traceback;
            |                      ^~~~~~~~~~~~~
            |                      curexc_traceback
      numpy/random/mtrand/mtrand.c:24527:13: error: â€˜PyThreadStateâ€™ {aka â€˜struct _tsâ€™} has no member named â€˜exc_typeâ€™; did you mean â€˜curexc_typeâ€™?
      24527 |     tstate->exc_type = local_type;
            |             ^~~~~~~~
            |             curexc_type
      numpy/random/mtrand/mtrand.c:24528:13: error: â€˜PyThreadStateâ€™ {aka â€˜struct _tsâ€™} has no member named â€˜exc_valueâ€™; did you mean â€˜curexc_valueâ€™?
      24528 |     tstate->exc_value = local_value;
            |             ^~~~~~~~~
            |             curexc_value
      numpy/random/mtrand/mtrand.c:24529:13: error: â€˜PyThreadStateâ€™ {aka â€˜struct _tsâ€™} has no member named â€˜exc_tracebackâ€™; did you mean â€˜curexc_tracebackâ€™?
      24529 |     tstate->exc_traceback = local_tb;
            |             ^~~~~~~~~~~~~
            |             curexc_traceback
      numpy/random/mtrand/mtrand.c: In function â€˜__Pyx_ExceptionSaveâ€™:
      numpy/random/mtrand/mtrand.c:24603:21: error: â€˜PyThreadStateâ€™ {aka â€˜struct _tsâ€™} has no member named â€˜exc_typeâ€™; did you mean â€˜curexc_typeâ€™?
      24603 |     *type = tstate->exc_type;
            |                     ^~~~~~~~
            |                     curexc_type
      numpy/random/mtrand/mtrand.c:24604:22: error: â€˜PyThreadStateâ€™ {aka â€˜struct _tsâ€™} has no member named â€˜exc_valueâ€™; did you mean â€˜curexc_valueâ€™?
      24604 |     *value = tstate->exc_value;
            |                      ^~~~~~~~~
            |                      curexc_value
      numpy/random/mtrand/mtrand.c:24605:19: error: â€˜PyThreadStateâ€™ {aka â€˜struct _tsâ€™} has no member named â€˜exc_tracebackâ€™; did you mean â€˜curexc_tracebackâ€™?
      24605 |     *tb = tstate->exc_traceback;
            |                   ^~~~~~~~~~~~~
            |                   curexc_traceback
      numpy/random/mtrand/mtrand.c: In function â€˜__Pyx_ExceptionResetâ€™:
      numpy/random/mtrand/mtrand.c:24617:24: error: â€˜PyThreadStateâ€™ {aka â€˜struct _tsâ€™} has no member named â€˜exc_typeâ€™; did you mean â€˜curexc_typeâ€™?
      24617 |     tmp_type = tstate->exc_type;
            |                        ^~~~~~~~
            |                        curexc_type
      numpy/random/mtrand/mtrand.c:24618:25: error: â€˜PyThreadStateâ€™ {aka â€˜struct _tsâ€™} has no member named â€˜exc_valueâ€™; did you mean â€˜curexc_valueâ€™?
      24618 |     tmp_value = tstate->exc_value;
            |                         ^~~~~~~~~
            |                         curexc_value
      numpy/random/mtrand/mtrand.c:24619:22: error: â€˜PyThreadStateâ€™ {aka â€˜struct _tsâ€™} has no member named â€˜exc_tracebackâ€™; did you mean â€˜curexc_tracebackâ€™?
      24619 |     tmp_tb = tstate->exc_traceback;
            |                      ^~~~~~~~~~~~~
            |                      curexc_traceback
      numpy/random/mtrand/mtrand.c:24620:13: error: â€˜PyThreadStateâ€™ {aka â€˜struct _tsâ€™} has no member named â€˜exc_typeâ€™; did you mean â€˜curexc_typeâ€™?
      24620 |     tstate->exc_type = type;
            |             ^~~~~~~~
            |             curexc_type
      numpy/random/mtrand/mtrand.c:24621:13: error: â€˜PyThreadStateâ€™ {aka â€˜struct _tsâ€™} has no member named â€˜exc_valueâ€™; did you mean â€˜curexc_valueâ€™?
      24621 |     tstate->exc_value = value;
            |             ^~~~~~~~~
            |             curexc_value
      numpy/random/mtrand/mtrand.c:24622:13: error: â€˜PyThreadStateâ€™ {aka â€˜struct _tsâ€™} has no member named â€˜exc_tracebackâ€™; did you mean â€˜curexc_tracebackâ€™?
      24622 |     tstate->exc_traceback = tb;
            |             ^~~~~~~~~~~~~
            |             curexc_traceback
      numpy/random/mtrand/mtrand.c: In function Ã¢Â€Â˜__Pyx_GetExceptionÃ¢Â€Â™:
      numpy/random/mtrand/mtrand.c:24524:24: error: Ã¢Â€Â˜PyThreadStateÃ¢Â€Â™ {aka Ã¢Â€Â˜struct _tsÃ¢Â€Â™} has no member named Ã¢Â€Â˜exc_typeÃ¢Â€Â™; did you mean Ã¢Â€Â˜curexc_typeÃ¢Â€Â™?
      24524 |     tmp_type = tstate->exc_type;
            |                        ^~~~~~~~
            |                        curexc_type
      numpy/random/mtrand/mtrand.c:24525:25: error: Ã¢Â€Â˜PyThreadStateÃ¢Â€Â™ {aka Ã¢Â€Â˜struct _tsÃ¢Â€Â™} has no member named Ã¢Â€Â˜exc_valueÃ¢Â€Â™; did you mean Ã¢Â€Â˜curexc_valueÃ¢Â€Â™?
      24525 |     tmp_value = tstate->exc_value;
            |                         ^~~~~~~~~
            |                         curexc_value
      numpy/random/mtrand/mtrand.c:24526:22: error: Ã¢Â€Â˜PyThreadStateÃ¢Â€Â™ {aka Ã¢Â€Â˜struct _tsÃ¢Â€Â™} has no member named Ã¢Â€Â˜exc_tracebackÃ¢Â€Â™; did you mean Ã¢Â€Â˜curexc_tracebackÃ¢Â€Â™?
      24526 |     tmp_tb = tstate->exc_traceback;
            |                      ^~~~~~~~~~~~~
            |                      curexc_traceback
      numpy/random/mtrand/mtrand.c:24527:13: error: Ã¢Â€Â˜PyThreadStateÃ¢Â€Â™ {aka Ã¢Â€Â˜struct _tsÃ¢Â€Â™} has no member named Ã¢Â€Â˜exc_typeÃ¢Â€Â™; did you mean Ã¢Â€Â˜curexc_typeÃ¢Â€Â™?
      24527 |     tstate->exc_type = local_type;
            |             ^~~~~~~~
            |             curexc_type
      numpy/random/mtrand/mtrand.c:24528:13: error: Ã¢Â€Â˜PyThreadStateÃ¢Â€Â™ {aka Ã¢Â€Â˜struct _tsÃ¢Â€Â™} has no member named Ã¢Â€Â˜exc_valueÃ¢Â€Â™; did you mean Ã¢Â€Â˜curexc_valueÃ¢Â€Â™?
      24528 |     tstate->exc_value = local_value;
            |             ^~~~~~~~~
            |             curexc_value
      numpy/random/mtrand/mtrand.c:24529:13: error: Ã¢Â€Â˜PyThreadStateÃ¢Â€Â™ {aka Ã¢Â€Â˜struct _tsÃ¢Â€Â™} has no member named Ã¢Â€Â˜exc_tracebackÃ¢Â€Â™; did you mean Ã¢Â€Â˜curexc_tracebackÃ¢Â€Â™?
      24529 |     tstate->exc_traceback = local_tb;
            |             ^~~~~~~~~~~~~
            |             curexc_traceback
      numpy/random/mtrand/mtrand.c: In function Ã¢Â€Â˜__Pyx_ExceptionSaveÃ¢Â€Â™:
      numpy/random/mtrand/mtrand.c:24603:21: error: Ã¢Â€Â˜PyThreadStateÃ¢Â€Â™ {aka Ã¢Â€Â˜struct _tsÃ¢Â€Â™} has no member named Ã¢Â€Â˜exc_typeÃ¢Â€Â™; did you mean Ã¢Â€Â˜curexc_typeÃ¢Â€Â™?
      24603 |     *type = tstate->exc_type;
            |                     ^~~~~~~~
            |                     curexc_type
      numpy/random/mtrand/mtrand.c:24604:22: error: Ã¢Â€Â˜PyThreadStateÃ¢Â€Â™ {aka Ã¢Â€Â˜struct _tsÃ¢Â€Â™} has no member named Ã¢Â€Â˜exc_valueÃ¢Â€Â™; did you mean Ã¢Â€Â˜curexc_valueÃ¢Â€Â™?
      24604 |     *value = tstate->exc_value;
            |                      ^~~~~~~~~
            |                      curexc_value
      numpy/random/mtrand/mtrand.c:24605:19: error: Ã¢Â€Â˜PyThreadStateÃ¢Â€Â™ {aka Ã¢Â€Â˜struct _tsÃ¢Â€Â™} has no member named Ã¢Â€Â˜exc_tracebackÃ¢Â€Â™; did you mean Ã¢Â€Â˜curexc_tracebackÃ¢Â€Â™?
      24605 |     *tb = tstate->exc_traceback;
            |                   ^~~~~~~~~~~~~
            |                   curexc_traceback
      numpy/random/mtrand/mtrand.c: In function Ã¢Â€Â˜__Pyx_ExceptionResetÃ¢Â€Â™:
      numpy/random/mtrand/mtrand.c:24617:24: error: Ã¢Â€Â˜PyThreadStateÃ¢Â€Â™ {aka Ã¢Â€Â˜struct _tsÃ¢Â€Â™} has no member named Ã¢Â€Â˜exc_typeÃ¢Â€Â™; did you mean Ã¢Â€Â˜curexc_typeÃ¢Â€Â™?
      24617 |     tmp_type = tstate->exc_type;
            |                        ^~~~~~~~
            |                        curexc_type
      numpy/random/mtrand/mtrand.c:24618:25: error: Ã¢Â€Â˜PyThreadStateÃ¢Â€Â™ {aka Ã¢Â€Â˜struct _tsÃ¢Â€Â™} has no member named Ã¢Â€Â˜exc_valueÃ¢Â€Â™; did you mean Ã¢Â€Â˜curexc_valueÃ¢Â€Â™?
      24618 |     tmp_value = tstate->exc_value;
            |                         ^~~~~~~~~
            |                         curexc_value
      numpy/random/mtrand/mtrand.c:24619:22: error: Ã¢Â€Â˜PyThreadStateÃ¢Â€Â™ {aka Ã¢Â€Â˜struct _tsÃ¢Â€Â™} has no member named Ã¢Â€Â˜exc_tracebackÃ¢Â€Â™; did you mean Ã¢Â€Â˜curexc_tracebackÃ¢Â€Â™?
      24619 |     tmp_tb = tstate->exc_traceback;
            |                      ^~~~~~~~~~~~~
            |                      curexc_traceback
      numpy/random/mtrand/mtrand.c:24620:13: error: Ã¢Â€Â˜PyThreadStateÃ¢Â€Â™ {aka Ã¢Â€Â˜struct _tsÃ¢Â€Â™} has no member named Ã¢Â€Â˜exc_typeÃ¢Â€Â™; did you mean Ã¢Â€Â˜curexc_typeÃ¢Â€Â™?
      24620 |     tstate->exc_type = type;
            |             ^~~~~~~~
            |             curexc_type
      numpy/random/mtrand/mtrand.c:24621:13: error: Ã¢Â€Â˜PyThreadStateÃ¢Â€Â™ {aka Ã¢Â€Â˜struct _tsÃ¢Â€Â™} has no member named Ã¢Â€Â˜exc_valueÃ¢Â€Â™; did you mean Ã¢Â€Â˜curexc_valueÃ¢Â€Â™?
      24621 |     tstate->exc_value = value;
            |             ^~~~~~~~~
            |             curexc_value
      numpy/random/mtrand/mtrand.c:24622:13: error: Ã¢Â€Â˜PyThreadStateÃ¢Â€Â™ {aka Ã¢Â€Â˜struct _tsÃ¢Â€Â™} has no member named Ã¢Â€Â˜exc_tracebackÃ¢Â€Â™; did you mean Ã¢Â€Â˜curexc_tracebackÃ¢Â€Â™?
      24622 |     tstate->exc_traceback = tb;
            |             ^~~~~~~~~~~~~
            |             curexc_traceback
      error: Command "x86_64-linux-gnu-gcc -pthread -Wno-unused-result -Wsign-compare -DNDEBUG -g -fwrapv -O2 -Wall -g -fstack-protector-strong -Wformat -Werror=format-security -g -fwrapv -O2 -g -fstack-protector-strong -Wformat -Werror=format-security -Wdate-time -D_FORTIFY_SOURCE=2 -fPIC -Inumpy/core/include -Ibuild/src.linux-x86_64-3.8/numpy/core/include/numpy -Inumpy/core/src/private -Inumpy/core/src -Inumpy/core -Inumpy/core/src/npymath -Inumpy/core/src/multiarray -Inumpy/core/src/umath -Inumpy/core/src/npysort -Inumpy/core/include -I/usr/include/python3.8 -Ibuild/src.linux-x86_64-3.8/numpy/core/src/multiarray -Ibuild/src.linux-x86_64-3.8/numpy/core/src/umath -c numpy/random/mtrand/mtrand.c -o build/temp.linux-x86_64-3.8/numpy/random/mtrand/mtrand.o" failed with exit status 1
      [end of output]
  
  note: This error originates from a subprocess, and is likely not a problem with pip.
[0m  Running setup.py clean for numpy
[91m  ERROR: Failed building wheel for numpy
[0mFailed to build numpy
Installing collected packages: numpy
  Attempting uninstall: numpy
    Found existing installation: numpy 1.23.1
    Uninstalling numpy-1.23.1:
      Successfully uninstalled numpy-1.23.1
  Running setup.py install for numpy: started
  Running setup.py install for numpy: still running...
  Running setup.py install for numpy: finished with status 'error'
[91m  error: subprocess-exited-with-error
  
  Ã— Running setup.py install for numpy did not run successfully.
  â”‚ exit code: 1
  â•°â”€> [1291 lines of output]
      Converting to Python3 via 2to3...
      Running from numpy source directory.
      Warning: 'classifiers' should be a list, got type 'filter'
      non-existing path in 'numpy/distutils': 'site.cfg'
      /bin/sh: 1: svnversion: not found
      F2PY Version 2
      blas_opt_info:
      blas_mkl_info:
        libraries mkl,vml,guide not found in ['/usr/local/lib', '/usr/lib64', '/usr/lib', '/usr/lib/x86_64-linux-gnu']
        NOT AVAILABLE
      
      atlas_blas_threads_info:
      Setting PTATLAS=ATLAS
        libraries ptf77blas,ptcblas,atlas not found in ['/usr/local/lib', '/usr/lib64', '/usr/lib', '/usr/lib/x86_64-linux-gnu/atlas', '/usr/lib/x86_64-linux-gnu']
        NOT AVAILABLE
      
      atlas_blas_info:
      customize Gnu95FCompiler
      Found executable /usr/bin/gfortran
      customize Gnu95FCompiler
      customize Gnu95FCompiler using config
      compiling '_configtest.c':
      
      /* This file is generated from numpy/distutils/system_info.py */
      void ATL_buildinfo(void);
      int main(void) {
        ATL_buildinfo();
        return 0;
      }
      
      C compiler: x86_64-linux-gnu-gcc -pthread -Wno-unused-result -Wsign-compare -DNDEBUG -g -fwrapv -O2 -Wall -g -fstack-protector-strong -Wformat -Werror=format-security -g -fwrapv -O2 -g -fstack-protector-strong -Wformat -Werror=format-security -Wdate-time -D_FORTIFY_SOURCE=2 -fPIC
      
      compile options: '-c'
      x86_64-linux-gnu-gcc: _configtest.c
        FOUND:
          language = c
          libraries = ['f77blas', 'cblas', 'atlas']
          library_dirs = ['/usr/lib/x86_64-linux-gnu']
          define_macros = [('NO_ATLAS_INFO', -1)]
      
        FOUND:
          language = c
          libraries = ['f77blas', 'cblas', 'atlas']
          library_dirs = ['/usr/lib/x86_64-linux-gnu']
          define_macros = [('NO_ATLAS_INFO', -1)]
      
      /bin/sh: 1: svnversion: not found
      non-existing path in 'numpy/lib': 'benchmarks'
      lapack_opt_info:
      lapack_mkl_info:
      mkl_info:
        libraries mkl,vml,guide not found in ['/usr/local/lib', '/usr/lib64', '/usr/lib', '/usr/lib/x86_64-linux-gnu']
        NOT AVAILABLE
      
        NOT AVAILABLE
      
      atlas_threads_info:
      Setting PTATLAS=ATLAS
        libraries ptf77blas,ptcblas,atlas not found in /usr/local/lib
        libraries lapack_atlas not found in /usr/local/lib
        libraries ptf77blas,ptcblas,atlas not found in /usr/lib64
        libraries lapack_atlas not found in /usr/lib64
        libraries ptf77blas,ptcblas,atlas not found in /usr/lib
        libraries lapack_atlas not found in /usr/lib
        libraries ptf77blas,ptcblas,atlas not found in /usr/lib/x86_64-linux-gnu/atlas
        libraries lapack_atlas not found in /usr/lib/x86_64-linux-gnu/atlas
        libraries ptf77blas,ptcblas,atlas not found in /usr/lib/x86_64-linux-gnu
      <class 'numpy.distutils.system_info.atlas_threads_info'>
        NOT AVAILABLE
      
      atlas_info:
        libraries f77blas,cblas,atlas not found in /usr/local/lib
        libraries lapack_atlas not found in /usr/local/lib
        libraries f77blas,cblas,atlas not found in /usr/lib64
        libraries lapack_atlas not found in /usr/lib64
        libraries f77blas,cblas,atlas not found in /usr/lib
        libraries lapack_atlas not found in /usr/lib
        libraries f77blas,cblas,atlas not found in /usr/lib/x86_64-linux-gnu/atlas
        libraries lapack_atlas not found in /usr/lib/x86_64-linux-gnu/atlas
      <class 'numpy.distutils.system_info.atlas_info'>
      customize Gnu95FCompiler
      customize Gnu95FCompiler
      customize Gnu95FCompiler using config
      compiling '_configtest.c':
      
      /* This file is generated from numpy/distutils/system_info.py */
      void ATL_buildinfo(void);
      int main(void) {
        ATL_buildinfo();
        return 0;
      }
      
      C compiler: x86_64-linux-gnu-gcc -pthread -Wno-unused-result -Wsign-compare -DNDEBUG -g -fwrapv -O2 -Wall -g -fstack-protector-strong -Wformat -Werror=format-security -g -fwrapv -O2 -g -fstack-protector-strong -Wformat -Werror=format-security -Wdate-time -D_FORTIFY_SOURCE=2 -fPIC
      
      compile options: '-c'
      x86_64-linux-gnu-gcc: _configtest.c
        FOUND:
          language = f77
          libraries = ['lapack', 'f77blas', 'cblas', 'atlas']
          library_dirs = ['/usr/lib/x86_64-linux-gnu']
          define_macros = [('NO_ATLAS_INFO', -1)]
      
        FOUND:
          language = f77
          libraries = ['lapack', 'f77blas', 'cblas', 'atlas']
          library_dirs = ['/usr/lib/x86_64-linux-gnu']
          define_macros = [('NO_ATLAS_INFO', -1)]
      
      Warning: 'classifiers' should be a list, got type 'filter'
      running install
      running build
      running config_cc
      unifing config_cc, config, build_clib, build_ext, build commands --compiler options
      running config_fc
      unifing config_fc, config, build_clib, build_ext, build commands --fcompiler options
      running build_src
      build_src
      building py_modules sources
      building library "npymath" sources
      customize Gnu95FCompiler
      customize Gnu95FCompiler
      customize Gnu95FCompiler using config
      C compiler: x86_64-linux-gnu-gcc -pthread -Wno-unused-result -Wsign-compare -DNDEBUG -g -fwrapv -O2 -Wall -g -fstack-protector-strong -Wformat -Werror=format-security -g -fwrapv -O2 -g -fstack-protector-strong -Wformat -Werror=format-security -Wdate-time -D_FORTIFY_SOURCE=2 -fPIC
      
      compile options: '-Inumpy/core/src/private -Inumpy/core/src -Inumpy/core -Inumpy/core/src/npymath -Inumpy/core/src/multiarray -Inumpy/core/src/umath -Inumpy/core/src/npysort -Inumpy/core/include -I/usr/include/python3.8 -c'
      x86_64-linux-gnu-gcc: _configtest.c
      x86_64-linux-gnu-gcc -pthread _configtest.o -o _configtest
      success!
      removing: _configtest.c _configtest.o _configtest
      C compiler: x86_64-linux-gnu-gcc -pthread -Wno-unused-result -Wsign-compare -DNDEBUG -g -fwrapv -O2 -Wall -g -fstack-protector-strong -Wformat -Werror=format-security -g -fwrapv -O2 -g -fstack-protector-strong -Wformat -Werror=format-security -Wdate-time -D_FORTIFY_SOURCE=2 -fPIC
      
      compile options: '-Inumpy/core/src/private -Inumpy/core/src -Inumpy/core -Inumpy/core/src/npymath -Inumpy/core/src/multiarray -Inumpy/core/src/umath -Inumpy/core/src/npysort -Inumpy/core/include -I/usr/include/python3.8 -c'
      x86_64-linux-gnu-gcc: _configtest.c
      _configtest.c:1:5: warning: conflicting types for built-in function â€˜expâ€™; expected â€˜double(double)â€™ [-Wbuiltin-declaration-mismatch]
          1 | int exp (void);
            |     ^~~
      _configtest.c:1:1: note: â€˜expâ€™ is declared in header â€˜<math.h>â€™
        +++ |+#include <math.h>
          1 | int exp (void);
      x86_64-linux-gnu-gcc -pthread _configtest.o -o _configtest
      /usr/bin/ld: _configtest.o: in function `main':
      /tmp/pip-install-r2xdbmc7/numpy_109c2869feca4ca29a790bb73efda365/build/py3k/_configtest.c:6: undefined reference to `exp'
      collect2: error: ld returned 1 exit status
      /usr/bin/ld: _configtest.o: in function `main':
      /tmp/pip-install-r2xdbmc7/numpy_109c2869feca4ca29a790bb73efda365/build/py3k/_configtest.c:6: undefined reference to `exp'
      collect2: error: ld returned 1 exit status
      failure.
      removing: _configtest.c _configtest.o
      C compiler: x86_64-linux-gnu-gcc -pthread -Wno-unused-result -Wsign-compare -DNDEBUG -g -fwrapv -O2 -Wall -g -fstack-protector-strong -Wformat -Werror=format-security -g -fwrapv -O2 -g -fstack-protector-strong -Wformat -Werror=format-security -Wdate-time -D_FORTIFY_SOURCE=2 -fPIC
      
      compile options: '-Inumpy/core/src/private -Inumpy/core/src -Inumpy/core -Inumpy/core/src/npymath -Inumpy/core/src/multiarray -Inumpy/core/src/umath -Inumpy/core/src/npysort -Inumpy/core/include -I/usr/include/python3.8 -c'
      x86_64-linux-gnu-gcc: _configtest.c
      _configtest.c:1:5: warning: conflicting types for built-in function â€˜expâ€™; expected â€˜double(double)â€™ [-Wbuiltin-declaration-mismatch]
          1 | int exp (void);
            |     ^~~
      _configtest.c:1:1: note: â€˜expâ€™ is declared in header â€˜<math.h>â€™
        +++ |+#include <math.h>
          1 | int exp (void);
      x86_64-linux-gnu-gcc -pthread _configtest.o -lm -o _configtest
      success!
      removing: _configtest.c _configtest.o _configtest
      building library "npysort" sources
      building extension "numpy.core._dummy" sources
        adding 'build/src.linux-x86_64-3.8/numpy/core/include/numpy/config.h' to sources.
        adding 'build/src.linux-x86_64-3.8/numpy/core/include/numpy/_numpyconfig.h' to sources.
      executing numpy/core/code_generators/generate_numpy_api.py
        adding 'build/src.linux-x86_64-3.8/numpy/core/include/numpy/__multiarray_api.h' to sources.
      numpy.core - nothing done with h_files = ['build/src.linux-x86_64-3.8/numpy/core/include/numpy/config.h', 'build/src.linux-x86_64-3.8/numpy/core/include/numpy/_numpyconfig.h', 'build/src.linux-x86_64-3.8/numpy/core/include/numpy/__multiarray_api.h']
      building extension "numpy.core.multiarray" sources
        adding 'build/src.linux-x86_64-3.8/numpy/core/include/numpy/config.h' to sources.
        adding 'build/src.linux-x86_64-3.8/numpy/core/include/numpy/_numpyconfig.h' to sources.
      executing numpy/core/code_generators/generate_numpy_api.py
        adding 'build/src.linux-x86_64-3.8/numpy/core/include/numpy/__multiarray_api.h' to sources.
      numpy.core - nothing done with h_files = ['build/src.linux-x86_64-3.8/numpy/core/include/numpy/config.h', 'build/src.linux-x86_64-3.8/numpy/core/include/numpy/_numpyconfig.h', 'build/src.linux-x86_64-3.8/numpy/core/include/numpy/__multiarray_api.h']
      building extension "numpy.core.umath" sources
        adding 'build/src.linux-x86_64-3.8/numpy/core/include/numpy/config.h' to sources.
        adding 'build/src.linux-x86_64-3.8/numpy/core/include/numpy/_numpyconfig.h' to sources.
      executing numpy/core/code_generators/generate_ufunc_api.py
        adding 'build/src.linux-x86_64-3.8/numpy/core/include/numpy/__ufunc_api.h' to sources.
        adding 'build/src.linux-x86_64-3.8/numpy/core/src/umath' to include_dirs.
      numpy.core - nothing done with h_files = ['build/src.linux-x86_64-3.8/numpy/core/src/umath/funcs.inc', 'build/src.linux-x86_64-3.8/numpy/core/include/numpy/config.h', 'build/src.linux-x86_64-3.8/numpy/core/include/numpy/_numpyconfig.h', 'build/src.linux-x86_64-3.8/numpy/core/include/numpy/__ufunc_api.h']
      building extension "numpy.core.scalarmath" sources
        adding 'build/src.linux-x86_64-3.8/numpy/core/include/numpy/config.h' to sources.
        adding 'build/src.linux-x86_64-3.8/numpy/core/include/numpy/_numpyconfig.h' to sources.
      executing numpy/core/code_generators/generate_numpy_api.py
        adding 'build/src.linux-x86_64-3.8/numpy/core/include/numpy/__multiarray_api.h' to sources.
      executing numpy/core/code_generators/generate_ufunc_api.py
        adding 'build/src.linux-x86_64-3.8/numpy/core/include/numpy/__ufunc_api.h' to sources.
      numpy.core - nothing done with h_files = ['build/src.linux-x86_64-3.8/numpy/core/include/numpy/config.h', 'build/src.linux-x86_64-3.8/numpy/core/include/numpy/_numpyconfig.h', 'build/src.linux-x86_64-3.8/numpy/core/include/numpy/__multiarray_api.h', 'build/src.linux-x86_64-3.8/numpy/core/include/numpy/__ufunc_api.h']
      building extension "numpy.core._dotblas" sources
        adding 'numpy/core/blasdot/_dotblas.c' to sources.
      building extension "numpy.core.umath_tests" sources
      building extension "numpy.core.multiarray_tests" sources
      building extension "numpy.lib._compiled_base" sources
      building extension "numpy.numarray._capi" sources
      building extension "numpy.fft.fftpack_lite" sources
      building extension "numpy.linalg.lapack_lite" sources
        adding 'numpy/linalg/lapack_litemodule.c' to sources.
        adding 'numpy/linalg/python_xerbla.c' to sources.
      building extension "numpy.random.mtrand" sources
      C compiler: x86_64-linux-gnu-gcc -pthread -Wno-unused-result -Wsign-compare -DNDEBUG -g -fwrapv -O2 -Wall -g -fstack-protector-strong -Wformat -Werror=format-security -g -fwrapv -O2 -g -fstack-protector-strong -Wformat -Werror=format-security -Wdate-time -D_FORTIFY_SOURCE=2 -fPIC
      
      compile options: '-Inumpy/core/src/private -Inumpy/core/src -Inumpy/core -Inumpy/core/src/npymath -Inumpy/core/src/multiarray -Inumpy/core/src/umath -Inumpy/core/src/npysort -Inumpy/core/include -I/usr/include/python3.8 -c'
      x86_64-linux-gnu-gcc: _configtest.c
      x86_64-linux-gnu-gcc -pthread _configtest.o -o _configtest
      _configtest
      failure.
      removing: _configtest.c _configtest.o _configtest
      building data_files sources
      build_src: building npy-pkg config files
      running build_py
      creating build/lib.linux-x86_64-3.8
      creating build/lib.linux-x86_64-3.8/numpy
      copying numpy/version.py -> build/lib.linux-x86_64-3.8/numpy
      copying numpy/_import_tools.py -> build/lib.linux-x86_64-3.8/numpy
      copying numpy/ctypeslib.py -> build/lib.linux-x86_64-3.8/numpy
      copying numpy/__init__.py -> build/lib.linux-x86_64-3.8/numpy
      copying numpy/setup.py -> build/lib.linux-x86_64-3.8/numpy
      copying numpy/matlib.py -> build/lib.linux-x86_64-3.8/numpy
      copying numpy/dual.py -> build/lib.linux-x86_64-3.8/numpy
      copying numpy/add_newdocs.py -> build/lib.linux-x86_64-3.8/numpy
      copying numpy/setupscons.py -> build/lib.linux-x86_64-3.8/numpy
      copying build/src.linux-x86_64-3.8/numpy/__config__.py -> build/lib.linux-x86_64-3.8/numpy
      creating build/lib.linux-x86_64-3.8/numpy/distutils
      copying numpy/distutils/__version__.py -> build/lib.linux-x86_64-3.8/numpy/distutils
      copying numpy/distutils/conv_template.py -> build/lib.linux-x86_64-3.8/numpy/distutils
      copying numpy/distutils/npy_pkg_config.py -> build/lib.linux-x86_64-3.8/numpy/distutils
      copying numpy/distutils/unixccompiler.py -> build/lib.linux-x86_64-3.8/numpy/distutils
      copying numpy/distutils/core.py -> build/lib.linux-x86_64-3.8/numpy/distutils
      copying numpy/distutils/cpuinfo.py -> build/lib.linux-x86_64-3.8/numpy/distutils
      copying numpy/distutils/log.py -> build/lib.linux-x86_64-3.8/numpy/distutils
      copying numpy/distutils/misc_util.py -> build/lib.linux-x86_64-3.8/numpy/distutils
      copying numpy/distutils/numpy_distribution.py -> build/lib.linux-x86_64-3.8/numpy/distutils
      copying numpy/distutils/mingw32ccompiler.py -> build/lib.linux-x86_64-3.8/numpy/distutils
      copying numpy/distutils/info.py -> build/lib.linux-x86_64-3.8/numpy/distutils
      copying numpy/distutils/__init__.py -> build/lib.linux-x86_64-3.8/numpy/distutils
      copying numpy/distutils/compat.py -> build/lib.linux-x86_64-3.8/numpy/distutils
      copying numpy/distutils/interactive.py -> build/lib.linux-x86_64-3.8/numpy/distutils
      copying numpy/distutils/exec_command.py -> build/lib.linux-x86_64-3.8/numpy/distutils
      copying numpy/distutils/pathccompiler.py -> build/lib.linux-x86_64-3.8/numpy/distutils
      copying numpy/distutils/extension.py -> build/lib.linux-x86_64-3.8/numpy/distutils
      copying numpy/distutils/from_template.py -> build/lib.linux-x86_64-3.8/numpy/distutils
      copying numpy/distutils/setup.py -> build/lib.linux-x86_64-3.8/numpy/distutils
      copying numpy/distutils/intelccompiler.py -> build/lib.linux-x86_64-3.8/numpy/distutils
      copying numpy/distutils/ccompiler.py -> build/lib.linux-x86_64-3.8/numpy/distutils
      copying numpy/distutils/system_info.py -> build/lib.linux-x86_64-3.8/numpy/distutils
      copying numpy/distutils/line_endings.py -> build/lib.linux-x86_64-3.8/numpy/distutils
      copying numpy/distutils/lib2def.py -> build/lib.linux-x86_64-3.8/numpy/distutils
      copying numpy/distutils/environment.py -> build/lib.linux-x86_64-3.8/numpy/distutils
      copying numpy/distutils/setupscons.py -> build/lib.linux-x86_64-3.8/numpy/distutils
      copying build/src.linux-x86_64-3.8/numpy/distutils/__config__.py -> build/lib.linux-x86_64-3.8/numpy/distutils
      creating build/lib.linux-x86_64-3.8/numpy/distutils/command
      copying numpy/distutils/command/build_ext.py -> build/lib.linux-x86_64-3.8/numpy/distutils/command
      copying numpy/distutils/command/build_clib.py -> build/lib.linux-x86_64-3.8/numpy/distutils/command
      copying numpy/distutils/command/install.py -> build/lib.linux-x86_64-3.8/numpy/distutils/command
      copying numpy/distutils/command/config_compiler.py -> build/lib.linux-x86_64-3.8/numpy/distutils/command
      copying numpy/distutils/command/autodist.py -> build/lib.linux-x86_64-3.8/numpy/distutils/command
      copying numpy/distutils/command/__init__.py -> build/lib.linux-x86_64-3.8/numpy/distutils/command
      copying numpy/distutils/command/build_scripts.py -> build/lib.linux-x86_64-3.8/numpy/distutils/command
      copying numpy/distutils/command/install_data.py -> build/lib.linux-x86_64-3.8/numpy/distutils/command
      copying numpy/distutils/command/egg_info.py -> build/lib.linux-x86_64-3.8/numpy/distutils/command
      copying numpy/distutils/command/sdist.py -> build/lib.linux-x86_64-3.8/numpy/distutils/command
      copying numpy/distutils/command/build_src.py -> build/lib.linux-x86_64-3.8/numpy/distutils/command
      copying numpy/distutils/command/install_headers.py -> build/lib.linux-x86_64-3.8/numpy/distutils/command
      copying numpy/distutils/command/config.py -> build/lib.linux-x86_64-3.8/numpy/distutils/command
      copying numpy/distutils/command/install_clib.py -> build/lib.linux-x86_64-3.8/numpy/distutils/command
      copying numpy/distutils/command/bdist_rpm.py -> build/lib.linux-x86_64-3.8/numpy/distutils/command
      copying numpy/distutils/command/develop.py -> build/lib.linux-x86_64-3.8/numpy/distutils/command
      copying numpy/distutils/command/build.py -> build/lib.linux-x86_64-3.8/numpy/distutils/command
      copying numpy/distutils/command/scons.py -> build/lib.linux-x86_64-3.8/numpy/distutils/command
      copying numpy/distutils/command/build_py.py -> build/lib.linux-x86_64-3.8/numpy/distutils/command
      creating build/lib.linux-x86_64-3.8/numpy/distutils/fcompiler
      copying numpy/distutils/fcompiler/vast.py -> build/lib.linux-x86_64-3.8/numpy/distutils/fcompiler
      copying numpy/distutils/fcompiler/lahey.py -> build/lib.linux-x86_64-3.8/numpy/distutils/fcompiler
      copying numpy/distutils/fcompiler/intel.py -> build/lib.linux-x86_64-3.8/numpy/distutils/fcompiler
      copying numpy/distutils/fcompiler/pathf95.py -> build/lib.linux-x86_64-3.8/numpy/distutils/fcompiler
      copying numpy/distutils/fcompiler/absoft.py -> build/lib.linux-x86_64-3.8/numpy/distutils/fcompiler
      copying numpy/distutils/fcompiler/hpux.py -> build/lib.linux-x86_64-3.8/numpy/distutils/fcompiler
      copying numpy/distutils/fcompiler/compaq.py -> build/lib.linux-x86_64-3.8/numpy/distutils/fcompiler
      copying numpy/distutils/fcompiler/__init__.py -> build/lib.linux-x86_64-3.8/numpy/distutils/fcompiler
      copying numpy/distutils/fcompiler/none.py -> build/lib.linux-x86_64-3.8/numpy/distutils/fcompiler
      copying numpy/distutils/fcompiler/nag.py -> build/lib.linux-x86_64-3.8/numpy/distutils/fcompiler
      copying numpy/distutils/fcompiler/gnu.py -> build/lib.linux-x86_64-3.8/numpy/distutils/fcompiler
      copying numpy/distutils/fcompiler/g95.py -> build/lib.linux-x86_64-3.8/numpy/distutils/fcompiler
      copying numpy/distutils/fcompiler/sun.py -> build/lib.linux-x86_64-3.8/numpy/distutils/fcompiler
      copying numpy/distutils/fcompiler/pg.py -> build/lib.linux-x86_64-3.8/numpy/distutils/fcompiler
      copying numpy/distutils/fcompiler/mips.py -> build/lib.linux-x86_64-3.8/numpy/distutils/fcompiler
      copying numpy/distutils/fcompiler/ibm.py -> build/lib.linux-x86_64-3.8/numpy/distutils/fcompiler
      creating build/lib.linux-x86_64-3.8/numpy/testing
      copying numpy/testing/utils.py -> build/lib.linux-x86_64-3.8/numpy/testing
      copying numpy/testing/nosetester.py -> build/lib.linux-x86_64-3.8/numpy/testing
      copying numpy/testing/noseclasses.py -> build/lib.linux-x86_64-3.8/numpy/testing
      copying numpy/testing/print_coercion_tables.py -> build/lib.linux-x86_64-3.8/numpy/testing
      copying numpy/testing/__init__.py -> build/lib.linux-x86_64-3.8/numpy/testing
      copying numpy/testing/setup.py -> build/lib.linux-x86_64-3.8/numpy/testing
      copying numpy/testing/numpytest.py -> build/lib.linux-x86_64-3.8/numpy/testing
      copying numpy/testing/decorators.py -> build/lib.linux-x86_64-3.8/numpy/testing
      copying numpy/testing/setupscons.py -> build/lib.linux-x86_64-3.8/numpy/testing
      copying numpy/testing/nulltester.py -> build/lib.linux-x86_64-3.8/numpy/testing
      creating build/lib.linux-x86_64-3.8/numpy/f2py
      copying numpy/f2py/__version__.py -> build/lib.linux-x86_64-3.8/numpy/f2py
      copying numpy/f2py/func2subr.py -> build/lib.linux-x86_64-3.8/numpy/f2py
      copying numpy/f2py/info.py -> build/lib.linux-x86_64-3.8/numpy/f2py
      copying numpy/f2py/__init__.py -> build/lib.linux-x86_64-3.8/numpy/f2py
      copying numpy/f2py/crackfortran.py -> build/lib.linux-x86_64-3.8/numpy/f2py
      copying numpy/f2py/capi_maps.py -> build/lib.linux-x86_64-3.8/numpy/f2py
      copying numpy/f2py/rules.py -> build/lib.linux-x86_64-3.8/numpy/f2py
      copying numpy/f2py/setup.py -> build/lib.linux-x86_64-3.8/numpy/f2py
      copying numpy/f2py/f2py2e.py -> build/lib.linux-x86_64-3.8/numpy/f2py
      copying numpy/f2py/f90mod_rules.py -> build/lib.linux-x86_64-3.8/numpy/f2py
      copying numpy/f2py/f2py_testing.py -> build/lib.linux-x86_64-3.8/numpy/f2py
      copying numpy/f2py/cb_rules.py -> build/lib.linux-x86_64-3.8/numpy/f2py
      copying numpy/f2py/cfuncs.py -> build/lib.linux-x86_64-3.8/numpy/f2py
      copying numpy/f2py/diagnose.py -> build/lib.linux-x86_64-3.8/numpy/f2py
      copying numpy/f2py/setupscons.py -> build/lib.linux-x86_64-3.8/numpy/f2py
      copying numpy/f2py/auxfuncs.py -> build/lib.linux-x86_64-3.8/numpy/f2py
      copying numpy/f2py/common_rules.py -> build/lib.linux-x86_64-3.8/numpy/f2py
      copying numpy/f2py/use_rules.py -> build/lib.linux-x86_64-3.8/numpy/f2py
      creating build/lib.linux-x86_64-3.8/numpy/core
      copying numpy/core/records.py -> build/lib.linux-x86_64-3.8/numpy/core
      copying numpy/core/defchararray.py -> build/lib.linux-x86_64-3.8/numpy/core
      copying numpy/core/setup_common.py -> build/lib.linux-x86_64-3.8/numpy/core
      copying numpy/core/scons_support.py -> build/lib.linux-x86_64-3.8/numpy/core
      copying numpy/core/machar.py -> build/lib.linux-x86_64-3.8/numpy/core
      copying numpy/core/shape_base.py -> build/lib.linux-x86_64-3.8/numpy/core
      copying numpy/core/numerictypes.py -> build/lib.linux-x86_64-3.8/numpy/core
      copying numpy/core/fromnumeric.py -> build/lib.linux-x86_64-3.8/numpy/core
      copying numpy/core/info.py -> build/lib.linux-x86_64-3.8/numpy/core
      copying numpy/core/function_base.py -> build/lib.linux-x86_64-3.8/numpy/core
      copying numpy/core/__init__.py -> build/lib.linux-x86_64-3.8/numpy/core
      copying numpy/core/memmap.py -> build/lib.linux-x86_64-3.8/numpy/core
      copying numpy/core/setup.py -> build/lib.linux-x86_64-3.8/numpy/core
      copying numpy/core/arrayprint.py -> build/lib.linux-x86_64-3.8/numpy/core
      copying numpy/core/_internal.py -> build/lib.linux-x86_64-3.8/numpy/core
      copying numpy/core/_methods.py -> build/lib.linux-x86_64-3.8/numpy/core
      copying numpy/core/numeric.py -> build/lib.linux-x86_64-3.8/numpy/core
      copying numpy/core/getlimits.py -> build/lib.linux-x86_64-3.8/numpy/core
      copying numpy/core/setupscons.py -> build/lib.linux-x86_64-3.8/numpy/core
      copying numpy/core/code_generators/generate_numpy_api.py -> build/lib.linux-x86_64-3.8/numpy/core
      creating build/lib.linux-x86_64-3.8/numpy/lib
      copying numpy/lib/utils.py -> build/lib.linux-x86_64-3.8/numpy/lib
      copying numpy/lib/npyio.py -> build/lib.linux-x86_64-3.8/numpy/lib
      copying numpy/lib/polynomial.py -> build/lib.linux-x86_64-3.8/numpy/lib
      copying numpy/lib/twodim_base.py -> build/lib.linux-x86_64-3.8/numpy/lib
      copying numpy/lib/ufunclike.py -> build/lib.linux-x86_64-3.8/numpy/lib
      copying numpy/lib/type_check.py -> build/lib.linux-x86_64-3.8/numpy/lib
      copying numpy/lib/shape_base.py -> build/lib.linux-x86_64-3.8/numpy/lib
      copying numpy/lib/format.py -> build/lib.linux-x86_64-3.8/numpy/lib
      copying numpy/lib/info.py -> build/lib.linux-x86_64-3.8/numpy/lib
      copying numpy/lib/function_base.py -> build/lib.linux-x86_64-3.8/numpy/lib
      copying numpy/lib/__init__.py -> build/lib.linux-x86_64-3.8/numpy/lib
      copying numpy/lib/scimath.py -> build/lib.linux-x86_64-3.8/numpy/lib
      copying numpy/lib/_datasource.py -> build/lib.linux-x86_64-3.8/numpy/lib
      copying numpy/lib/recfunctions.py -> build/lib.linux-x86_64-3.8/numpy/lib
      copying numpy/lib/setup.py -> build/lib.linux-x86_64-3.8/numpy/lib
      copying numpy/lib/arrayterator.py -> build/lib.linux-x86_64-3.8/numpy/lib
      copying numpy/lib/_iotools.py -> build/lib.linux-x86_64-3.8/numpy/lib
      copying numpy/lib/index_tricks.py -> build/lib.linux-x86_64-3.8/numpy/lib
      copying numpy/lib/user_array.py -> build/lib.linux-x86_64-3.8/numpy/lib
      copying numpy/lib/arraysetops.py -> build/lib.linux-x86_64-3.8/numpy/lib
      copying numpy/lib/arraypad.py -> build/lib.linux-x86_64-3.8/numpy/lib
      copying numpy/lib/setupscons.py -> build/lib.linux-x86_64-3.8/numpy/lib
      copying numpy/lib/stride_tricks.py -> build/lib.linux-x86_64-3.8/numpy/lib
      copying numpy/lib/financial.py -> build/lib.linux-x86_64-3.8/numpy/lib
      creating build/lib.linux-x86_64-3.8/numpy/oldnumeric
      copying numpy/oldnumeric/matrix.py -> build/lib.linux-x86_64-3.8/numpy/oldnumeric
      copying numpy/oldnumeric/alter_code2.py -> build/lib.linux-x86_64-3.8/numpy/oldnumeric
      copying numpy/oldnumeric/ufuncs.py -> build/lib.linux-x86_64-3.8/numpy/oldnumeric
      copying numpy/oldnumeric/ma.py -> build/lib.linux-x86_64-3.8/numpy/oldnumeric
      copying numpy/oldnumeric/rng_stats.py -> build/lib.linux-x86_64-3.8/numpy/oldnumeric
      copying numpy/oldnumeric/rng.py -> build/lib.linux-x86_64-3.8/numpy/oldnumeric
      copying numpy/oldnumeric/mlab.py -> build/lib.linux-x86_64-3.8/numpy/oldnumeric
      copying numpy/oldnumeric/array_printer.py -> build/lib.linux-x86_64-3.8/numpy/oldnumeric
      copying numpy/oldnumeric/__init__.py -> build/lib.linux-x86_64-3.8/numpy/oldnumeric
      copying numpy/oldnumeric/compat.py -> build/lib.linux-x86_64-3.8/numpy/oldnumeric
      copying numpy/oldnumeric/precision.py -> build/lib.linux-x86_64-3.8/numpy/oldnumeric
      copying numpy/oldnumeric/setup.py -> build/lib.linux-x86_64-3.8/numpy/oldnumeric
      copying numpy/oldnumeric/random_array.py -> build/lib.linux-x86_64-3.8/numpy/oldnumeric
      copying numpy/oldnumeric/alter_code1.py -> build/lib.linux-x86_64-3.8/numpy/oldnumeric
      copying numpy/oldnumeric/linear_algebra.py -> build/lib.linux-x86_64-3.8/numpy/oldnumeric
      copying numpy/oldnumeric/functions.py -> build/lib.linux-x86_64-3.8/numpy/oldnumeric
      copying numpy/oldnumeric/typeconv.py -> build/lib.linux-x86_64-3.8/numpy/oldnumeric
      copying numpy/oldnumeric/misc.py -> build/lib.linux-x86_64-3.8/numpy/oldnumeric
      copying numpy/oldnumeric/user_array.py -> build/lib.linux-x86_64-3.8/numpy/oldnumeric
      copying numpy/oldnumeric/arrayfns.py -> build/lib.linux-x86_64-3.8/numpy/oldnumeric
      copying numpy/oldnumeric/fix_default_axis.py -> build/lib.linux-x86_64-3.8/numpy/oldnumeric
      copying numpy/oldnumeric/setupscons.py -> build/lib.linux-x86_64-3.8/numpy/oldnumeric
      copying numpy/oldnumeric/fft.py -> build/lib.linux-x86_64-3.8/numpy/oldnumeric
      creating build/lib.linux-x86_64-3.8/numpy/numarray
      copying numpy/numarray/matrix.py -> build/lib.linux-x86_64-3.8/numpy/numarray
      copying numpy/numarray/alter_code2.py -> build/lib.linux-x86_64-3.8/numpy/numarray
      copying numpy/numarray/convolve.py -> build/lib.linux-x86_64-3.8/numpy/numarray
      copying numpy/numarray/ufuncs.py -> build/lib.linux-x86_64-3.8/numpy/numarray
      copying numpy/numarray/ma.py -> build/lib.linux-x86_64-3.8/numpy/numarray
      copying numpy/numarray/mlab.py -> build/lib.linux-x86_64-3.8/numpy/numarray
      copying numpy/numarray/numerictypes.py -> build/lib.linux-x86_64-3.8/numpy/numarray
      copying numpy/numarray/__init__.py -> build/lib.linux-x86_64-3.8/numpy/numarray
      copying numpy/numarray/compat.py -> build/lib.linux-x86_64-3.8/numpy/numarray
      copying numpy/numarray/setup.py -> build/lib.linux-x86_64-3.8/numpy/numarray
      copying numpy/numarray/nd_image.py -> build/lib.linux-x86_64-3.8/numpy/numarray
      copying numpy/numarray/random_array.py -> build/lib.linux-x86_64-3.8/numpy/numarray
      copying numpy/numarray/alter_code1.py -> build/lib.linux-x86_64-3.8/numpy/numarray
      copying numpy/numarray/linear_algebra.py -> build/lib.linux-x86_64-3.8/numpy/numarray
      copying numpy/numarray/util.py -> build/lib.linux-x86_64-3.8/numpy/numarray
      copying numpy/numarray/functions.py -> build/lib.linux-x86_64-3.8/numpy/numarray
      copying numpy/numarray/session.py -> build/lib.linux-x86_64-3.8/numpy/numarray
      copying numpy/numarray/setupscons.py -> build/lib.linux-x86_64-3.8/numpy/numarray
      copying numpy/numarray/image.py -> build/lib.linux-x86_64-3.8/numpy/numarray
      copying numpy/numarray/fft.py -> build/lib.linux-x86_64-3.8/numpy/numarray
      creating build/lib.linux-x86_64-3.8/numpy/fft
      copying numpy/fft/info.py -> build/lib.linux-x86_64-3.8/numpy/fft
      copying numpy/fft/__init__.py -> build/lib.linux-x86_64-3.8/numpy/fft
      copying numpy/fft/setup.py -> build/lib.linux-x86_64-3.8/numpy/fft
      copying numpy/fft/fftpack.py -> build/lib.linux-x86_64-3.8/numpy/fft
      copying numpy/fft/helper.py -> build/lib.linux-x86_64-3.8/numpy/fft
      copying numpy/fft/setupscons.py -> build/lib.linux-x86_64-3.8/numpy/fft
      creating build/lib.linux-x86_64-3.8/numpy/linalg
      copying numpy/linalg/linalg.py -> build/lib.linux-x86_64-3.8/numpy/linalg
      copying numpy/linalg/info.py -> build/lib.linux-x86_64-3.8/numpy/linalg
      copying numpy/linalg/__init__.py -> build/lib.linux-x86_64-3.8/numpy/linalg
      copying numpy/linalg/setup.py -> build/lib.linux-x86_64-3.8/numpy/linalg
      copying numpy/linalg/setupscons.py -> build/lib.linux-x86_64-3.8/numpy/linalg
      creating build/lib.linux-x86_64-3.8/numpy/random
      copying numpy/random/info.py -> build/lib.linux-x86_64-3.8/numpy/random
      copying numpy/random/__init__.py -> build/lib.linux-x86_64-3.8/numpy/random
      copying numpy/random/setup.py -> build/lib.linux-x86_64-3.8/numpy/random
      copying numpy/random/setupscons.py -> build/lib.linux-x86_64-3.8/numpy/random
      creating build/lib.linux-x86_64-3.8/numpy/ma
      copying numpy/ma/mrecords.py -> build/lib.linux-x86_64-3.8/numpy/ma
      copying numpy/ma/version.py -> build/lib.linux-x86_64-3.8/numpy/ma
      copying numpy/ma/core.py -> build/lib.linux-x86_64-3.8/numpy/ma
      copying numpy/ma/__init__.py -> build/lib.linux-x86_64-3.8/numpy/ma
      copying numpy/ma/setup.py -> build/lib.linux-x86_64-3.8/numpy/ma
      copying numpy/ma/extras.py -> build/lib.linux-x86_64-3.8/numpy/ma
      copying numpy/ma/bench.py -> build/lib.linux-x86_64-3.8/numpy/ma
      copying numpy/ma/setupscons.py -> build/lib.linux-x86_64-3.8/numpy/ma
      copying numpy/ma/timer_comparison.py -> build/lib.linux-x86_64-3.8/numpy/ma
      copying numpy/ma/testutils.py -> build/lib.linux-x86_64-3.8/numpy/ma
      creating build/lib.linux-x86_64-3.8/numpy/matrixlib
      copying numpy/matrixlib/__init__.py -> build/lib.linux-x86_64-3.8/numpy/matrixlib
      copying numpy/matrixlib/setup.py -> build/lib.linux-x86_64-3.8/numpy/matrixlib
      copying numpy/matrixlib/defmatrix.py -> build/lib.linux-x86_64-3.8/numpy/matrixlib
      copying numpy/matrixlib/setupscons.py -> build/lib.linux-x86_64-3.8/numpy/matrixlib
      creating build/lib.linux-x86_64-3.8/numpy/compat
      copying numpy/compat/_inspect.py -> build/lib.linux-x86_64-3.8/numpy/[0m[91mcompat
      copying numpy/compat/__init__.py -> build/lib.linux-x86_64-3.8/numpy/compat
      copying numpy/compat/setup.py -> build/lib.linux-x86_64-3.8/numpy/compat
      copying numpy/compat/py3k.py -> build/lib.linux-x86_64-3.8/numpy/compat
      copying numpy/compat/setupscons.py -> build/lib.linux-x86_64-3.8/numpy/compat
      creating build/lib.linux-x86_64-3.8/numpy/polynomial
      copying numpy/polynomial/polynomial.py -> build/lib.linux-x86_64-3.8/numpy/polynomial
      copying numpy/polynomial/__init__.py -> build/lib.linux-x86_64-3.8/numpy/polynomial
      copying numpy/polynomial/setup.py -> build/lib.linux-x86_64-3.8/numpy/polynomial
      copying numpy/polynomial/polytemplate.py -> build/lib.linux-x86_64-3.8/numpy/polynomial
      copying numpy/polynomial/polyutils.py -> build/lib.linux-x86_64-3.8/numpy/polynomial
      copying numpy/polynomial/laguerre.py -> build/lib.linux-x86_64-3.8/numpy/polynomial
      copying numpy/polynomial/hermite_e.py -> build/lib.linux-x86_64-3.8/numpy/polynomial
      copying numpy/polynomial/chebyshev.py -> build/lib.linux-x86_64-3.8/numpy/polynomial
      copying numpy/polynomial/hermite.py -> build/lib.linux-x86_64-3.8/numpy/polynomial
      copying numpy/polynomial/legendre.py -> build/lib.linux-x86_64-3.8/numpy/polynomial
      creating build/lib.linux-x86_64-3.8/numpy/doc
      copying numpy/doc/ufuncs.py -> build/lib.linux-x86_64-3.8/numpy/doc
      copying numpy/doc/indexing.py -> build/lib.linux-x86_64-3.8/numpy/doc
      copying numpy/doc/creation.py -> build/lib.linux-x86_64-3.8/numpy/doc
      copying numpy/doc/jargon.py -> build/lib.linux-x86_64-3.8/numpy/doc
      copying numpy/doc/__init__.py -> build/lib.linux-x86_64-3.8/numpy/doc
      copying numpy/doc/subclassing.py -> build/lib.linux-x86_64-3.8/numpy/doc
      copying numpy/doc/byteswapping.py -> build/lib.linux-x86_64-3.8/numpy/doc
      copying numpy/doc/glossary.py -> build/lib.linux-x86_64-3.8/numpy/doc
      copying numpy/doc/io.py -> build/lib.linux-x86_64-3.8/numpy/doc
      copying numpy/doc/methods_vs_functions.py -> build/lib.linux-x86_64-3.8/numpy/doc
      copying numpy/doc/structured_arrays.py -> build/lib.linux-x86_64-3.8/numpy/doc
      copying numpy/doc/howtofind.py -> build/lib.linux-x86_64-3.8/numpy/doc
      copying numpy/doc/performance.py -> build/lib.linux-x86_64-3.8/numpy/doc
      copying numpy/doc/misc.py -> build/lib.linux-x86_64-3.8/numpy/doc
      copying numpy/doc/internals.py -> build/lib.linux-x86_64-3.8/numpy/doc
      copying numpy/doc/broadcasting.py -> build/lib.linux-x86_64-3.8/numpy/doc
      copying numpy/doc/basics.py -> build/lib.linux-x86_64-3.8/numpy/doc
      copying numpy/doc/constants.py -> build/lib.linux-x86_64-3.8/numpy/doc
      running build_clib
      customize UnixCCompiler
      customize UnixCCompiler using build_clib
      building 'npymath' library
      compiling C sources
      C compiler: x86_64-linux-gnu-gcc -pthread -Wno-unused-result -Wsign-compare -DNDEBUG -g -fwrapv -O2 -Wall -g -fstack-protector-strong -Wformat -Werror=format-security -g -fwrapv -O2 -g -fstack-protector-strong -Wformat -Werror=format-security -Wdate-time -D_FORTIFY_SOURCE=2 -fPIC
      
      creating build/temp.linux-x86_64-3.8
      creating build/temp.linux-x86_64-3.8/build
      creating build/temp.linux-x86_64-3.8/build/src.linux-x86_64-3.8
      creating build/temp.linux-x86_64-3.8/build/src.linux-x86_64-3.8/numpy
      creating build/temp.linux-x86_64-3.8/build/src.linux-x86_64-3.8/numpy/core
      creating build/temp.linux-x86_64-3.8/build/src.linux-x86_64-3.8/numpy/core/src
      creating build/temp.linux-x86_64-3.8/build/src.linux-x86_64-3.8/numpy/core/src/npymath
      creating build/temp.linux-x86_64-3.8/numpy
      creating build/temp.linux-x86_64-3.8/numpy/core
      creating build/temp.linux-x86_64-3.8/numpy/core/src
      creating build/temp.linux-x86_64-3.8/numpy/core/src/npymath
      compile options: '-Inumpy/core/include -Ibuild/src.linux-x86_64-3.8/numpy/core/include/numpy -Inumpy/core/src/private -Inumpy/core/src -Inumpy/core -Inumpy/core/src/npymath -Inumpy/core/src/multiarray -Inumpy/core/src/umath -Inumpy/core/src/npysort -Inumpy/core/include -I/usr/include/python3.8 -Ibuild/src.linux-x86_64-3.8/numpy/core/src/multiarray -Ibuild/src.linux-x86_64-3.8/numpy/core/src/umath -c'
      x86_64-linux-gnu-gcc: build/src.linux-x86_64-3.8/numpy/core/src/npymath/npy_math.c
      x86_64-linux-gnu-gcc: build/src.linux-x86_64-3.8/numpy/core/src/npymath/ieee754.c
      x86_64-linux-gnu-gcc: build/src.linux-x86_64-3.8/numpy/core/src/npymath/npy_math_complex.c
      x86_64-linux-gnu-gcc: numpy/core/src/npymath/halffloat.c
      x86_64-linux-gnu-gcc-ar: adding 4 object files to build/temp.linux-x86_64-3.8/libnpymath.a
      building 'npysort' library
      compiling C sources
      C compiler: x86_64-linux-gnu-gcc -pthread -Wno-unused-result -Wsign-compare -DNDEBUG -g -fwrapv -O2 -Wall -g -fstack-protector-strong -Wformat -Werror=format-security -g -fwrapv -O2 -g -fstack-protector-strong -Wformat -Werror=format-security -Wdate-time -D_FORTIFY_SOURCE=2 -fPIC
      
      creating build/temp.linux-x86_64-3.8/build/src.linux-x86_64-3.8/numpy/core/src/npysort
      compile options: '-Inumpy/core/include -Ibuild/src.linux-x86_64-3.8/numpy/core/include/numpy -Inumpy/core/src/private -Inumpy/core/src -Inumpy/core -Inumpy/core/src/npymath -Inumpy/core/src/multiarray -Inumpy/core/src/umath -Inumpy/core/src/npysort -Inumpy/core/include -I/usr/include/python3.8 -Ibuild/src.linux-x86_64-3.8/numpy/core/src/multiarray -Ibuild/src.linux-x86_64-3.8/numpy/core/src/umath -c'
      x86_64-linux-gnu-gcc: build/src.linux-x86_64-3.8/numpy/core/src/npysort/quicksort.c
      x86_64-linux-gnu-gcc: build/src.linux-x86_64-3.8/numpy/core/src/npysort/mergesort.c
      x86_64-linux-gnu-gcc: build/src.linux-x86_64-3.8/numpy/core/src/npysort/heapsort.c
      x86_64-linux-gnu-gcc-ar: adding 3 object files to build/temp.linux-x86_64-3.8/libnpysort.a
      running build_ext
      customize UnixCCompiler
      customize UnixCCompiler using build_ext
      customize Gnu95FCompiler
      customize Gnu95FCompiler
      customize Gnu95FCompiler using build_ext
      building 'numpy.core._dummy' extension
      compiling C sources
      C compiler: x86_64-linux-gnu-gcc -pthread -Wno-unused-result -Wsign-compare -DNDEBUG -g -fwrapv -O2 -Wall -g -fstack-protector-strong -Wformat -Werror=format-security -g -fwrapv -O2 -g -fstack-protector-strong -Wformat -Werror=format-security -Wdate-time -D_FORTIFY_SOURCE=2 -fPIC
      
      compile options: '-Inumpy/core/include -Ibuild/src.linux-x86_64-3.8/numpy/core/include/numpy -Inumpy/core/src/private -Inumpy/core/src -Inumpy/core -Inumpy/core/src/npymath -Inumpy/core/src/multiarray -Inumpy/core/src/umath -Inumpy/core/src/npysort -Inumpy/core/include -I/usr/include/python3.8 -Ibuild/src.linux-x86_64-3.8/numpy/core/src/multiarray -Ibuild/src.linux-x86_64-3.8/numpy/core/src/umath -c'
      x86_64-linux-gnu-gcc: numpy/core/src/dummymodule.c
      In file included from numpy/core/include/numpy/ndarrayobject.h:26,
                       from numpy/core/include/numpy/npy_3kcompat.h:23,
                       from numpy/core/src/private/npy_pycompat.h:4,
                       from numpy/core/src/dummymodule.c:12:
      build/src.linux-x86_64-3.8/numpy/core/include/numpy/__multiarray_api.h:1594:1: warning: â€˜_import_arrayâ€™ defined but not used [-Wunused-function]
       1594 | _import_array(void)
            | ^~~~~~~~~~~~~
      x86_64-linux-gnu-gcc -pthread -shared -Wl,-O1 -Wl,-Bsymbolic-functions -Wl,-Bsymbolic-functions -Wl,-z,relro -g -fwrapv -O2 -Wl,-Bsymbolic-functions -Wl,-z,relro -g -fwrapv -O2 -g -fstack-protector-strong -Wformat -Werror=format-security -Wdate-time -D_FORTIFY_SOURCE=2 build/temp.linux-x86_64-3.8/numpy/core/src/dummymodule.o -Lbuild/temp.linux-x86_64-3.8 -lm -o build/lib.linux-x86_64-3.8/numpy/core/_dummy.cpython-38-x86_64-linux-gnu.so
      building 'numpy.core.multiarray' extension
      compiling C sources
      C compiler: x86_64-linux-gnu-gcc -pthread -Wno-unused-result -Wsign-compare -DNDEBUG -g -fwrapv -O2 -Wall -g -fstack-protector-strong -Wformat -Werror=format-security -g -fwrapv -O2 -g -fstack-protector-strong -Wformat -Werror=format-security -Wdate-time -D_FORTIFY_SOURCE=2 -fPIC
      
      creating build/temp.linux-x86_64-3.8/numpy/core/src/multiarray
      compile options: '-Inumpy/core/include -Ibuild/src.linux-x86_64-3.8/numpy/core/include/numpy -Inumpy/core/src/private -Inumpy/core/src -Inumpy/core -Inumpy/core/src/npymath -Inumpy/core/src/multiarray -Inumpy/core/src/umath -Inumpy/core/src/npysort -Inumpy/core/include -I/usr/include/python3.8 -Ibuild/src.linux-x86_64-3.8/numpy/core/src/multiarray -Ibuild/src.linux-x86_64-3.8/numpy/core/src/umath -c'
      x86_64-linux-gnu-gcc: numpy/core/src/multiarray/multiarraymodule_onefile.c
      In file included from numpy/core/src/multiarray/multiarraymodule_onefile.c:8:
      numpy/core/src/multiarray/common.c: In function â€˜_IsWriteableâ€™:
      numpy/core/src/multiarray/common.c:676:5: warning: â€˜PyObject_AsWriteBufferâ€™ is deprecated [-Wdeprecated-declarations]
        676 |     if (PyObject_AsWriteBuffer(base, &dummy, &n) < 0) {
            |     ^~
      In file included from /usr/include/python3.8/Python.h:147,
                       from numpy/core/src/multiarray/common.c:2,
                       from numpy/core/src/multiarray/multiarraymodule_onefile.c:8:
      /usr/include/python3.8/abstract.h:348:17: note: declared here
        348 | PyAPI_FUNC(int) PyObject_AsWriteBuffer(PyObject *obj,
            |                 ^~~~~~~~~~~~~~~~~~~~~~
      In file included from numpy/core/src/multiarray/multiarraymodule_onefile.c:10:
      numpy/core/src/multiarray/scalartypes.c.src: In function â€˜gentype_reduceâ€™:
      numpy/core/src/multiarray/scalartypes.c.src:1703:5: warning: â€˜PyObject_AsReadBufferâ€™ is deprecated [-Wdeprecated-declarations]
       1703 |     if (PyObject_AsReadBuffer(self, (const void **)&buffer, &buflen)<0) {
            |     ^~
      In file included from /usr/include/python3.8/Python.h:147,
                       from numpy/core/src/multiarray/common.c:2,
                       from numpy/core/src/multiarray/multiarraymodule_onefile.c:8:
      /usr/include/python3.8/abstract.h:337:17: note: declared here
        337 | PyAPI_FUNC(int) PyObject_AsReadBuffer(PyObject *obj,
            |                 ^~~~~~~~~~~~~~~~~~~~~
      In file included from numpy/core/src/multiarray/multiarraymodule_onefile.c:10:
      numpy/core/src/multiarray/scalartypes.c.src: In function â€˜datetime_arrtype_newâ€™:
      numpy/core/src/multiarray/scalartypes.c.src:2657:30: warning: comparison of integer expressions of different signedness: â€˜NPY_DATETIMEUNITâ€™ {aka â€˜enum <anonymous>â€™} and â€˜intâ€™ [-Wsign-compare]
       2657 |         if (ret->obmeta.base == -1) {
            |                              ^~
      In file included from numpy/core/src/multiarray/multiarraymodule_onefile.c:10:
      numpy/core/src/multiarray/scalartypes.c.src: In function â€˜timedelta_arrtype_newâ€™:
      numpy/core/src/multiarray/scalartypes.c.src:2657:30: warning: comparison of integer expressions of different signedness: â€˜NPY_DATETIMEUNITâ€™ {aka â€˜enum <anonymous>â€™} and â€˜intâ€™ [-Wsign-compare]
       2657 |         if (ret->obmeta.base == -1) {
            |                              ^~
      In file included from numpy/core/src/multiarray/multiarraymodule_onefile.c:10:
      numpy/core/src/multiarray/scalartypes.c.src: In function â€˜initialize_numeric_typesâ€™:
      numpy/core/src/multiarray/scalartypes.c.src:4155:5: warning: â€˜tp_printâ€™ is deprecated [-Wdeprecated-declarations]
       4155 |     PyHalfArrType_Type.tp_print = halftype_print;
            |     ^~~~~~~~~~~~~~~~~~
      In file included from /usr/include/python3.8/object.h:746,
                       from /usr/include/python3.8/pytime.h:6,
                       from /usr/include/python3.8/Python.h:85,
                       from numpy/core/src/multiarray/common.c:2,
                       from numpy/core/src/multiarray/multiarraymodule_onefile.c:8:
      /usr/include/python3.8/cpython/object.h:260:30: note: declared here
        260 |     Py_DEPRECATED(3.8) int (*tp_print)(PyObject *, FILE *, int);
            |                              ^~~~~~~~
      In file included from numpy/core/src/multiarray/multiarraymodule_onefile.c:10:
      numpy/core/src/multiarray/scalartypes.c.src:4156:5: warning: â€˜tp_printâ€™ is deprecated [-Wdeprecated-declarations]
       4156 |     PyFloatArrType_Type.tp_print = floattype_print;
            |     ^~~~~~~~~~~~~~~~~~~
      In file included from /usr/include/python3.8/object.h:746,
                       from /usr/include/python3.8/pytime.h:6,
                       from /usr/include/python3.8/Python.h:85,
                       from numpy/core/src/multiarray/common.c:2,
                       from numpy/core/src/multiarray/multiarraymodule_onefile.c:8:
      /usr/include/python3.8/cpython/object.h:260:30: note: declared here
        260 |     Py_DEPRECATED(3.8) int (*tp_print)(PyObject *, FILE *, int);
            |                              ^~~~~~~~
      In file included from numpy/core/src/multiarray/multiarraymodule_onefile.c:10:
      numpy/core/src/multiarray/scalartypes.c.src:4157:5: warning: â€˜tp_printâ€™ is deprecated [-Wdeprecated-declarations]
       4157 |     PyDoubleArrType_Type.tp_print = doubletype_print;
            |     ^~~~~~~~~~~~~~~~~~~~
      In file included from /usr/include/python3.8/object.h:746,
                       from /usr/include/python3.8/pytime.h:6,
                       from /usr/include/python3.8/Python.h:85,
                       from numpy/core/src/multiarray/common.c:2,
                       from numpy/core/src/multiarray/multiarraymodule_onefile.c:8:
      /usr/include/python3.8/cpython/object.h:260:30: note: declared here
        260 |     Py_DEPRECATED(3.8) int (*tp_print)(PyObject *, FILE *, int);
            |                              ^~~~~~~~
      In file included from numpy/core/src/multiarray/multiarraymodule_onefile.c:10:
      numpy/core/src/multiarray/scalartypes.c.src:4158:5: warning: â€˜tp_printâ€™ is deprecated [-Wdeprecated-declarations]
       4158 |     PyLongDoubleArrType_Type.tp_print = longdoubletype_print;
            |     ^~~~~~~~~~~~~~~~~~~~~~~~
      In file included from /usr/include/python3.8/object.h:746,
                       from /usr/include/python3.8/pytime.h:6,
                       from /usr/include/python3.8/Python.h:85,
                       from numpy/core/src/multiarray/common.c:2,
                       from numpy/core/src/multiarray/multiarraymodule_onefile.c:8:
      /usr/include/python3.8/cpython/object.h:260:30: note: declared here
        260 |     Py_DEPRECATED(3.8) int (*tp_print)(PyObject *, FILE *, int);
            |                              ^~~~~~~~
      In file included from numpy/core/src/multiarray/multiarraymodule_onefile.c:10:
      numpy/core/src/multiarray/scalartypes.c.src:4160:5: warning: â€˜tp_printâ€™ is deprecated [-Wdeprecated-declarations]
       4160 |     PyCFloatArrType_Type.tp_print = cfloattype_print;
            |     ^~~~~~~~~~~~~~~~~~~~
      In file included from /usr/include/python3.8/object.h:746,
                       from /usr/include/python3.8/pytime.h:6,
                       from /usr/include/python3.8/Python.h:85,
                       from numpy/core/src/multiarray/common.c:2,
                       from numpy/core/src/multiarray/multiarraymodule_onefile.c:8:
      /usr/include/python3.8/cpython/object.h:260:30: note: declared here
        260 |     Py_DEPRECATED(3.8) int (*tp_print)(PyObject *, FILE *, int);
            |                              ^~~~~~~~
      In file included from numpy/core/src/multiarray/multiarraymodule_onefile.c:10:
      numpy/core/src/multiarray/scalartypes.c.src:4161:5: warning: â€˜tp_printâ€™ is deprecated [-Wdeprecated-declarations]
       4161 |     PyCDoubleArrType_Type.tp_print = cdoubletype_print;
            |     ^~~~~~~~~~~~~~~~~~~~~
      In file included from /usr/include/python3.8/object.h:746,
                       from /usr/include/python3.8/pytime.h:6,
                       from /usr/include/python3.8/Python.h:85,
                       from numpy/core/src/multiarray/common.c:2,
                       from numpy/core/src/multiarray/multiarraymodule_onefile.c:8:
      /usr/include/python3.8/cpython/object.h:260:30: note: declared here
        260 |     Py_DEPRECATED(3.8) int (*tp_print)(PyObject *, FILE *, int);
            |                              ^~~~~~~~
      In file included from numpy/core/src/multiarray/multiarraymodule_onefile.c:10:
      numpy/core/src/multiarray/scalartypes.c.src:4162:5: warning: â€˜tp_printâ€™ is deprecated [-Wdeprecated-declarations]
       4162 |     PyCLongDoubleArrType_Type.tp_print = clongdoubletype_print;
            |     ^~~~~~~~~~~~~~~~~~~~~~~~~
      In file included from /usr/include/python3.8/object.h:746,
                       from /usr/include/python3.8/pytime.h:6,
                       from /usr/include/python3.8/Python.h:85,
                       from numpy/core/src/multiarray/common.c:2,
                       from numpy/core/src/multiarray/multiarraymodule_onefile.c:8:
      /usr/include/python3.8/cpython/object.h:260:30: note: declared here
        260 |     Py_DEPRECATED(3.8) int (*tp_print)(PyObject *, FILE *, int);
            |                              ^~~~~~~~
      In file included from numpy/core/src/multiarray/multiarraymodule_onefile.c:13:
      numpy/core/src/multiarray/datetime.c: In function â€˜parse_datetime_extended_unit_from_stringâ€™:
      numpy/core/src/multiarray/datetime.c:781:24: warning: comparison of integer expressions of different signedness: â€˜NPY_DATETIMEUNITâ€™ {aka â€˜enum <anonymous>â€™} and â€˜intâ€™ [-Wsign-compare]
        781 |     if (out_meta->base == -1) {
            |                        ^~
      numpy/core/src/multiarray/datetime.c: In function â€˜get_datetime_units_factorâ€™:
      numpy/core/src/multiarray/datetime.c:1076:23: warning: comparison of integer expressions of different signedness: â€˜NPY_DATETIMEUNITâ€™ {aka â€˜enum <anonymous>â€™} and â€˜intâ€™ [-Wsign-compare]
       1076 |     while (littlebase > unit) {
            |                       ^
      numpy/core/src/multiarray/datetime.c: In function â€˜convert_datetime_metadata_tuple_to_datetime_metadataâ€™:
      numpy/core/src/multiarray/datetime.c:1849:24: warning: comparison of integer expressions of different signedness: â€˜NPY_DATETIMEUNITâ€™ {aka â€˜enum <anonymous>â€™} and â€˜intâ€™ [-Wsign-compare]
       1849 |     if (out_meta->base == -1) {
            |                        ^~
      numpy/core/src/multiarray/datetime.c: In function â€˜convert_pyobject_to_datetimeâ€™:
      numpy/core/src/multiarray/datetime.c:2386:24: warning: comparison of integer expressions of different signedness: â€˜NPY_DATETIMEUNITâ€™ {aka â€˜enum <anonymous>â€™} and â€˜intâ€™ [-Wsign-compare]
       2386 |         if (meta->base == -1) {
            |                        ^~
      numpy/core/src/multiarray/datetime.c:2400:24: warning: comparison of integer expressions of different signedness: â€˜NPY_DATETIMEUNITâ€™ {aka â€˜enum <anonymous>â€™} and â€˜intâ€™ [-Wsign-compare]
       2400 |         if (meta->base == -1 || meta->base == NPY_FR_GENERIC) {
            |                        ^~
      numpy/core/src/multiarray/datetime.c:2413:24: warning: comparison of integer expressions of different signedness: â€˜NPY_DATETIMEUNITâ€™ {aka â€˜enum <anonymous>â€™} and â€˜intâ€™ [-Wsign-compare]
       2413 |         if (meta->base == -1) {
            |                        ^~
      numpy/core/src/multiarray/datetime.c:2452:24: warning: comparison of integer expressions of different signedness: â€˜NPY_DATETIMEUNITâ€™ {aka â€˜enum <anonymous>â€™} and â€˜intâ€™ [-Wsign-compare]
       2452 |         if (meta->base == -1) {
            |                        ^~
      numpy/core/src/multiarray/datetime.c:2484:28: warning: comparison of integer expressions of different signedness: â€˜NPY_DATETIMEUNITâ€™ {aka â€˜enum <anonymous>â€™} and â€˜intâ€™ [-Wsign-compare]
       2484 |             if (meta->base == -1) {
            |                            ^~
      numpy/core/src/multiarray/datetime.c:2511:24: warning: comparison of integer expressions of different signedness: â€˜NPY_DATETIMEUNITâ€™ {aka â€˜enum <anonymous>â€™} and â€˜intâ€™ [-Wsign-compare]
       2511 |         if (meta->base == -1) {
            |                        ^~
      numpy/core/src/multiarray/datetime.c: In function â€˜convert_pyobject_to_timedeltaâ€™:
      numpy/core/src/multiarray/datetime.c:2586:28: warning: comparison of integer expressions of different signedness: â€˜NPY_DATETIMEUNITâ€™ {aka â€˜enum <anonymous>â€™} and â€˜intâ€™ [-Wsign-compare]
       2586 |             if (meta->base == -1) {
            |                            ^~
      numpy/core/src/multiarray/datetime.c:2597:24: warning: comparison of integer expressions of different signedness: â€˜NPY_DATETIMEUNITâ€™ {aka â€˜enum <anonymous>â€™} and â€˜intâ€™ [-Wsign-compare]
       2597 |         if (meta->base == -1) {
            |                        ^~
      numpy/core/src/multiarray/datetime.c:2610:24: warning: comparison of integer expressions of different signedness: â€˜NPY_DATETIMEUNITâ€™ {aka â€˜enum <anonymous>â€™} and â€˜intâ€™ [-Wsign-compare]
       2610 |         if (meta->base == -1) {
            |                        ^~
      numpy/core/src/multiarray/datetime.c:2649:24: warning: comparison of integer expressions of different signedness: â€˜NPY_DATETIMEUNITâ€™ {aka â€˜enum <anonymous>â€™} and â€˜intâ€™ [-Wsign-compare]
       2649 |         if (meta->base == -1) {
            |                        ^~
      numpy/core/src/multiarray/datetime.c:2718:24: warning: comparison of integer expressions of different signedness: â€˜NPY_DATETIMEUNITâ€™ {aka â€˜enum <anonymous>â€™} and â€˜intâ€™ [-Wsign-compare]
       2718 |         if (meta->base == -1) {
            |                        ^~
      numpy/core/src/multiarray/datetime.c:2772:24: warning: comparison of integer expressions of different signedness: â€˜NPY_DATETIMEUNITâ€™ {aka â€˜enum <anonymous>â€™} and â€˜intâ€™ [-Wsign-compare]
       2772 |         if (meta->base == -1) {
            |                        ^~
      numpy/core/src/multiarray/datetime.c: In function â€˜convert_pyobjects_to_datetimesâ€™:
      numpy/core/src/multiarray/datetime.c:3108:26: warning: comparison of integer expressions of different signedness: â€˜NPY_DATETIMEUNITâ€™ {aka â€˜enum <anonymous>â€™} and â€˜intâ€™ [-Wsign-compare]
       3108 |     if (inout_meta->base == -1) {
            |                          ^~
      In file included from numpy/core/src/multiarray/multiarraymodule_onefile.c:14:
      numpy/core/src/multiarray/datetime_strings.c: In function â€˜parse_iso_8601_datetimeâ€™:
      numpy/core/src/multiarray/datetime_strings.c:476:18: warning: comparison of integer expressions of different signedness: â€˜NPY_DATETIMEUNITâ€™ {aka â€˜enum <anonymous>â€™} and â€˜intâ€™ [-Wsign-compare]
        476 |         if (unit != -1 && !can_cast_datetime64_units(bestunit, unit,
            |                  ^~
      numpy/core/src/multiarray/datetime_strings.c:519:18: warning: comparison of integer expressions of different signedness: â€˜NPY_DATETIMEUNITâ€™ {aka â€˜enum <anonymous>â€™} and â€˜intâ€™ [-Wsign-compare]
        519 |         if (unit != -1 && !can_cast_datetime64_units(bestunit, unit,
            |                  ^~
      numpy/core/src/multiarray/datetime_strings.c:924:14: warning: comparison of integer expressions of different signedness: â€˜NPY_DATETIMEUNITâ€™ {aka â€˜enum <anonymous>â€™} and â€˜intâ€™ [-Wsign-compare]
        924 |     if (unit != -1 && !can_cast_datetime64_units(bestunit, unit,
            |              ^~
      numpy/core/src/multiarray/datetime_strings.c: In function â€˜get_datetime_iso_8601_strlenâ€™:
      numpy/core/src/multiarray/datetime_strings.c:955:14: warning: comparison of integer expressions of different signedness: â€˜NPY_DATETIMEUNITâ€™ {aka â€˜enum <anonymous>â€™} and â€˜intâ€™ [-Wsign-compare]
        955 |     if (base == -1) {
            |              ^~
      numpy/core/src/multiarray/datetime_strings.c: In function â€˜make_iso_8601_datetimeâ€™:
      numpy/core/src/multiarray/datetime_strings.c:1119:14: warning: comparison of integer expressions of different signedness: â€˜NPY_DATETIMEUNITâ€™ {aka â€˜enum <anonymous>â€™} and â€˜intâ€™ [-Wsign-compare]
       1119 |     if (base == -1) {
            |              ^~
      numpy/core/src/multiarray/datetime_strings.c: In function â€˜array_datetime_as_stringâ€™:
      numpy/core/src/multiarray/datetime_strings.c:1600:22: warning: comparison of integer expressions of different signedness: â€˜NPY_DATETIMEUNITâ€™ {aka â€˜enum <anonymous>â€™} and â€˜intâ€™ [-Wsign-compare]
       1600 |             if (unit == -1) {
            |                      ^~
      numpy/core/src/multiarray/datetime_strings.c:1607:18: warning: comparison of integer expressions of different signedness: â€˜NPY_DATETIMEUNITâ€™ {aka â€˜enum <anonymous>â€™} and â€˜intâ€™ [-Wsign-compare]
       1607 |         if (unit != -1 && !can_cast_datetime64_units(meta->base, unit, casting)) {
            |                  ^~
      In file included from numpy/core/src/multiarray/multiarraymodule_onefile.c:17:
      numpy/core/src/multiarray/arraytypes.c.src: In function â€˜VOID_setitemâ€™:
      numpy/core/src/multiarray/arraytypes.c.src:741:9: warning: â€˜PyObject_AsReadBufferâ€™ is deprecated [-Wdeprecated-declarations]
        741 |         res = PyObject_AsReadBuffer(op, &buffer, &buflen);
            |         ^~~
      In file included from /usr/include/python3.8/Python.h:147,
                       from numpy/core/src/multiarray/common.c:2,
                       from numpy/core/src/multiarray/multiarraymodule_onefile.c:8:
      /usr/include/python3.8/abstract.h:337:17: note: declared here
        337 | PyAPI_FUNC(int) PyObject_AsReadBuffer(PyObject *obj,
            |                 ^~~~~~~~~~~~~~~~~~~~~
      In file included from numpy/core/src/multiarray/multiarraymodule_onefile.c:24:
      numpy/core/src/multiarray/ctors.c: In function â€˜PyArray_FromInterfaceâ€™:
      numpy/core/src/multiarray/ctors.c:2126:9: warning: â€˜PyObject_AsWriteBufferâ€™ is deprecated [-Wdeprecated-declarations]
       2126 |         res = PyObject_AsWriteBuffer(base, (void **)&data, &buffer_len);
            |         ^~~
      In file included from /usr/include/python3.8/Python.h:147,
                       from numpy/core/src/multiarray/common.c:2,
                       from numpy/core/src/multiarray/multiarraymodule_onefile.c:8:
      /usr/include/python3.8/abstract.h:348:17: note: declared here
        348 | PyAPI_FUNC(int) PyObject_AsWriteBuffer(PyObject *obj,
            |                 ^~~~~~~~~~~~~~~~~~~~~~
      In file included from numpy/core/src/multiarray/multiarraymodule_onefile.c:24:
      numpy/core/src/multiarray/ctors.c:2129:13: warning: â€˜PyObject_AsReadBufferâ€™ is deprecated [-Wdeprecated-declarations]
       2129 |             res = PyObject_AsReadBuffer(
            |             ^~~
      In file included from /usr/include/python3.8/Python.h:147,
                       from numpy/core/src/multiarray/common.c:2,
                       from numpy/core/src/multiarray/multiarraymodule_onefile.c:8:
      /usr/include/python3.8/abstract.h:337:17: note: declared here
        337 | PyAPI_FUNC(int) PyObject_AsReadBuffer(PyObject *obj,
            |                 ^~~~~~~~~~~~~~~~~~~~~
      In file included from numpy/core/src/multiarray/multiarraymodule_onefile.c:24:
      numpy/core/src/multiarray/ctors.c: In function â€˜PyArray_FromBufferâ€™:
      numpy/core/src/multiarray/ctors.c:3269:5: warning: â€˜PyObject_AsWriteBufferâ€™ is deprecated [-Wdeprecated-declarations]
       3269 |     if (PyObject_AsWriteBuffer(buf, (void *)&data, &ts) == -1) {
            |     ^~
      In file included from /usr/include/python3.8/Python.h:147,
                       from numpy/core/src/multiarray/common.c:2,
                       from numpy/core/src/multiarray/multiarraymodule_onefile.c:8:
      /usr/include/python3.8/abstract.h:348:17: note: declared here
        348 | PyAPI_FUNC(int) PyObject_AsWriteBuffer(PyObject *obj,
            |                 ^~~~~~~~~~~~~~~~~~~~~~
      In file included from numpy/core/src/multiarray/multiarraymodule_onefile.c:24:
      numpy/core/src/multiarray/ctors.c:3272:9: warning: â€˜PyObject_AsReadBufferâ€™ is deprecated [-Wdeprecated-declarations]
       3272 |         if (PyObject_AsReadBuffer(buf, (void *)&data, &ts) == -1) {
            |         ^~
      In file included from /usr/include/python3.8/Python.h:147,
                       from numpy/core/src/multiarray/common.c:2,
                       from numpy/core/src/multiarray/multiarraymodule_onefile.c:8:
      /usr/include/python3.8/abstract.h:337:17: note: declared here
        337 | PyAPI_FUNC(int) PyObject_AsReadBuffer(PyObject *obj,
            |                 ^~~~~~~~~~~~~~~~~~~~~
      In file included from numpy/core/src/multiarray/multiarraymodule_onefile.c:26:
      numpy/core/src/multiarray/mapping.c: In function â€˜array_ass_subâ€™:
      numpy/core/src/multiarray/mapping.c:1294:20: warning: assignment to â€˜PyArrayObject *â€™ {aka â€˜struct tagPyArrayObject *â€™} from incompatible pointer type â€˜PyObject *â€™ {aka â€˜struct _object *â€™} [-Wincompatible-pointer-types]
       1294 |             op_arr = op;
            |                    ^
      In file included from numpy/core/src/multiarray/multiarraymodule_onefile.c:28:
      numpy/core/src/multiarray/getset.c: In function â€˜array_strides_setâ€™:
      numpy/core/src/multiarray/getset.c:131:5: warning: â€˜PyObject_AsReadBufferâ€™ is deprecated [-Wdeprecated-declarations]
        131 |     if (PyArray_BASE(new) && PyObject_AsReadBuffer(PyArray_BASE(new),
            |     ^~
      In file included from /usr/include/python3.8/Python.h:147,
                       from numpy/core/src/multiarray/common.c:2,
                       from numpy/core/src/multiarray/multiarraymodule_onefile.c:8:
      /usr/include/python3.8/abstract.h:337:17: note: declared here
        337 | PyAPI_FUNC(int) PyObject_AsReadBuffer(PyObject *obj,
            |                 ^~~~~~~~~~~~~~~~~~~~~
      In file included from numpy/core/src/multiarray/multiarraymodule_onefile.c:28:
      numpy/core/src/multiarray/getset.c: In function â€˜array_data_setâ€™:
      numpy/core/src/multiarray/getset.c:332:5: warning: â€˜PyObject_AsWriteBufferâ€™ is deprecated [-Wdeprecated-declarations]
        332 |     if (PyObject_AsWriteBuffer(op, &buf, &buf_len) < 0) {
            |     ^~
      In file included from /usr/include/python3.8/Python.h:147,
                       from numpy/core/src/multiarray/common.c:2,
                       from numpy/core/src/multiarray/multiarraymodule_onefile.c:8:
      /usr/include/python3.8/abstract.h:348:17: note: declared here
        348 | PyAPI_FUNC(int) PyObject_AsWriteBuffer(PyObject *obj,
            |                 ^~~~~~~~~~~~~~~~~~~~~~
      In file included from numpy/core/src/multiarray/multiarraymodule_onefile.c:28:
      numpy/core/src/multiarray/getset.c:334:9: warning: â€˜PyObject_AsReadBufferâ€™ is deprecated [-Wdeprecated-declarations]
        334 |         if (PyObject_AsReadBuffer(op, (const void **)&buf, &buf_len) < 0) {
            |         ^~
      In file included from /usr/include/python3.8/Python.h:147,
                       from numpy/core/src/multiarray/common.c:2,
                       from numpy/core/src/multiarray/multiarraymodule_onefile.c:8:
      /usr/include/python3.8/abstract.h:337:17: note: declared here
        337 | PyAPI_FUNC(int) PyObject_AsReadBuffer(PyObject *obj,
            |                 ^~~~~~~~~~~~~~~~~~~~~
      In file included from numpy/core/src/multiarray/multiarraymodule_onefile.c:38:
      numpy/core/src/multiarray/conversion_utils.c: In function â€˜PyArray_BufferConverterâ€™:
      numpy/core/src/multiarray/conversion_utils.c:152:5: warning: â€˜PyObject_AsWriteBufferâ€™ is deprecated [-Wdeprecated-declarations]
        152 |     if (PyObject_AsWriteBuffer(obj, &(buf->ptr), &buflen) < 0) {
            |     ^~
      In file included from /usr/include/python3.8/Python.h:147,
                       from numpy/core/src/multiarray/common.c:2,
      [0m[91m                 from numpy/core/src/multiarray/multiarraymodule_onefile.c:8:
      /usr/include/python3.8/abstract.h:348:17: note: declared here
        348 | PyAPI_FUNC(int) PyObject_AsWriteBuffer(PyObject *obj,
            |                 ^~~~~~~~~~~~~~~~~~~~~~
      In file included from numpy/core/src/multiarray/multiarraymodule_onefile.c:38:
      numpy/core/src/multiarray/conversion_utils.c:155:9: warning: â€˜PyObject_AsReadBufferâ€™ is deprecated [-Wdeprecated-declarations]
        155 |         if (PyObject_AsReadBuffer(obj, (const void **)&(buf->ptr),
            |         ^~
      In file included from /usr/include/python3.8/Python.h:147,
                       from numpy/core/src/multiarray/common.c:2,
                       from numpy/core/src/multiarray/multiarraymodule_onefile.c:8:
      /usr/include/python3.8/abstract.h:337:17: note: declared here
        337 | PyAPI_FUNC(int) PyObject_AsReadBuffer(PyObject *obj,
            |                 ^~~~~~~~~~~~~~~~~~~~~
      In file included from numpy/core/src/multiarray/multiarraymodule_onefile.c:41:
      numpy/core/src/multiarray/nditer_constr.c: In function â€˜npyiter_prepare_one_operandâ€™:
      numpy/core/src/multiarray/nditer_constr.c:1017:20: warning: unused variable â€˜tmpâ€™ [-Wunused-variable]
       1017 |         npy_uint32 tmp;
            |                    ^~~
      In file included from numpy/core/src/multiarray/multiarraymodule_onefile.c:42:
      numpy/core/src/multiarray/nditer_api.c: In function â€˜npyiter_copy_from_buffersâ€™:
      numpy/core/src/multiarray/nditer_api.c:1837:12: warning: unused variable â€˜ptrsâ€™ [-Wunused-variable]
       1837 |     char **ptrs = NBF_PTRS(bufferdata), **ad_ptrs = NAD_PTRS(axisdata);
            |            ^~~~
      numpy/core/src/multiarray/nditer_api.c:1833:17: warning: unused variable â€˜buffersizeâ€™ [-Wunused-variable]
       1833 |                 buffersize = NBF_BUFFERSIZE(bufferdata);
            |                 ^~~~~~~~~~
      In file included from numpy/core/src/multiarray/multiarraymodule_onefile.c:44:
      numpy/core/src/multiarray/nditer_pywrap.c: In function â€˜npyiter_subscriptâ€™:
      numpy/core/src/multiarray/nditer_pywrap.c:2254:32: warning: passing argument 1 of â€˜PySlice_GetIndicesâ€™ from incompatible pointer type [-Wincompatible-pointer-types]
       2254 |         if (PySlice_GetIndices((PySliceObject *)op,
            |                                ^~~~~~~~~~~~~~~~~~~
            |                                |
            |                                PySliceObject * {aka struct <anonymous> *}
      In file included from /usr/include/python3.8/Python.h:118,
                       from numpy/core/src/multiarray/common.c:2,
                       from numpy/core/src/multiarray/multiarraymodule_onefile.c:8:
      /usr/include/python3.8/sliceobject.h:41:46: note: expected â€˜PyObject *â€™ {aka â€˜struct _object *â€™} but argument is of type â€˜PySliceObject *â€™ {aka â€˜struct <anonymous> *â€™}
         41 | PyAPI_FUNC(int) PySlice_GetIndices(PyObject *r, Py_ssize_t length,
            |                                    ~~~~~~~~~~^
      In file included from numpy/core/src/multiarray/multiarraymodule_onefile.c:44:
      numpy/core/src/multiarray/nditer_pywrap.c: In function â€˜npyiter_ass_subscriptâ€™:
      numpy/core/src/multiarray/nditer_pywrap.c:2304:32: warning: passing argument 1 of â€˜PySlice_GetIndicesâ€™ from incompatible pointer type [-Wincompatible-pointer-types]
       2304 |         if (PySlice_GetIndices((PySliceObject *)op,
            |                                ^~~~~~~~~~~~~~~~~~~
            |                                |
            |                                PySliceObject * {aka struct <anonymous> *}
      In file included from /usr/include/python3.8/Python.h:118,
                       from numpy/core/src/multiarray/common.c:2,
                       from numpy/core/src/multiarray/multiarraymodule_onefile.c:8:
      /usr/include/python3.8/sliceobject.h:41:46: note: expected â€˜PyObject *â€™ {aka â€˜struct _object *â€™} but argument is of type â€˜PySliceObject *â€™ {aka â€˜struct <anonymous> *â€™}
         41 | PyAPI_FUNC(int) PySlice_GetIndices(PyObject *r, Py_ssize_t length,
            |                                    ~~~~~~~~~~^
      In file included from numpy/core/src/multiarray/multiarraymodule_onefile.c:49:
      numpy/core/src/multiarray/array_assign_scalar.c: In function â€˜PyArray_AssignRawScalarâ€™:
      numpy/core/src/multiarray/array_assign_scalar.c:232:34: warning: comparison of integer expressions of different signedness: â€˜long unsigned intâ€™ and â€˜intâ€™ [-Wsign-compare]
        232 |         if (sizeof(scalarbuffer) >= PyArray_DESCR(dst)->elsize) {
            |                                  ^~
      In file included from numpy/core/src/multiarray/multiarraymodule_onefile.c:50:
      numpy/core/src/multiarray/array_assign_array.c: In function â€˜PyArray_AssignArrayâ€™:
      numpy/core/src/multiarray/array_assign_array.c:384:1: warning: label â€˜finishâ€™ defined but not used [-Wunused-label]
        384 | finish:
            | ^~~~~~
      In file included from numpy/core/src/multiarray/multiarraymodule_onefile.c:51:
      numpy/core/src/multiarray/ucsnarrow.c: In function â€˜PyUnicode_FromUCS4â€™:
      numpy/core/src/multiarray/ucsnarrow.c:138:56: warning: pointer targets in passing argument 1 of â€˜PyUnicode_FromUnicodeâ€™ differ in signedness [-Wpointer-sign]
        138 |         ret = (PyUnicodeObject *)PyUnicode_FromUnicode(buf, (Py_ssize_t) ucs4len);
            |                                                        ^~~
            |                                                        |
            |                                                        npy_ucs4 * {aka unsigned int *}
      In file included from /usr/include/python3.8/unicodeobject.h:1037,
                       from /usr/include/python3.8/Python.h:97,
                       from numpy/core/src/multiarray/common.c:2,
                       from numpy/core/src/multiarray/multiarraymodule_onefile.c:8:
      /usr/include/python3.8/cpython/unicodeobject.h:550:48: note: expected â€˜const Py_UNICODE *â€™ {aka â€˜const int *â€™} but argument is of type â€˜npy_ucs4 *â€™ {aka â€˜unsigned int *â€™}
        550 | /* Py_DEPRECATED(3.3) */ PyAPI_FUNC(PyObject*) PyUnicode_FromUnicode(
            |                                                ^~~~~~~~~~~~~~~~~~~~~
      In file included from numpy/core/src/multiarray/multiarraymodule_onefile.c:57:
      numpy/core/src/multiarray/multiarraymodule.c: In function â€˜PyArray_ConcatenateArraysâ€™:
      numpy/core/src/multiarray/multiarraymodule.c:341:14: warning: suggest parentheses around comparison in operand of â€˜&â€™ [-Wparentheses]
        341 |     if (ndim == 1 & axis != 0) {
            |         ~~~~~^~~~
      In file included from numpy/core/src/multiarray/multiarraymodule_onefile.c:51:
      At top level:
      numpy/core/src/multiarray/ucsnarrow.c:65:1: warning: â€˜PyUCS2Buffer_AsUCS4â€™ defined but not used [-Wunused-function]
         65 | PyUCS2Buffer_AsUCS4(Py_UNICODE *ucs2, npy_ucs4 *ucs4, int ucs2len, int ucs4len)
            | ^~~~~~~~~~~~~~~~~~~
      numpy/core/src/multiarray/ucsnarrow.c:33:1: warning: â€˜PyUCS2Buffer_FromUCS4â€™ defined but not used [-Wunused-function]
         33 | PyUCS2Buffer_FromUCS4(Py_UNICODE *ucs2, npy_ucs4 *ucs4, int ucs4length)
            | ^~~~~~~~~~~~~~~~~~~~~
      In file included from numpy/core/src/multiarray/multiarraymodule_onefile.c:32:
      numpy/core/src/multiarray/convert.c:474:1: warning: â€˜PyArray_AssignOneâ€™ defined but not used [-Wunused-function]
        474 | PyArray_AssignOne(PyArrayObject *dst,
            | ^~~~~~~~~~~~~~~~~
      In file included from numpy/core/src/multiarray/multiarraymodule_onefile.c:26:
      numpy/core/src/multiarray/mapping.c:90:1: warning: â€˜_array_ass_itemâ€™ defined but not used [-Wunused-function]
         90 | _array_ass_item(PyArrayObject *self, Py_ssize_t i, PyObject *v)
            | ^~~~~~~~~~~~~~~
      In file included from numpy/core/src/multiarray/multiarraymodule_onefile.c:34:
      numpy/core/src/multiarray/item_selection.c: In function â€˜PyArray_Sortâ€™:
      numpy/core/src/multiarray/item_selection.c:957:26: warning: â€˜orignâ€™ may be used uninitialized in this function [-Wmaybe-uninitialized]
        957 |     int i, n, m, elsize, orign;
            |                          ^~~~~
      x86_64-linux-gnu-gcc -pthread -shared -Wl,-O1 -Wl,-Bsymbolic-functions -Wl,-Bsymbolic-functions -Wl,-z,relro -g -fwrapv -O2 -Wl,-Bsymbolic-functions -Wl,-z,relro -g -fwrapv -O2 -g -fstack-protector-strong -Wformat -Werror=format-security -Wdate-time -D_FORTIFY_SOURCE=2 build/temp.linux-x86_64-3.8/numpy/core/src/multiarray/multiarraymodule_onefile.o -Lbuild/temp.linux-x86_64-3.8 -lnpymath -lnpysort -lm -o build/lib.linux-x86_64-3.8/numpy/core/multiarray.cpython-38-x86_64-linux-gnu.so
      building 'numpy.core.umath' extension
      compiling C sources
      C compiler: x86_64-linux-gnu-gcc -pthread -Wno-unused-result -Wsign-compare -DNDEBUG -g -fwrapv -O2 -Wall -g -fstack-protector-strong -Wformat -Werror=format-security -g -fwrapv -O2 -g -fstack-protector-strong -Wformat -Werror=format-security -Wdate-time -D_FORTIFY_SOURCE=2 -fPIC
      
      creating build/temp.linux-x86_64-3.8/numpy/core/src/umath
      compile options: '-Ibuild/src.linux-x86_64-3.8/numpy/core/src/umath -Inumpy/core/include -Ibuild/src.linux-x86_64-3.8/numpy/core/include/numpy -Inumpy/core/src/private -Inumpy/core/src -Inumpy/core -Inumpy/core/src/npymath -Inumpy/core/src/multiarray -Inumpy/core/src/umath -Inumpy/core/src/npysort -Inumpy/core/include -I/usr/include/python3.8 -Ibuild/src.linux-x86_64-3.8/numpy/core/src/multiarray -Ibuild/src.linux-x86_64-3.8/numpy/core/src/umath -c'
      x86_64-linux-gnu-gcc: numpy/core/src/umath/umathmodule_onefile.c
      In file included from numpy/core/src/umath/umathmodule_onefile.c:3:
      numpy/core/src/umath/ufunc_object.c: In function â€˜get_ufunc_argumentsâ€™:
      numpy/core/src/umath/ufunc_object.c:717:37: warning: unused variable â€˜noutâ€™ [-Wunused-variable]
        717 |     int i, nargs, nin = ufunc->nin, nout = ufunc->nout;
            |                                     ^~~~
      In file included from numpy/core/src/umath/umathmodule_onefile.c:4:
      numpy/core/src/umath/ufunc_type_resolution.c: In function â€˜type_tuple_type_resolverâ€™:
      numpy/core/src/umath/ufunc_type_resolution.c:1979:63: warning: comparison of constant â€˜0â€™ with boolean expression is always false [-Wbool-compare]
       1979 |         if (!PyBytes_AsStringAndSize(type_tup, &str, &length) < 0) {
            |                                                               ^
      numpy/core/src/umath/ufunc_type_resolution.c:1979:63: warning: logical not is only applied to the left hand side of comparison [-Wlogical-not-parentheses]
      numpy/core/src/umath/ufunc_type_resolution.c:1979:13: note: add parentheses around left hand side expression to silence this warning
       1979 |         if (!PyBytes_AsStringAndSize(type_tup, &str, &length) < 0) {
            |             ^~~~~~~~~~~~~~~~~~~~~~~~~~~~~~~~~~~~~~~~~~~~~~~~~
            |             (                                                )
      In file included from numpy/core/src/umath/ufunc_object.c:42,
                       from numpy/core/src/umath/umathmodule_onefile.c:3:
      numpy/core/src/umath/umathmodule_onefile.c: At top level:
      numpy/core/src/private/lowlevel_strided_loops.h:82:1: warning: â€˜PyArray_GetStridedCopyFnâ€™ declared â€˜staticâ€™ but never defined [-Wunused-function]
         82 | PyArray_GetStridedCopyFn(int aligned,
            | ^~~~~~~~~~~~~~~~~~~~~~~~
      numpy/core/src/private/lowlevel_strided_loops.h:97:1: warning: â€˜PyArray_GetStridedCopySwapFnâ€™ declared â€˜staticâ€™ but never defined [-Wunused-function]
         97 | PyArray_GetStridedCopySwapFn(int aligned,
            | ^~~~~~~~~~~~~~~~~~~~~~~~~~~~
      numpy/core/src/private/lowlevel_strided_loops.h:112:1: warning: â€˜PyArray_GetStridedCopySwapPairFnâ€™ declared â€˜staticâ€™ but never defined [-Wunused-function]
        112 | PyArray_GetStridedCopySwapPairFn(int aligned,
            | ^~~~~~~~~~~~~~~~~~~~~~~~~~~~~~~~
      numpy/core/src/private/lowlevel_strided_loops.h:127:1: warning: â€˜PyArray_GetStridedZeroPadCopyFnâ€™ declared â€˜staticâ€™ but never defined [-Wunused-function]
        127 | PyArray_GetStridedZeroPadCopyFn(int aligned,
            | ^~~~~~~~~~~~~~~~~~~~~~~~~~~~~~~
      numpy/core/src/private/lowlevel_strided_loops.h:140:1: warning: â€˜PyArray_GetStridedNumericCastFnâ€™ declared â€˜staticâ€™ but never defined [-Wunused-function]
        140 | PyArray_GetStridedNumericCastFn(int aligned,
            | ^~~~~~~~~~~~~~~~~~~~~~~~~~~~~~~
      numpy/core/src/private/lowlevel_strided_loops.h:151:1: warning: â€˜PyArray_GetDTypeCopySwapFnâ€™ declared â€˜staticâ€™ but never defined [-Wunused-function]
        151 | PyArray_GetDTypeCopySwapFn(int aligned,
            | ^~~~~~~~~~~~~~~~~~~~~~~~~~
      numpy/core/src/private/lowlevel_strided_loops.h:203:1: warning: â€˜PyArray_GetDTypeTransferFunctionâ€™ declared â€˜staticâ€™ but never defined [-Wunused-function]
        203 | PyArray_GetDTypeTransferFunction(int aligned,
            | ^~~~~~~~~~~~~~~~~~~~~~~~~~~~~~~~
      numpy/core/src/private/lowlevel_strided_loops.h:227:1: warning: â€˜PyArray_GetMaskedDTypeTransferFunctionâ€™ declared â€˜staticâ€™ but never defined [-Wunused-function]
        227 | PyArray_GetMaskedDTypeTransferFunction(int aligned,
            | ^~~~~~~~~~~~~~~~~~~~~~~~~~~~~~~~~~~~~~
      numpy/core/src/private/lowlevel_strided_loops.h:247:1: warning: â€˜PyArray_CastRawArraysâ€™ declared â€˜staticâ€™ but never defined [-Wunused-function]
        247 | PyArray_CastRawArrays(npy_intp count,
            | ^~~~~~~~~~~~~~~~~~~~~
      numpy/core/src/private/lowlevel_strided_loops.h:296:1: warning: â€˜PyArray_TransferNDimToStridedâ€™ declared â€˜staticâ€™ but never defined [-Wunused-function]
        296 | PyArray_TransferNDimToStrided(npy_intp ndim,
            | ^~~~~~~~~~~~~~~~~~~~~~~~~~~~~
      numpy/core/src/private/lowlevel_strided_loops.h:306:1: warning: â€˜PyArray_TransferStridedToNDimâ€™ declared â€˜staticâ€™ but never defined [-Wunused-function]
        306 | PyArray_TransferStridedToNDim(npy_intp ndim,
            | ^~~~~~~~~~~~~~~~~~~~~~~~~~~~~
      numpy/core/src/private/lowlevel_strided_loops.h:316:1: warning: â€˜PyArray_TransferMaskedStridedToNDimâ€™ declared â€˜staticâ€™ but never defined [-Wunused-function]
        316 | PyArray_TransferMaskedStridedToNDim(npy_intp ndim,
            | ^~~~~~~~~~~~~~~~~~~~~~~~~~~~~~~~~~~
      numpy/core/src/private/lowlevel_strided_loops.h:343:1: warning: â€˜PyArray_PrepareOneRawArrayIterâ€™ declared â€˜staticâ€™ but never defined [-Wunused-function]
        343 | PyArray_PrepareOneRawArrayIter(int ndim, npy_intp *shape,
            | ^~~~~~~~~~~~~~~~~~~~~~~~~~~~~~
      numpy/core/src/private/lowlevel_strided_loops.h:365:1: warning: â€˜PyArray_PrepareTwoRawArrayIterâ€™ declared â€˜staticâ€™ but never defined [-Wunused-function]
        365 | PyArray_PrepareTwoRawArrayIter(int ndim, npy_intp *shape,
            | ^~~~~~~~~~~~~~~~~~~~~~~~~~~~~~
      numpy/core/src/private/lowlevel_strided_loops.h:389:1: warning: â€˜PyArray_PrepareThreeRawArrayIterâ€™ declared â€˜staticâ€™ but never defined [-Wunused-function]
        389 | PyArray_PrepareThreeRawArrayIter(int ndim, npy_intp *shape,
            | ^~~~~~~~~~~~~~~~~~~~~~~~~~~~~~~~
      In file included from numpy/core/src/umath/umathmodule_onefile.c:1:
      numpy/core/src/umath/loops.c.src: In function â€˜OBJECT_signâ€™:
      numpy/core/src/umath/loops.c.src:2257:13: warning: â€˜vâ€™ may be used uninitialized in this function [-Wmaybe-uninitialized]
       2257 |         int v;
            |             ^
      x86_64-linux-gnu-gcc -pthread -shared -Wl,-O1 -Wl,-Bsymbolic-functions -Wl,-Bsymbolic-functions -Wl,-z,relro -g -fwrapv -O2 -Wl,-Bsymbolic-functions -Wl,-z,relro -g -fwrapv -O2 -g -fstack-protector-strong -Wformat -Werror=format-security -Wdate-time -D_FORTIFY_SOURCE=2 build/temp.linux-x86_64-3.8/numpy/core/src/umath/umathmodule_onefile.o -Lbuild/temp.linux-x86_64-3.8 -lnpymath -lm -o build/lib.linux-x86_64-3.8/numpy/core/umath.cpython-38-x86_64-linux-gnu.so
      building 'numpy.core.scalarmath' extension
      compiling C sources
      C compiler: x86_64-linux-gnu-gcc -pthread -Wno-unused-result -Wsign-compare -DNDEBUG -g -fwrapv -O2 -Wall -g -fstack-protector-strong -Wformat -Werror=format-security -g -fwrapv -O2 -g -fstack-protector-strong -Wformat -Werror=format-security -Wdate-time -D_FORTIFY_SOURCE=2 -fPIC
      
      compile options: '-Inumpy/core/include -Ibuild/src.linux-x86_64-3.8/numpy/core/include/numpy -Inumpy/core/src/private -Inumpy/core/src -Inumpy/core -Inumpy/core/src/npymath -Inumpy/core/src/multiarray -Inumpy/core/src/umath -Inumpy/core/src/npysort -Inumpy/core/include -I/usr/include/python3.8 -Ibuild/src.linux-x86_64-3.8/numpy/core/src/multiarray -Ibuild/src.linux-x86_64-3.8/numpy/core/src/umath -c'
      x86_64-linux-gnu-gcc: build/src.linux-x86_64-3.8/numpy/core/src/scalarmathmodule.c
      numpy/core/src/scalarmathmodule.c.src:1469:1: warning: â€˜clongdouble_longâ€™ defined but not used [-Wunused-function]
       1469 | @name@_@which@(PyObject *obj)
            | ^~~~~~~~~~~~~~~~
      numpy/core/src/scalarmathmodule.c.src:1469:1: warning: â€˜cdouble_longâ€™ defined but not used [-Wunused-function]
       1469 | @name@_@which@(PyObject *obj)
            | ^~~~~~~~~~~~
      numpy/core/src/scalarmathmodule.c.src:1469:1: warning: â€˜cfloat_longâ€™ defined but not used [-Wunused-function]
       1469 | @name@_@which@(PyObject *obj)
            | ^~~~~~~~~~~
      numpy/core/src/scalarmathmodule.c.src:1469:1: warning: â€˜longdouble_longâ€™ defined but not used [-Wunused-function]
       1469 | @name@_@which@(PyObject *obj)
            | ^~~~~~~~~~~~~~~
      numpy/core/src/scalarmathmodule.c.src:1469:1: warning: â€˜double_longâ€™ defined but not used [-Wunused-function]
       1469 | @name@_@which@(PyObject *obj)
            | ^~~~~~~~~~~
      numpy/core/src/scalarmathmodule.c.src:1469:1: warning: â€˜float_longâ€™ defined but not used [-Wunused-function]
       1469 | @name@_@which@(PyObject *obj)
            | ^~~~~~~~~~
      numpy/core/src/scalarmathmodule.c.src:1469:1: warning: â€˜half_longâ€™ defined but not used [-Wunused-function]
       1469 | @name@_@which@(PyObject *obj)
            | ^~~~~~~~~
      numpy/core/src/scalarmathmodule.c.src:1469:1: warning: â€˜ulonglong_longâ€™ defined but not used [-Wunused-function]
       1469 | @name@_@which@(PyObject *obj)
            | ^~~~~~~~~~~~~~
      numpy/core/src/scalarmathmodule.c.src:1469:1: warning: â€˜longlong_longâ€™ defined but not used [-Wunused-function]
       1469 | @name@_@which@(PyObject *obj)
            | ^~~~~~~~~~~~~
      numpy/core/src/scalarmathmodule.c.src:1469:1: warning: â€˜ulong_longâ€™ defined but not used [-Wunused-function]
       1469 | @name@_@which@(PyObject *obj)
            | ^~~~~~~~~~
      numpy/core/src/scalarmathmodule.c.src:1469:1: warning: â€˜long_longâ€™ defined but not used [-Wunused-function]
       1469 | @name@_@which@(PyObject *obj)
            | ^~~~~~~~~
      numpy/core/src/scalarmathmodule.c.src:1469:1: warning: â€˜uint_longâ€™ defined but not used [-Wunused-function]
       1469 | @name@_@which@(PyObject *obj)
            | ^~~~~~~~~
      numpy/core/src/scalarmathmodule.c.src:1469:1: warning: â€˜int_longâ€™ defined but not used [-Wunused-function]
       1469 | @name@_@which@(PyObject *obj)
            | ^~~~~~~~
      numpy/core/src/scalarmathmodule.c.src:1469:1: warning: â€˜ushort_longâ€™ defined but not used [-Wunused-function]
       1469 | @name@_@which@(PyObject *obj)
            | ^~~~~~~~~~~
      numpy/core/src/scalarmathmodule.c.src:1469:1: warning: â€˜short_longâ€™ defined but not used [-Wunused-function]
       1469 | @name@_@which@(PyObject *obj)
            | ^~~~~~~~~~
      numpy/core/src/scalarmathmodule.c.src:1469:1: warning: â€˜ubyte_longâ€™ defined but not used [-Wunused-function]
       1469 | @name@_@which@(PyObject *obj)
            | ^~~~~~~~~~
      numpy/core/src/scalarmathmodule.c.src:1469:1: warning: â€˜byte_longâ€™ defined but not used [-Wunused-function]
       1469 | @name@_@which@(PyObject *obj)
            | ^~~~~~~~~
      x86_64-linux-gnu-gcc -pthread -shared -Wl,-O1 -Wl,-Bsymbolic-functions -Wl,-Bsymbolic-functions -Wl,-z,relro -g -fwrapv -O2 -Wl,-Bsymbolic-functions -Wl,-z,relro -g -fwrapv -O2 -g -fstack-protector-strong -Wformat -Werror=format-security -Wdate-time -D_FORTIFY_SOURCE=2 build/temp.linux-x86_64-3.8/build/src.linux-x86_64-3.8/numpy/core/src/scalarmathmodule.o -Lbuild/temp.linux-x86_64-3.8 -lnpymath -lm -o build/lib.linux-x86_64-3.8/numpy/core/scalarmath.cpython-38-x86_64-linux-gnu.so
      building 'numpy.core._dotblas' extension
      compiling C sources
      C compiler: x86_64-linux-gnu-gcc -pthread -Wno-unused-result -Wsign-compare -DNDEBUG -g -fwrapv -O2 -Wall -g -fstack-protector-strong -Wformat -Werror=format-security -g -fwrapv -O2 -g -fstack-protector-strong -Wformat -Werror=format-security -Wdate-time -D_FORTIFY_SOURCE=2 -fPIC
      
      creating build/temp.linux-x86_64-3.8/numpy/core/blasdot
      compile options: '-DNO_ATLAS_INFO=-1 -Inumpy/core/blasdot -Inumpy/core/include -Ibuild/src.linux-x86_64-3.8/numpy/core/include/numpy -Inumpy/core/src/private -Inumpy/core/src -Inumpy/core -Inumpy/core/src/npymath -Inumpy/core/src/multiarray -Inumpy/core/src/umath -Inumpy/core/src/npysort -Inumpy/core/include -I/usr/include/python3.8 -Ibuild/src.linux-x86_64-3.8/numpy/core/src/multiarray -Ibuild/src.linux-x86_64-3.8/numpy/core/src/umath -c'
      x86_64-linux-gnu-gcc: numpy/core/blasdot/_dotblas.c
      numpy/core/blasdot/_dotblas.c:23:13: warning: â€˜module_docâ€™ defined but not used [-Wunused-variable]
         23 | static char module_doc[] =
            |             ^~~~~~~~~~
      x86_64-linux-gnu-gcc -pthread -shared -Wl,-O1 -Wl,-Bsymbolic-functions -Wl,-Bsymbolic-functions -Wl,-z,relro -g -fwrapv -O2 -Wl,-Bsymbolic-functions -Wl,-z,relro -g -fwrapv -O2 -g -fstack-protector-strong -Wformat -Werror=format-security -Wdate-time -D_FORTIFY_SOURCE=2 build/temp.linux-x86_64-3.8/numpy/core/blasdot/_dotblas.o -Lbuild/temp.linux-x86_64-3.8 -lf77blas -lcblas -latlas -o build/lib.linux-x86_64-3.8/numpy/core/_dotblas.cpython-38-x86_64-linux-gnu.so
      building 'numpy.core.umath_tests' extension
      compiling C sources
      C compiler: x86_64-linux-gnu-gcc -pthread -Wno-unused-result -Wsign-compare -DNDEBUG -g -fwrapv -O2 -Wall -g -fstack-protector-strong -Wformat -Werror=format-security -g -fwrapv -O2 -g -fstack-protector-strong -Wformat -Werror=format-security -Wdate-time -D_FORTIFY_SOURCE=2 -fPIC
      
      creating build/temp.linux-x86_64-3.8/build/src.linux-x86_64-3.8/numpy/core/src/umath
      compile options: '-Inumpy/core/include -Ibuild/src.linux-x86_64-3.8/numpy/core/include/numpy -Inumpy/core/src/private -Inumpy/core/src -Inumpy/core -Inumpy/core/src/npymath -Inumpy/core/src/multiarray -Inumpy/core/src/umath -Inumpy/core/src/npysort -Inumpy/core/include -I/usr/include/python3.8 -Ibuild/src.linux-x86_64-3.8/numpy/core/src/multiarray -Ibuild/src.linux-x86_64-3.8/numpy/core/src/umath -c'
      x86_64-linux-gnu-gcc: build/src.linux-x86_64-3.8/numpy/core/src/umath/umath_tests.c
      x86_64-linux-gnu-gcc -pthread -shared -Wl,-O1 -Wl,-Bsymbolic-functions -Wl,-Bsymbolic-functions -Wl,-z,relro -g -fwrapv -O2 -Wl,-Bsymbolic-functions -Wl,-z,relro -g -fwrapv -O2 -g -fstack-protector-strong -Wformat -Werror=format-security -Wdate-time -D_FORTIFY_SOURCE=2 build/temp.linux-x86_64-3.8/build/src.linux-x86_64-3.8/numpy/core/src/umath/umath_tests.o -Lbuild/temp.linux-x86_64-3.8 -o build/lib.linux-x86_64-3.8/numpy/core/umath_tests.cpython-38-x86_64-linux-gnu.so
      building 'numpy.core.multiarray_tests' extension
      compiling C sources
      C compiler: x86_64-linux-gnu-gcc -pthread -Wno-unused-result -Wsign-compare -DNDEBUG -g -fwrapv -O2 -Wall -g -fstack-protector-strong -Wformat -Werror=format-security -g -fwrapv -O2 -g -fstack-protector-strong -Wformat -Werror=format-security -Wdate-time -D_FORTIFY_SOURCE=2 -fPIC
      
      creating build/temp.linux-x86_64-3.8/build/src.linux-x86_64-3.8/numpy/core/src/multiarray
      compile options: '-Inumpy/core/include -Ibuild/src.linux-x86_64-3.8/numpy/core/include/numpy -Inumpy/core/src/private -Inumpy/core/src -Inumpy/core -Inumpy/core/src/npymath -Inumpy/core/src/multiarray -Inumpy/core/src/umath -Inumpy/core/src/npysort -Inumpy/core/include -I/usr/include/python3.8 -Ibuild/src.linux-x86_64-3.8/numpy/core/src/multiarray -Ibuild/src.linux-x86_64-3.8/numpy/core/src/umath -c'
      x86_64-linux-gnu-gcc: build/src.linux-x86_64-3.8/numpy/core/src/multiarray/multiarray_tests.c
      x86_64-linux-gnu-gcc -pthread -shared -Wl,-O1 -Wl,-Bsymbolic-functions -Wl,-Bsymbolic-functions -Wl,-z,relro -g -fwrapv -O2 -Wl,-Bsymbolic-functions -Wl,-z,relro -g -fwrapv -O2 -g -fstack-protector-strong -Wformat -Werror=format-security -Wdate-time -D_FORTIFY_SOURCE=2 build/temp.linux-x86_64-3.8/build/src.linux-x86_64-3.8/numpy/core/src/multiarray/multiarray_tests.o -Lbuild/temp.linux-x86_64-3.8 -o build/lib.linux-x86_64-3.8/numpy/core/multiarray_tests.cpython-38-x86_64-linux-gnu.so
      building 'numpy.lib._compiled_base' extension
      compiling C sources
      C compiler: x86_64-linux-gnu-gcc -pthread -Wno-unused-result -Wsign-compare -DNDEBUG -g -fwrapv -O2 -Wall -g -fstack-protector-strong -Wformat -Werror=format-security -g -fwrapv -O2 -g -fstack-protector-strong -Wformat -Werror=format-security -Wdate-time -D_FORTIFY_SOURCE=2 -fPIC
      
      creating build/temp.linux-x86_64-3.8/numpy/lib
      creating build/temp.linux-x86_64-3.8/numpy/lib/src
      compile options: '-Inumpy/core/include -Ibuild/src.linux-x86_64-3.8/numpy/core/include/numpy -Inumpy/core/src/private -Inumpy/core/src -Inumpy/core -Inumpy/core/src/npymath -Inumpy/core/src/multiarray -Inumpy/core/src/umath -Inumpy/core/src/npysort -Inumpy/core/include -I/usr/include/python3.8 -Ibuild/src.linux-x86_64-3.8/numpy/core/src/multiarray -Ibuild/src.linux-x86_64-3.8/numpy/core/src/umath -c'
      x86_64-linux-gnu-gcc: numpy/lib/src/_compiled_base.c
      x86_64-linux-gnu-gcc -pthread -shared -Wl,-O1 -Wl,-Bsymbolic-functions -Wl,-Bsymbolic-functions -Wl,-z,relro -g -fwrapv -O2 -Wl,-Bsymbolic-functions -Wl,-z,relro -g -fwrapv -O2 -g -fstack-protector-strong -Wformat -Werror=format-security -Wdate-time -D_FORTIFY_SOURCE=2 build/temp.linux-x86_64-3.8/numpy/lib/src/_compiled_base.o -Lbuild/temp.linux-x86_64-3.8 -o build/lib.linux-x86_64-3.8/numpy/lib/_compiled_base.cpython-38-x86_64-linux-gnu.so
      building 'numpy.numarray._capi' extension
      compiling C sources
      C compiler: x86_64-linux-gnu-gcc -pthread -Wno-unused-result -Wsign-compare -DNDEBUG -g -fwrapv -O2 -Wall -g -fstack-protector-strong -Wformat -Werror=format-security -g -fwrapv -O2 -g -fstack-protector-strong -Wformat -Werror=format-security -Wdate-time -D_FORTIFY_SOURCE=2 -fPIC
      
      creating build/temp.linux-x86_64-3.8/numpy/numarray
      compile options: '-Inumpy/core/include -Ibuild/src.linux-x86_64-3.8/numpy/core/include/numpy -Inumpy/core/src/private -Inumpy/core/src -Inumpy/core -Inumpy/core/src/npymath -Inumpy/core/src/multiarray -Inumpy/core/src/umath -Inumpy/core/src/npysort -Inumpy/core/include -I/usr/include/python3.8 -Ibuild/src.linux-x86_64-3.8/numpy/core/src/multiarray -Ibuild/src.linux-x86_64-3.8/numpy/core/src/umath -c'
      x86_64-linux-gnu-gcc: numpy/numarray/_capi.c
      numpy/numarray/_capi.c: In function â€˜NA_OutputArrayâ€™:
      numpy/numarray/_capi.c:1104:42: warning: passing argument 2 of â€˜(int (*)(PyArrayObject *, PyArrayObject *))*(PyArray_API + 2296)â€™ from incompatible pointer type [-Wincompatible-pointer-types]
       1104 |     if (PyArray_SetUpdateIfCopyBase(ret, a) < 0) {
            |                                          ^
            |                                          |
            |                                          PyObject * {aka struct _object *}
      numpy/numarray/_capi.c:1104:42: note: expected â€˜PyArrayObject *â€™ {aka â€˜struct tagPyArrayObject *â€™} but argument is of type â€˜PyObject *â€™ {aka â€˜struct _object *â€™}
      numpy/numarray/_capi.c: In function â€˜NA_IeeeMask32â€™:
      numpy/numarray/_capi.c:3073:17: warning: dereferencing type-punned pointer will break strict-aliasing rules [-Wstrict-aliasing]
       3073 |     UInt32 v = *(UInt32 *) &f;
            |                 ^~~~~~~~~~~~~
      numpy/numarray/_capi.c: In function â€˜NA_IeeeMask64â€™:
      numpy/numarray/_capi.c:3117:17: warning: dereferencing type-punned pointer will break strict-aliasing rules [-Wstrict-aliasing]
       3117 |     UInt64 v = *(UInt64 *) &f;
            |                 ^~~~~~~~~~~~~
      x86_64-linux-gnu-gcc -pthread -shared -Wl,-O1 -Wl,-Bsymbolic-functions -Wl,-Bsymbolic-functions -Wl,-z,relro -g -fwrapv -O2 -Wl,-Bsymbolic-functions -Wl,-z,relro -g -fwrapv -O2 -g -fstack-protector-strong -Wformat -Werror=format-security -Wdate-time -D_FORTIFY_SOURCE=2 build/temp.linux-x86_64-3.8/numpy/numarray/_capi.o -Lbuild/temp.linux-x86_64-3.8 -o build/lib.linux-x86_64-3.8/numpy/numarray/_capi.cpython-38-x86_64-linux-gnu.so
      building 'numpy.fft.fftpack_lite' extension
      compiling C sources
      C compiler: x86_64-linux-gnu-gcc -pthread -Wno-unused-result -Wsign-compare -DNDEBUG -g -fwrapv -O2 -Wall -g -fstack-protector-strong -Wformat -Werror=format-security -g -fwrapv -O2 -g -fstack-protector-strong -Wformat -Werror=format-security -Wdate-time -D_FORTIFY_SOURCE=2 -fPIC
      
      creating build/temp.linux-x86_64-3.8/numpy/fft
      compile options: '-Inumpy/core/include -Ibuild/src.linux-x86_64-3.8/numpy/core/include/numpy -Inumpy/core/src/private -Inumpy/core/src -Inumpy/core -Inumpy/core/src/npymath -Inumpy/core/src/multiarray -Inumpy/core/src/umath -Inumpy/core/src/npysort -Inumpy/core/include -I/usr/include/python3.8 -Ibuild/src.linux-x86_64-3.8/numpy/core/src/multiarray -Ibuild/src.linux-x86_64-3.8/numpy/core/src/umath -c'
      x86_64-linux-gnu-gcc: numpy/fft/fftpack_litemodule.c
      numpy/fft/fftpack_litemodule.c:310:13: warning: â€˜fftpack_module_documentationâ€™ defined but not used [-Wunused-variable]
        310 | static char fftpack_module_documentation[] = "" ;
            |             ^~~~~~~~~~~~~~~~~~~~~~~~~~~~
      x86_64-linux-gnu-gcc: numpy/fft/fftpack.c
      x86_64-linux-gnu-gcc -pthread -shared -Wl,-O1 -Wl,-Bsymbolic-functions -Wl,-Bsymbolic-functions -Wl,-z,relro -g -fwrapv -O2 -Wl,-Bsymbolic-functions -Wl,-z,relro -g -fwrapv -O2 -g -fstack-protector-strong -Wformat -Werror=format-security -Wdate-time -D_FORTIFY_SOURCE=2 build/temp.linux-x86_64-3.8/numpy/fft/fftpack_litemodule.o build/temp.linux-x86_64-3.8/numpy/fft/fftpack.o -Lbuild/temp.linux-x86_64-3.8 -o build/lib.linux-x86_64-3.8/numpy/fft/fftpack_lite.cpython-38-x86_64-linux-gnu.so
      building 'numpy.linalg.lapack_lite' extension
      compiling C sources
      C compiler: x86_64-linux-gnu-gcc -pthread -Wno-unused-result -Wsign-compare -DNDEBUG -g -fwrapv -O2 -Wall -g -fstack-protector-strong -Wformat -Werror=format-security -g -fwrapv -O2 -g -fstack-protector-strong -Wformat -Werror=format-security -Wdate-time -D_FORTIFY_SOURCE=2 -fPIC
      
      creating build/temp.linux-x86_64-3.8/numpy/linalg
      compile options: '-DNO_ATLAS_INFO=-1 -Inumpy/core/include -Ibuild/src.linux-x86_64-3.8/numpy/core/include/numpy -Inumpy/core/src/private -Inumpy/core/src -Inumpy/core -Inumpy/core/src/npymath -Inumpy/core/src/multiarray -Inumpy/core/src/umath -Inumpy/core/src/npysort -Inumpy/core/include -I/usr/include/python3.8 -Ibuild/src.linux-x86_64-3.8/numpy/core/src/multiarray -Ibuild/src.linux-x86_64-3.8/numpy/core/src/umath -c'
      x86_64-linux-gnu-gcc: numpy/linalg/lapack_litemodule.c
      numpy/linalg/lapack_litemodule.c:831:13: warning: â€˜lapack_lite_module_documentationâ€™ defined but not used [-Wunused-variable]
        831 | static char lapack_lite_module_documentation[] = "";
            |             ^~~~~~~~~~~~~~~~~~~~~~~~~~~~~~~~
      x86_64-linux-gnu-gcc: numpy/linalg/python_xerbla.c
      /usr/bin/gfortran -Wall -Wall -shared build/temp.linux-x86_64-3.8/numpy/linalg/lapack_litemodule.o build/temp.linux-x86_64-3.8/numpy/linalg/python_xerbla.o -L/usr/lib/x86_64-linux-gnu -Lbuild/temp.linux-x86_64-3.8 -llapack -lf77blas -lcblas -la[0m[91mtlas -lgfortran -o build/lib.linux-x86_64-3.8/numpy/linalg/lapack_lite.cpython-38-x86_64-linux-gnu.so
      building 'numpy.random.mtrand' extension
      compiling C sources
      C compiler: x86_64-linux-gnu-gcc -pthread -Wno-unused-result -Wsign-compare -DNDEBUG -g -fwrapv -O2 -Wall -g -fstack-protector-strong -Wformat -Werror=format-security -g -fwrapv -O2 -g -fstack-protector-strong -Wformat -Werror=format-security -Wdate-time -D_FORTIFY_SOURCE=2 -fPIC
      
      creating build/temp.linux-x86_64-3.8/numpy/random
      creating build/temp.linux-x86_64-3.8/numpy/random/mtrand
      compile options: '-Inumpy/core/include -Ibuild/src.linux-x86_64-3.8/numpy/core/include/numpy -Inumpy/core/src/private -Inumpy/core/src -Inumpy/core -Inumpy/core/src/npymath -Inumpy/core/src/multiarray -Inumpy/core/src/umath -Inumpy/core/src/npysort -Inumpy/core/include -I/usr/include/python3.8 -Ibuild/src.linux-x86_64-3.8/numpy/core/src/multiarray -Ibuild/src.linux-x86_64-3.8/numpy/core/src/umath -c'
      x86_64-linux-gnu-gcc: numpy/random/mtrand/mtrand.c
      numpy/random/mtrand/mtrand.c: In function â€˜__Pyx_GetExceptionâ€™:
      numpy/random/mtrand/mtrand.c:24524:24: error: â€˜PyThreadStateâ€™ {aka â€˜struct _tsâ€™} has no member named â€˜exc_typeâ€™; did you mean â€˜curexc_typeâ€™?
      24524 |     tmp_type = tstate->exc_type;
            |                        ^~~~~~~~
            |                        curexc_type
      numpy/random/mtrand/mtrand.c:24525:25: error: â€˜PyThreadStateâ€™ {aka â€˜struct _tsâ€™} has no member named â€˜exc_valueâ€™; did you mean â€˜curexc_valueâ€™?
      24525 |     tmp_value = tstate->exc_value;
            |                         ^~~~~~~~~
            |                         curexc_value
      numpy/random/mtrand/mtrand.c:24526:22: error: â€˜PyThreadStateâ€™ {aka â€˜struct _tsâ€™} has no member named â€˜exc_tracebackâ€™; did you mean â€˜curexc_tracebackâ€™?
      24526 |     tmp_tb = tstate->exc_traceback;
            |                      ^~~~~~~~~~~~~
            |                      curexc_traceback
      numpy/random/mtrand/mtrand.c:24527:13: error: â€˜PyThreadStateâ€™ {aka â€˜struct _tsâ€™} has no member named â€˜exc_typeâ€™; did you mean â€˜curexc_typeâ€™?
      24527 |     tstate->exc_type = local_type;
            |             ^~~~~~~~
            |             curexc_type
      numpy/random/mtrand/mtrand.c:24528:13: error: â€˜PyThreadStateâ€™ {aka â€˜struct _tsâ€™} has no member named â€˜exc_valueâ€™; did you mean â€˜curexc_valueâ€™?
      24528 |     tstate->exc_value = local_value;
            |             ^~~~~~~~~
            |             curexc_value
      numpy/random/mtrand/mtrand.c:24529:13: error: â€˜PyThreadStateâ€™ {aka â€˜struct _tsâ€™} has no member named â€˜exc_tracebackâ€™; did you mean â€˜curexc_tracebackâ€™?
      24529 |     tstate->exc_traceback = local_tb;
            |             ^~~~~~~~~~~~~
            |             curexc_traceback
      numpy/random/mtrand/mtrand.c: In function â€˜__Pyx_ExceptionSaveâ€™:
      numpy/random/mtrand/mtrand.c:24603:21: error: â€˜PyThreadStateâ€™ {aka â€˜struct _tsâ€™} has no member named â€˜exc_typeâ€™; did you mean â€˜curexc_typeâ€™?
      24603 |     *type = tstate->exc_type;
            |                     ^~~~~~~~
            |                     curexc_type
      numpy/random/mtrand/mtrand.c:24604:22: error: â€˜PyThreadStateâ€™ {aka â€˜struct _tsâ€™} has no member named â€˜exc_valueâ€™; did you mean â€˜curexc_valueâ€™?
      24604 |     *value = tstate->exc_value;
            |                      ^~~~~~~~~
            |                      curexc_value
      numpy/random/mtrand/mtrand.c:24605:19: error: â€˜PyThreadStateâ€™ {aka â€˜struct _tsâ€™} has no member named â€˜exc_tracebackâ€™; did you mean â€˜curexc_tracebackâ€™?
      24605 |     *tb = tstate->exc_traceback;
            |                   ^~~~~~~~~~~~~
            |                   curexc_traceback
      numpy/random/mtrand/mtrand.c: In function â€˜__Pyx_ExceptionResetâ€™:
      numpy/random/mtrand/mtrand.c:24617:24: error: â€˜PyThreadStateâ€™ {aka â€˜struct _tsâ€™} has no member named â€˜exc_typeâ€™; did you mean â€˜curexc_typeâ€™?
      24617 |     tmp_type = tstate->exc_type;
            |                        ^~~~~~~~
            |                        curexc_type
      numpy/random/mtrand/mtrand.c:24618:25: error: â€˜PyThreadStateâ€™ {aka â€˜struct _tsâ€™} has no member named â€˜exc_valueâ€™; did you mean â€˜curexc_valueâ€™?
      24618 |     tmp_value = tstate->exc_value;
            |                         ^~~~~~~~~
            |                         curexc_value
      numpy/random/mtrand/mtrand.c:24619:22: error: â€˜PyThreadStateâ€™ {aka â€˜struct _tsâ€™} has no member named â€˜exc_tracebackâ€™; did you mean â€˜curexc_tracebackâ€™?
      24619 |     tmp_tb = tstate->exc_traceback;
            |                      ^~~~~~~~~~~~~
            |                      curexc_traceback
      numpy/random/mtrand/mtrand.c:24620:13: error: â€˜PyThreadStateâ€™ {aka â€˜struct _tsâ€™} has no member named â€˜exc_typeâ€™; did you mean â€˜curexc_typeâ€™?
      24620 |     tstate->exc_type = type;
            |             ^~~~~~~~
            |             curexc_type
      numpy/random/mtrand/mtrand.c:24621:13: error: â€˜PyThreadStateâ€™ {aka â€˜struct _tsâ€™} has no member named â€˜exc_valueâ€™; did you mean â€˜curexc_valueâ€™?
      24621 |     tstate->exc_value = value;
            |             ^~~~~~~~~
            |             curexc_value
      numpy/random/mtrand/mtrand.c:24622:13: error: â€˜PyThreadStateâ€™ {aka â€˜struct _tsâ€™} has no member named â€˜exc_tracebackâ€™; did you mean â€˜curexc_tracebackâ€™?
      24622 |     tstate->exc_traceback = tb;
            |             ^~~~~~~~~~~~~
            |             curexc_traceback
      numpy/random/mtrand/mtrand.c: In function Ã¢Â€Â˜__Pyx_GetExceptionÃ¢Â€Â™:
      numpy/random/mtrand/mtrand.c:24524:24: error: Ã¢Â€Â˜PyThreadStateÃ¢Â€Â™ {aka Ã¢Â€Â˜struct _tsÃ¢Â€Â™} has no member named Ã¢Â€Â˜exc_typeÃ¢Â€Â™; did you mean Ã¢Â€Â˜curexc_typeÃ¢Â€Â™?
      24524 |     tmp_type = tstate->exc_type;
            |                        ^~~~~~~~
            |                        curexc_type
      numpy/random/mtrand/mtrand.c:24525:25: error: Ã¢Â€Â˜PyThreadStateÃ¢Â€Â™ {aka Ã¢Â€Â˜struct _tsÃ¢Â€Â™} has no member named Ã¢Â€Â˜exc_valueÃ¢Â€Â™; did you mean Ã¢Â€Â˜curexc_valueÃ¢Â€Â™?
      24525 |     tmp_value = tstate->exc_value;
            |                         ^~~~~~~~~
            |                         curexc_value
      numpy/random/mtrand/mtrand.c:24526:22: error: Ã¢Â€Â˜PyThreadStateÃ¢Â€Â™ {aka Ã¢Â€Â˜struct _tsÃ¢Â€Â™} has no member named Ã¢Â€Â˜exc_tracebackÃ¢Â€Â™; did you mean Ã¢Â€Â˜curexc_tracebackÃ¢Â€Â™?
      24526 |     tmp_tb = tstate->exc_traceback;
            |                      ^~~~~~~~~~~~~
            |                      curexc_traceback
      numpy/random/mtrand/mtrand.c:24527:13: error: Ã¢Â€Â˜PyThreadStateÃ¢Â€Â™ {aka Ã¢Â€Â˜struct _tsÃ¢Â€Â™} has no member named Ã¢Â€Â˜exc_typeÃ¢Â€Â™; did you mean Ã¢Â€Â˜curexc_typeÃ¢Â€Â™?
      24527 |     tstate->exc_type = local_type;
            |             ^~~~~~~~
            |             curexc_type
      numpy/random/mtrand/mtrand.c:24528:13: error: Ã¢Â€Â˜PyThreadStateÃ¢Â€Â™ {aka Ã¢Â€Â˜struct _tsÃ¢Â€Â™} has no member named Ã¢Â€Â˜exc_valueÃ¢Â€Â™; did you mean Ã¢Â€Â˜curexc_valueÃ¢Â€Â™?
      24528 |     tstate->exc_value = local_value;
            |             ^~~~~~~~~
            |             curexc_value
      numpy/random/mtrand/mtrand.c:24529:13: error: Ã¢Â€Â˜PyThreadStateÃ¢Â€Â™ {aka Ã¢Â€Â˜struct _tsÃ¢Â€Â™} has no member named Ã¢Â€Â˜exc_tracebackÃ¢Â€Â™; did you mean Ã¢Â€Â˜curexc_tracebackÃ¢Â€Â™?
      24529 |     tstate->exc_traceback = local_tb;
            |             ^~~~~~~~~~~~~
            |             curexc_traceback
      numpy/random/mtrand/mtrand.c: In function Ã¢Â€Â˜__Pyx_ExceptionSaveÃ¢Â€Â™:
      numpy/random/mtrand/mtrand.c:24603:21: error: Ã¢Â€Â˜PyThreadStateÃ¢Â€Â™ {aka Ã¢Â€Â˜struct _tsÃ¢Â€Â™} has no member named Ã¢Â€Â˜exc_typeÃ¢Â€Â™; did you mean Ã¢Â€Â˜curexc_typeÃ¢Â€Â™?
      24603 |     *type = tstate->exc_type;
            |                     ^~~~~~~~
            |                     curexc_type
      numpy/random/mtrand/mtrand.c:24604:22: error: Ã¢Â€Â˜PyThreadStateÃ¢Â€Â™ {aka Ã¢Â€Â˜struct _tsÃ¢Â€Â™} has no member named Ã¢Â€Â˜exc_valueÃ¢Â€Â™; did you mean Ã¢Â€Â˜curexc_valueÃ¢Â€Â™?
      24604 |     *value = tstate->exc_value;
            |                      ^~~~~~~~~
            |                      curexc_value
      numpy/random/mtrand/mtrand.c:24605:19: error: Ã¢Â€Â˜PyThreadStateÃ¢Â€Â™ {aka Ã¢Â€Â˜struct _tsÃ¢Â€Â™} has no member named Ã¢Â€Â˜exc_tracebackÃ¢Â€Â™; did you mean Ã¢Â€Â˜curexc_tracebackÃ¢Â€Â™?
      24605 |     *tb = tstate->exc_traceback;
            |                   ^~~~~~~~~~~~~
            |                   curexc_traceback
      numpy/random/mtrand/mtrand.c: In function Ã¢Â€Â˜__Pyx_ExceptionResetÃ¢Â€Â™:
      numpy/random/mtrand/mtrand.c:24617:24: error: Ã¢Â€Â˜PyThreadStateÃ¢Â€Â™ {aka Ã¢Â€Â˜struct _tsÃ¢Â€Â™} has no member named Ã¢Â€Â˜exc_typeÃ¢Â€Â™; did you mean Ã¢Â€Â˜curexc_typeÃ¢Â€Â™?
      24617 |     tmp_type = tstate->exc_type;
            |                        ^~~~~~~~
            |                        curexc_type
      numpy/random/mtrand/mtrand.c:24618:25: error: Ã¢Â€Â˜PyThreadStateÃ¢Â€Â™ {aka Ã¢Â€Â˜struct _tsÃ¢Â€Â™} has no member named Ã¢Â€Â˜exc_valueÃ¢Â€Â™; did you mean Ã¢Â€Â˜curexc_valueÃ¢Â€Â™?
      24618 |     tmp_value = tstate->exc_value;
            |                         ^~~~~~~~~
            |                         curexc_value
      numpy/random/mtrand/mtrand.c:24619:22: error: Ã¢Â€Â˜PyThreadStateÃ¢Â€Â™ {aka Ã¢Â€Â˜struct _tsÃ¢Â€Â™} has no member named Ã¢Â€Â˜exc_tracebackÃ¢Â€Â™; did you mean Ã¢Â€Â˜curexc_tracebackÃ¢Â€Â™?
      24619 |     tmp_tb = tstate->exc_traceback;
            |                      ^~~~~~~~~~~~~
            |                      curexc_traceback
      numpy/random/mtrand/mtrand.c:24620:13: error: Ã¢Â€Â˜PyThreadStateÃ¢Â€Â™ {aka Ã¢Â€Â˜struct _tsÃ¢Â€Â™} has no member named Ã¢Â€Â˜exc_typeÃ¢Â€Â™; did you mean Ã¢Â€Â˜curexc_typeÃ¢Â€Â™?
      24620 |     tstate->exc_type = type;
            |             ^~~~~~~~
            |             curexc_type
      numpy/random/mtrand/mtrand.c:24621:13: error: Ã¢Â€Â˜PyThreadStateÃ¢Â€Â™ {aka Ã¢Â€Â˜struct _tsÃ¢Â€Â™} has no member named Ã¢Â€Â˜exc_valueÃ¢Â€Â™; did you mean Ã¢Â€Â˜curexc_valueÃ¢Â€Â™?
      24621 |     tstate->exc_value = value;
            |             ^~~~~~~~~
            |             curexc_value
      numpy/random/mtrand/mtrand.c:24622:13: error: Ã¢Â€Â˜PyThreadStateÃ¢Â€Â™ {aka Ã¢Â€Â˜struct _tsÃ¢Â€Â™} has no member named Ã¢Â€Â˜exc_tracebackÃ¢Â€Â™; did you mean Ã¢Â€Â˜curexc_tracebackÃ¢Â€Â™?
      24622 |     tstate->exc_traceback = tb;
            |             ^~~~~~~~~~~~~
            |             curexc_traceback
      error: Command "x86_64-linux-gnu-gcc -pthread -Wno-unused-result -Wsign-compare -DNDEBUG -g -fwrapv -O2 -Wall -g -fstack-protector-strong -Wformat -Werror=format-security -g -fwrapv -O2 -g -fstack-protector-strong -Wformat -Werror=format-security -Wdate-time -D_FORTIFY_SOURCE=2 -fPIC -Inumpy/core/include -Ibuild/src.linux-x86_64-3.8/numpy/core/include/numpy -Inumpy/core/src/private -Inumpy/core/src -Inumpy/core -Inumpy/core/src/npymath -Inumpy/core/src/multiarray -Inumpy/core/src/umath -Inumpy/core/src/npysort -Inumpy/core/include -I/usr/include/python3.8 -Ibuild/src.linux-x86_64-3.8/numpy/core/src/multiarray -Ibuild/src.linux-x86_64-3.8/numpy/core/src/umath -c numpy/random/mtrand/mtrand.c -o build/temp.linux-x86_64-3.8/numpy/random/mtrand/mtrand.o" failed with exit status 1
      [end of output]
  
  note: This error originates from a subprocess, and is likely not a problem with pip.
[0m  Rolling back uninstall of numpy
  Moving to /usr/bin/f2py3
   from /tmp/pip-uninstall-gx5nv9rv/f2py3
  Moving to /usr/bin/f2py3.8
   from /tmp/pip-uninstall-gx5nv9rv/f2py3.8
  Moving to /usr/local/bin/f2py
   from /tmp/pip-uninstall-bz737b9e/f2py
  Moving to /usr/local/bin/f2py3
   from /tmp/pip-uninstall-bz737b9e/f2py3
  Moving to /usr/local/bin/f2py3.8
   from /tmp/pip-uninstall-bz737b9e/f2py3.8
  Moving to /usr/local/lib/python3.8/dist-packages/numpy-1.23.1.dist-info/
   from /usr/local/lib/python3.8/dist-packages/~umpy-1.23.1.dist-info
  Moving to /usr/local/lib/python3.8/dist-packages/numpy.libs/
   from /usr/local/lib/python3.8/dist-packages/~umpy.libs
  Moving to /usr/local/lib/python3.8/dist-packages/numpy/
   from /usr/local/lib/python3.8/dist-packages/~umpy
[91merror: legacy-install-failure

Ã— Encountered error while trying to install package.
â•°â”€> numpy

note: This is an issue with the package mentioned above, not pip.
hint: See above for output from the failure.
[0m[91m--- Logging error ---
Traceback (most recent call last):
  File "/usr/local/lib/python3.8/dist-packages/pip/_internal/utils/logging.py", line 177, in emit
    self.console.print(renderable, overflow="ignore", crop=False, style=style)
  File "/usr/local/lib/python3.8/dist-packages/pip/_vendor/rich/console.py", line 1673, in print
    extend(render(renderable, render_options))
  File "/usr/local/lib/python3.8/dist-packages/pip/_vendor/rich/console.py", line 1305, in render
    for render_output in iter_render:
  File "/usr/local/lib/python3.8/dist-packages/pip/_internal/utils/logging.py", line 134, in __rich_console__
    for line in lines:
  File "/usr/local/lib/python3.8/dist-packages/pip/_vendor/rich/segment.py", line 249, in split_lines
    for segment in segments:
  File "/usr/local/lib/python3.8/dist-packages/pip/_vendor/rich/console.py", line 1283, in render
    renderable = rich_cast(renderable)
  File "/usr/local/lib/python3.8/dist-packages/pip/_vendor/rich/protocol.py", line 36, in rich_cast
    renderable = cast_method()
  File "/usr/local/lib/python3.8/dist-packages/pip/_internal/self_outdated_check.py", line 130, in __rich__
    pip_cmd = get_best_invocation_for_this_pip()
  File "/usr/local/lib/python3.8/dist-packages/pip/_internal/utils/entrypoints.py", line 58, in get_best_invocation_for_this_pip
    if found_executable and os.path.samefile(
  File "/usr/lib/python3.8/genericpath.py", line 101, in samefile
    s2 = os.stat(f2)
FileNotFoundError: [Errno 2] No such file or directory: '/usr/bin/pip3.8'
Call stack:
  File "/usr/local/bin/pip", line 8, in <module>
    sys.exit(main())
  File "/usr/local/lib/python3.8/dist-packages/pip/_internal/cli/main.py", line 70, in main
    return command.main(cmd_args)
  File "/usr/local/lib/python3.8/dist-packages/pip/_internal/cli/base_command.py", line 101, in main
    return self._main(args)
  File "/usr/local/lib/python3.8/dist-packages/pip/_internal/cli/base_command.py", line 223, in _main
    self.handle_pip_version_check(options)
  File "/usr/local/lib/python3.8/dist-packages/pip/_internal/cli/req_command.py", line 190, in handle_pip_version_check
    pip_self_version_check(session, options)
  File "/usr/local/lib/python3.8/dist-packages/pip/_internal/self_outdated_check.py", line 236, in pip_self_version_check
    logger.warning("[present-rich] %s", upgrade_prompt)
  File "/usr/lib/python3.8/logging/__init__.py", line 1458, in warning
    self._log(WARNING, msg, args, **kwargs)
  File "/usr/lib/python3.8/logging/__init__.py", line 1589, in _log
    self.handle(record)
  File "/usr/lib/python3.8/logging/__init__.py", line 1599, in handle
    self.callHandlers(record)
  File "/usr/lib/python3.8/logging/__init__.py", line 1661, in callHandlers
    hdlr.handle(record)
  File "/usr/lib/python3.8/logging/__init__.py", line 954, in handle
    self.emit(record)
  File "/usr/local/lib/python3.8/dist-packages/pip/_internal/utils/logging.py", line 179, in emit
    self.handleError(record)
Message: '[present-rich] %s'
Arguments: (UpgradePrompt(old='22.2.2', new='22.3'),)
[0m